[0.035s] Invoking command in '/home/siyuen/Desktop/ros2_ws/build/trac_ik_kinematics_plugin': CMAKE_PREFIX_PATH=/home/siyuen/Desktop/ros2_ws/install/trac_ik_lib:/home/siyuen/Desktop/ros2_ws/install/winterhack_interfaces:/home/siyuen/Desktop/ros2_ws/install/trac_ik:/home/siyuen/Desktop/ros2_ws/install/trac_ik_kinematics_plugin:/home/siyuen/Desktop/ros2_ws/install/teb_local_planner:/home/siyuen/Desktop/ros2_ws/install/teb_msgs:/home/siyuen/Desktop/ros2_ws/install/holonomic_sim:/home/siyuen/Desktop/ros2_ws/install/costmap_converter:/home/siyuen/Desktop/ros2_ws/install/costmap_converter_msgs:/home/siyuen/Desktop/ros2_ws/install/winterhack:/home/siyuen/Desktop/ros2_ws/install/robot_gazebo:/home/siyuen/Desktop/ros2_ws/install/landerpi_description:/opt/ros/humble LD_LIBRARY_PATH=/home/siyuen/Desktop/ros2_ws/install/trac_ik_lib/lib:/home/siyuen/Desktop/ros2_ws/install/winterhack_interfaces/lib:/home/siyuen/Desktop/ros2_ws/install/trac_ik_kinematics_plugin/lib:/home/siyuen/Desktop/ros2_ws/install/teb_local_planner/lib:/home/siyuen/Desktop/ros2_ws/install/teb_msgs/lib:/home/siyuen/Desktop/ros2_ws/install/holonomic_sim/lib:/home/siyuen/Desktop/ros2_ws/install/costmap_converter/lib:/home/siyuen/Desktop/ros2_ws/install/costmap_converter_msgs/lib:/opt/ros/humble/opt/rviz_ogre_vendor/lib:/opt/ros/humble/lib/x86_64-linux-gnu:/opt/ros/humble/lib:/tmp/.mount_CursoryptyN0/usr/lib/:/tmp/.mount_CursoryptyN0/usr/lib32/:/tmp/.mount_CursoryptyN0/usr/lib64/:/tmp/.mount_CursoryptyN0/lib/:/tmp/.mount_CursoryptyN0/lib/i386-linux-gnu/:/tmp/.mount_CursoryptyN0/lib/x86_64-linux-gnu/:/tmp/.mount_CursoryptyN0/lib/aarch64-linux-gnu/:/tmp/.mount_CursoryptyN0/lib32/:/tmp/.mount_CursoryptyN0/lib64/ VIRTUAL_ENV_PROMPT=(landerpi) /usr/bin/cmake /home/siyuen/Desktop/ros2_ws/src/trac_ik/trac_ik_kinematics_plugin -DCMAKE_INSTALL_PREFIX=/home/siyuen/Desktop/ros2_ws/install/trac_ik_kinematics_plugin
[0.115s] -- The C compiler identification is GNU 11.4.0
[0.172s] -- The CXX compiler identification is GNU 11.4.0
[0.182s] -- Detecting C compiler ABI info
[0.292s] -- Detecting C compiler ABI info - done
[0.302s] -- Check for working C compiler: /usr/bin/cc - skipped
[0.302s] -- Detecting C compile features
[0.302s] -- Detecting C compile features - done
[0.305s] -- Detecting CXX compiler ABI info
[0.422s] -- Detecting CXX compiler ABI info - done
[0.432s] -- Check for working CXX compiler: /usr/bin/c++ - skipped
[0.433s] -- Detecting CXX compile features
[0.433s] -- Detecting CXX compile features - done
[0.437s] -- Found ament_cmake: 1.3.12 (/opt/ros/humble/share/ament_cmake/cmake)
[0.620s] -- Found Python3: /home/siyuen/.venvs/landerpi/bin/python3 (found version "3.10.12") found components: Interpreter 
[0.698s] -- Found rclcpp: 16.0.16 (/opt/ros/humble/share/rclcpp/cmake)
[0.732s] -- Found rosidl_generator_c: 3.1.7 (/opt/ros/humble/share/rosidl_generator_c/cmake)
[0.737s] -- Found rosidl_adapter: 3.1.7 (/opt/ros/humble/share/rosidl_adapter/cmake)
[0.742s] -- Found rosidl_generator_cpp: 3.1.7 (/opt/ros/humble/share/rosidl_generator_cpp/cmake)
[0.752s] -- Using all available rosidl_typesupport_c: rosidl_typesupport_fastrtps_c;rosidl_typesupport_introspection_c
[0.764s] -- Using all available rosidl_typesupport_cpp: rosidl_typesupport_fastrtps_cpp;rosidl_typesupport_introspection_cpp
[0.798s] -- Found rmw_implementation_cmake: 6.1.2 (/opt/ros/humble/share/rmw_implementation_cmake/cmake)
[0.800s] -- Found rmw_fastrtps_cpp: 6.2.9 (/opt/ros/humble/share/rmw_fastrtps_cpp/cmake)
[0.937s] -- Found OpenSSL: /usr/lib/x86_64-linux-gnu/libcrypto.so (found version "3.0.2")  
[0.980s] -- Found FastRTPS: /opt/ros/humble/include  
[1.039s] -- Using RMW implementation 'rmw_fastrtps_cpp' as default
[1.047s] -- Looking for pthread.h
[1.161s] -- Looking for pthread.h - found
[1.161s] -- Performing Test CMAKE_HAVE_LIBC_PTHREAD
[1.297s] -- Performing Test CMAKE_HAVE_LIBC_PTHREAD - Success
[1.299s] -- Found Threads: TRUE  
[1.369s] -- Found moveit_core: 2.5.9 (/opt/ros/humble/share/moveit_core/cmake)
[1.425s] -- Found Boost: /usr/lib/x86_64-linux-gnu/cmake/Boost-1.74.0/BoostConfig.cmake (found version "1.74.0") found components: chrono date_time filesystem iostreams program_options regex serialization system thread 
[1.489s] -- Found parameter_traits: 0.5.0 (/opt/ros/humble/share/parameter_traits/cmake)
[1.499s] -- Found rclcpp_lifecycle: 16.0.16 (/opt/ros/humble/share/rclcpp_lifecycle/cmake)
[1.518s] -- Found Boost: /usr/lib/x86_64-linux-gnu/cmake/Boost-1.74.0/BoostConfig.cmake (found version "1.74.0") found components: filesystem 
[1.709s] -- library: /usr/lib/x86_64-linux-gnu/libcurl.so
[1.797s] -- Found Eigen3: TRUE (found version "3.4.0") 
[1.797s] -- Ensuring Eigen3 include directory is part of orocos-kdl CMake target
[2.071s] -- Found trac_ik_lib: 2.0.1 (/home/siyuen/Desktop/ros2_ws/install/trac_ik_lib/share/trac_ik_lib/cmake)
[2.138s] -- Configuring done
[2.153s] -- Generating done
[2.158s] -- Build files have been written to: /home/siyuen/Desktop/ros2_ws/build/trac_ik_kinematics_plugin
[2.169s] Invoked command in '/home/siyuen/Desktop/ros2_ws/build/trac_ik_kinematics_plugin' returned '0': CMAKE_PREFIX_PATH=/home/siyuen/Desktop/ros2_ws/install/trac_ik_lib:/home/siyuen/Desktop/ros2_ws/install/winterhack_interfaces:/home/siyuen/Desktop/ros2_ws/install/trac_ik:/home/siyuen/Desktop/ros2_ws/install/trac_ik_kinematics_plugin:/home/siyuen/Desktop/ros2_ws/install/teb_local_planner:/home/siyuen/Desktop/ros2_ws/install/teb_msgs:/home/siyuen/Desktop/ros2_ws/install/holonomic_sim:/home/siyuen/Desktop/ros2_ws/install/costmap_converter:/home/siyuen/Desktop/ros2_ws/install/costmap_converter_msgs:/home/siyuen/Desktop/ros2_ws/install/winterhack:/home/siyuen/Desktop/ros2_ws/install/robot_gazebo:/home/siyuen/Desktop/ros2_ws/install/landerpi_description:/opt/ros/humble LD_LIBRARY_PATH=/home/siyuen/Desktop/ros2_ws/install/trac_ik_lib/lib:/home/siyuen/Desktop/ros2_ws/install/winterhack_interfaces/lib:/home/siyuen/Desktop/ros2_ws/install/trac_ik_kinematics_plugin/lib:/home/siyuen/Desktop/ros2_ws/install/teb_local_planner/lib:/home/siyuen/Desktop/ros2_ws/install/teb_msgs/lib:/home/siyuen/Desktop/ros2_ws/install/holonomic_sim/lib:/home/siyuen/Desktop/ros2_ws/install/costmap_converter/lib:/home/siyuen/Desktop/ros2_ws/install/costmap_converter_msgs/lib:/opt/ros/humble/opt/rviz_ogre_vendor/lib:/opt/ros/humble/lib/x86_64-linux-gnu:/opt/ros/humble/lib:/tmp/.mount_CursoryptyN0/usr/lib/:/tmp/.mount_CursoryptyN0/usr/lib32/:/tmp/.mount_CursoryptyN0/usr/lib64/:/tmp/.mount_CursoryptyN0/lib/:/tmp/.mount_CursoryptyN0/lib/i386-linux-gnu/:/tmp/.mount_CursoryptyN0/lib/x86_64-linux-gnu/:/tmp/.mount_CursoryptyN0/lib/aarch64-linux-gnu/:/tmp/.mount_CursoryptyN0/lib32/:/tmp/.mount_CursoryptyN0/lib64/ VIRTUAL_ENV_PROMPT=(landerpi) /usr/bin/cmake /home/siyuen/Desktop/ros2_ws/src/trac_ik/trac_ik_kinematics_plugin -DCMAKE_INSTALL_PREFIX=/home/siyuen/Desktop/ros2_ws/install/trac_ik_kinematics_plugin
[2.170s] Invoking command in '/home/siyuen/Desktop/ros2_ws/build/trac_ik_kinematics_plugin': CMAKE_PREFIX_PATH=/home/siyuen/Desktop/ros2_ws/install/trac_ik_lib:/home/siyuen/Desktop/ros2_ws/install/winterhack_interfaces:/home/siyuen/Desktop/ros2_ws/install/trac_ik:/home/siyuen/Desktop/ros2_ws/install/trac_ik_kinematics_plugin:/home/siyuen/Desktop/ros2_ws/install/teb_local_planner:/home/siyuen/Desktop/ros2_ws/install/teb_msgs:/home/siyuen/Desktop/ros2_ws/install/holonomic_sim:/home/siyuen/Desktop/ros2_ws/install/costmap_converter:/home/siyuen/Desktop/ros2_ws/install/costmap_converter_msgs:/home/siyuen/Desktop/ros2_ws/install/winterhack:/home/siyuen/Desktop/ros2_ws/install/robot_gazebo:/home/siyuen/Desktop/ros2_ws/install/landerpi_description:/opt/ros/humble LD_LIBRARY_PATH=/home/siyuen/Desktop/ros2_ws/install/trac_ik_lib/lib:/home/siyuen/Desktop/ros2_ws/install/winterhack_interfaces/lib:/home/siyuen/Desktop/ros2_ws/install/trac_ik_kinematics_plugin/lib:/home/siyuen/Desktop/ros2_ws/install/teb_local_planner/lib:/home/siyuen/Desktop/ros2_ws/install/teb_msgs/lib:/home/siyuen/Desktop/ros2_ws/install/holonomic_sim/lib:/home/siyuen/Desktop/ros2_ws/install/costmap_converter/lib:/home/siyuen/Desktop/ros2_ws/install/costmap_converter_msgs/lib:/opt/ros/humble/opt/rviz_ogre_vendor/lib:/opt/ros/humble/lib/x86_64-linux-gnu:/opt/ros/humble/lib:/tmp/.mount_CursoryptyN0/usr/lib/:/tmp/.mount_CursoryptyN0/usr/lib32/:/tmp/.mount_CursoryptyN0/usr/lib64/:/tmp/.mount_CursoryptyN0/lib/:/tmp/.mount_CursoryptyN0/lib/i386-linux-gnu/:/tmp/.mount_CursoryptyN0/lib/x86_64-linux-gnu/:/tmp/.mount_CursoryptyN0/lib/aarch64-linux-gnu/:/tmp/.mount_CursoryptyN0/lib32/:/tmp/.mount_CursoryptyN0/lib64/ VIRTUAL_ENV_PROMPT=(landerpi) /usr/bin/cmake --build /home/siyuen/Desktop/ros2_ws/build/trac_ik_kinematics_plugin -- -j20 -l20
[2.249s] [ 25%] [34m[1mRunning `/opt/ros/humble/bin/generate_parameter_library_cpp /home/siyuen/Desktop/ros2_ws/build/trac_ik_kinematics_plugin/include/trac_ik_kinematics_plugin/trac_ik_kinematics_parameters.hpp /home/siyuen/Desktop/ros2_ws/src/trac_ik/trac_ik_kinematics_plugin/src/trac_ik_kinematics_parameters.yaml `[0m
[2.394s] [ 50%] [34m[1mCreating deprecated header file /home/siyuen/Desktop/ros2_ws/build/trac_ik_kinematics_plugin/include/trac_ik_kinematics_parameters.hpp[0m
[2.430s] [ 50%] Built target trac_ik_kinematics_parameters
[2.471s] [ 75%] [32mBuilding CXX object CMakeFiles/trac_ik_kinematics_plugin.dir/src/trac_ik_kinematics_plugin.cpp.o[0m
[5.052s] In file included from [01m[K/home/siyuen/Desktop/ros2_ws/src/trac_ik/trac_ik_kinematics_plugin/src/trac_ik_kinematics_plugin.cpp:41[m[K:
[5.052s] [01m[K/home/siyuen/Desktop/ros2_ws/build/trac_ik_kinematics_plugin/include/trac_ik_kinematics_parameters.hpp:1:164:[m[K [01;36m[Knote: [m[K‘[01m[K#pragma message: #include "trac_ik_kinematics_parameters.hpp" is deprecated. Use #include <trac_ik_kinematics_plugin/trac_ik_kinematics_parameters.hpp> instead.[m[K’
[5.052s]     1 | is deprecated. Use #include <trac_ik_kinematics_plugin/trac_ik_kinematics_parameters.hpp> instead."[01;36m[K)[m[K
[5.052s]       |                                                                                                    [01;36m[K^[m[K
[5.052s] 
[7.274s] [100%] [32m[1mLinking CXX shared library libtrac_ik_kinematics_plugin.so[0m
[7.507s] [100%] Built target trac_ik_kinematics_plugin
[7.518s] Invoked command in '/home/siyuen/Desktop/ros2_ws/build/trac_ik_kinematics_plugin' returned '0': CMAKE_PREFIX_PATH=/home/siyuen/Desktop/ros2_ws/install/trac_ik_lib:/home/siyuen/Desktop/ros2_ws/install/winterhack_interfaces:/home/siyuen/Desktop/ros2_ws/install/trac_ik:/home/siyuen/Desktop/ros2_ws/install/trac_ik_kinematics_plugin:/home/siyuen/Desktop/ros2_ws/install/teb_local_planner:/home/siyuen/Desktop/ros2_ws/install/teb_msgs:/home/siyuen/Desktop/ros2_ws/install/holonomic_sim:/home/siyuen/Desktop/ros2_ws/install/costmap_converter:/home/siyuen/Desktop/ros2_ws/install/costmap_converter_msgs:/home/siyuen/Desktop/ros2_ws/install/winterhack:/home/siyuen/Desktop/ros2_ws/install/robot_gazebo:/home/siyuen/Desktop/ros2_ws/install/landerpi_description:/opt/ros/humble LD_LIBRARY_PATH=/home/siyuen/Desktop/ros2_ws/install/trac_ik_lib/lib:/home/siyuen/Desktop/ros2_ws/install/winterhack_interfaces/lib:/home/siyuen/Desktop/ros2_ws/install/trac_ik_kinematics_plugin/lib:/home/siyuen/Desktop/ros2_ws/install/teb_local_planner/lib:/home/siyuen/Desktop/ros2_ws/install/teb_msgs/lib:/home/siyuen/Desktop/ros2_ws/install/holonomic_sim/lib:/home/siyuen/Desktop/ros2_ws/install/costmap_converter/lib:/home/siyuen/Desktop/ros2_ws/install/costmap_converter_msgs/lib:/opt/ros/humble/opt/rviz_ogre_vendor/lib:/opt/ros/humble/lib/x86_64-linux-gnu:/opt/ros/humble/lib:/tmp/.mount_CursoryptyN0/usr/lib/:/tmp/.mount_CursoryptyN0/usr/lib32/:/tmp/.mount_CursoryptyN0/usr/lib64/:/tmp/.mount_CursoryptyN0/lib/:/tmp/.mount_CursoryptyN0/lib/i386-linux-gnu/:/tmp/.mount_CursoryptyN0/lib/x86_64-linux-gnu/:/tmp/.mount_CursoryptyN0/lib/aarch64-linux-gnu/:/tmp/.mount_CursoryptyN0/lib32/:/tmp/.mount_CursoryptyN0/lib64/ VIRTUAL_ENV_PROMPT=(landerpi) /usr/bin/cmake --build /home/siyuen/Desktop/ros2_ws/build/trac_ik_kinematics_plugin -- -j20 -l20
[7.519s] Invoking command in '/home/siyuen/Desktop/ros2_ws/build/trac_ik_kinematics_plugin': CMAKE_PREFIX_PATH=/home/siyuen/Desktop/ros2_ws/install/trac_ik_lib:/home/siyuen/Desktop/ros2_ws/install/winterhack_interfaces:/home/siyuen/Desktop/ros2_ws/install/trac_ik:/home/siyuen/Desktop/ros2_ws/install/trac_ik_kinematics_plugin:/home/siyuen/Desktop/ros2_ws/install/teb_local_planner:/home/siyuen/Desktop/ros2_ws/install/teb_msgs:/home/siyuen/Desktop/ros2_ws/install/holonomic_sim:/home/siyuen/Desktop/ros2_ws/install/costmap_converter:/home/siyuen/Desktop/ros2_ws/install/costmap_converter_msgs:/home/siyuen/Desktop/ros2_ws/install/winterhack:/home/siyuen/Desktop/ros2_ws/install/robot_gazebo:/home/siyuen/Desktop/ros2_ws/install/landerpi_description:/opt/ros/humble LD_LIBRARY_PATH=/home/siyuen/Desktop/ros2_ws/install/trac_ik_lib/lib:/home/siyuen/Desktop/ros2_ws/install/winterhack_interfaces/lib:/home/siyuen/Desktop/ros2_ws/install/trac_ik_kinematics_plugin/lib:/home/siyuen/Desktop/ros2_ws/install/teb_local_planner/lib:/home/siyuen/Desktop/ros2_ws/install/teb_msgs/lib:/home/siyuen/Desktop/ros2_ws/install/holonomic_sim/lib:/home/siyuen/Desktop/ros2_ws/install/costmap_converter/lib:/home/siyuen/Desktop/ros2_ws/install/costmap_converter_msgs/lib:/opt/ros/humble/opt/rviz_ogre_vendor/lib:/opt/ros/humble/lib/x86_64-linux-gnu:/opt/ros/humble/lib:/tmp/.mount_CursoryptyN0/usr/lib/:/tmp/.mount_CursoryptyN0/usr/lib32/:/tmp/.mount_CursoryptyN0/usr/lib64/:/tmp/.mount_CursoryptyN0/lib/:/tmp/.mount_CursoryptyN0/lib/i386-linux-gnu/:/tmp/.mount_CursoryptyN0/lib/x86_64-linux-gnu/:/tmp/.mount_CursoryptyN0/lib/aarch64-linux-gnu/:/tmp/.mount_CursoryptyN0/lib32/:/tmp/.mount_CursoryptyN0/lib64/ VIRTUAL_ENV_PROMPT=(landerpi) /usr/bin/cmake --install /home/siyuen/Desktop/ros2_ws/build/trac_ik_kinematics_plugin
[7.528s] -- Install configuration: ""
[7.529s] -- Installing: /home/siyuen/Desktop/ros2_ws/install/trac_ik_kinematics_plugin/include/trac_ik_kinematics_plugin
[7.529s] -- Installing: /home/siyuen/Desktop/ros2_ws/install/trac_ik_kinematics_plugin/include/trac_ik_kinematics_plugin/trac_ik_kinematics_parameters.hpp
[7.529s] -- Up-to-date: /home/siyuen/Desktop/ros2_ws/install/trac_ik_kinematics_plugin/include
[7.529s] -- Installing: /home/siyuen/Desktop/ros2_ws/install/trac_ik_kinematics_plugin/include/trac_ik
[7.529s] -- Installing: /home/siyuen/Desktop/ros2_ws/install/trac_ik_kinematics_plugin/include/trac_ik/trac_ik_kinematics_plugin.hpp
[7.529s] -- Installing: /home/siyuen/Desktop/ros2_ws/install/trac_ik_kinematics_plugin/lib/libtrac_ik_kinematics_plugin.so
[7.530s] -- Set runtime path of "/home/siyuen/Desktop/ros2_ws/install/trac_ik_kinematics_plugin/lib/libtrac_ik_kinematics_plugin.so" to ""
[7.530s] -- Installing: /home/siyuen/Desktop/ros2_ws/install/trac_ik_kinematics_plugin/share/trac_ik_kinematics_plugin/trac_ik_kinematics_description.xml
[7.530s] -- Installing: /home/siyuen/Desktop/ros2_ws/install/trac_ik_kinematics_plugin/share/trac_ik_kinematics_plugin/environment/library_path.sh
[7.530s] -- Installing: /home/siyuen/Desktop/ros2_ws/install/trac_ik_kinematics_plugin/share/trac_ik_kinematics_plugin/environment/library_path.dsv
[7.530s] -- Installing: /home/siyuen/Desktop/ros2_ws/install/trac_ik_kinematics_plugin/share/ament_index/resource_index/package_run_dependencies/trac_ik_kinematics_plugin
[7.530s] -- Installing: /home/siyuen/Desktop/ros2_ws/install/trac_ik_kinematics_plugin/share/ament_index/resource_index/parent_prefix_path/trac_ik_kinematics_plugin
[7.530s] -- Installing: /home/siyuen/Desktop/ros2_ws/install/trac_ik_kinematics_plugin/share/trac_ik_kinematics_plugin/environment/ament_prefix_path.sh
[7.530s] -- Installing: /home/siyuen/Desktop/ros2_ws/install/trac_ik_kinematics_plugin/share/trac_ik_kinematics_plugin/environment/ament_prefix_path.dsv
[7.530s] -- Installing: /home/siyuen/Desktop/ros2_ws/install/trac_ik_kinematics_plugin/share/trac_ik_kinematics_plugin/environment/path.sh
[7.530s] -- Installing: /home/siyuen/Desktop/ros2_ws/install/trac_ik_kinematics_plugin/share/trac_ik_kinematics_plugin/environment/path.dsv
[7.530s] -- Installing: /home/siyuen/Desktop/ros2_ws/install/trac_ik_kinematics_plugin/share/trac_ik_kinematics_plugin/local_setup.bash
[7.531s] -- Installing: /home/siyuen/Desktop/ros2_ws/install/trac_ik_kinematics_plugin/share/trac_ik_kinematics_plugin/local_setup.sh
[7.531s] -- Installing: /home/siyuen/Desktop/ros2_ws/install/trac_ik_kinematics_plugin/share/trac_ik_kinematics_plugin/local_setup.zsh
[7.531s] -- Installing: /home/siyuen/Desktop/ros2_ws/install/trac_ik_kinematics_plugin/share/trac_ik_kinematics_plugin/local_setup.dsv
[7.531s] -- Installing: /home/siyuen/Desktop/ros2_ws/install/trac_ik_kinematics_plugin/share/trac_ik_kinematics_plugin/package.dsv
[7.531s] -- Installing: /home/siyuen/Desktop/ros2_ws/install/trac_ik_kinematics_plugin/share/ament_index/resource_index/packages/trac_ik_kinematics_plugin
[7.531s] -- Installing: /home/siyuen/Desktop/ros2_ws/install/trac_ik_kinematics_plugin/share/ament_index/resource_index/moveit_core__pluginlib__plugin/trac_ik_kinematics_plugin
[7.531s] -- Installing: /home/siyuen/Desktop/ros2_ws/install/trac_ik_kinematics_plugin/share/trac_ik_kinematics_plugin/cmake/export_trac_ik_kinematics_pluginExport.cmake
[7.531s] -- Installing: /home/siyuen/Desktop/ros2_ws/install/trac_ik_kinematics_plugin/share/trac_ik_kinematics_plugin/cmake/export_trac_ik_kinematics_pluginExport-noconfig.cmake
[7.531s] -- Installing: /home/siyuen/Desktop/ros2_ws/install/trac_ik_kinematics_plugin/share/trac_ik_kinematics_plugin/cmake/ament_cmake_export_dependencies-extras.cmake
[7.531s] -- Installing: /home/siyuen/Desktop/ros2_ws/install/trac_ik_kinematics_plugin/share/trac_ik_kinematics_plugin/cmake/ament_cmake_export_libraries-extras.cmake
[7.531s] -- Installing: /home/siyuen/Desktop/ros2_ws/install/trac_ik_kinematics_plugin/share/trac_ik_kinematics_plugin/cmake/ament_cmake_export_targets-extras.cmake
[7.531s] -- Installing: /home/siyuen/Desktop/ros2_ws/install/trac_ik_kinematics_plugin/share/trac_ik_kinematics_plugin/cmake/ament_cmake_export_include_directories-extras.cmake
[7.532s] -- Installing: /home/siyuen/Desktop/ros2_ws/install/trac_ik_kinematics_plugin/share/trac_ik_kinematics_plugin/cmake/trac_ik_kinematics_pluginConfig.cmake
[7.532s] -- Installing: /home/siyuen/Desktop/ros2_ws/install/trac_ik_kinematics_plugin/share/trac_ik_kinematics_plugin/cmake/trac_ik_kinematics_pluginConfig-version.cmake
[7.532s] -- Installing: /home/siyuen/Desktop/ros2_ws/install/trac_ik_kinematics_plugin/share/trac_ik_kinematics_plugin/package.xml
[7.533s] Invoked command in '/home/siyuen/Desktop/ros2_ws/build/trac_ik_kinematics_plugin' returned '0': CMAKE_PREFIX_PATH=/home/siyuen/Desktop/ros2_ws/install/trac_ik_lib:/home/siyuen/Desktop/ros2_ws/install/winterhack_interfaces:/home/siyuen/Desktop/ros2_ws/install/trac_ik:/home/siyuen/Desktop/ros2_ws/install/trac_ik_kinematics_plugin:/home/siyuen/Desktop/ros2_ws/install/teb_local_planner:/home/siyuen/Desktop/ros2_ws/install/teb_msgs:/home/siyuen/Desktop/ros2_ws/install/holonomic_sim:/home/siyuen/Desktop/ros2_ws/install/costmap_converter:/home/siyuen/Desktop/ros2_ws/install/costmap_converter_msgs:/home/siyuen/Desktop/ros2_ws/install/winterhack:/home/siyuen/Desktop/ros2_ws/install/robot_gazebo:/home/siyuen/Desktop/ros2_ws/install/landerpi_description:/opt/ros/humble LD_LIBRARY_PATH=/home/siyuen/Desktop/ros2_ws/install/trac_ik_lib/lib:/home/siyuen/Desktop/ros2_ws/install/winterhack_interfaces/lib:/home/siyuen/Desktop/ros2_ws/install/trac_ik_kinematics_plugin/lib:/home/siyuen/Desktop/ros2_ws/install/teb_local_planner/lib:/home/siyuen/Desktop/ros2_ws/install/teb_msgs/lib:/home/siyuen/Desktop/ros2_ws/install/holonomic_sim/lib:/home/siyuen/Desktop/ros2_ws/install/costmap_converter/lib:/home/siyuen/Desktop/ros2_ws/install/costmap_converter_msgs/lib:/opt/ros/humble/opt/rviz_ogre_vendor/lib:/opt/ros/humble/lib/x86_64-linux-gnu:/opt/ros/humble/lib:/tmp/.mount_CursoryptyN0/usr/lib/:/tmp/.mount_CursoryptyN0/usr/lib32/:/tmp/.mount_CursoryptyN0/usr/lib64/:/tmp/.mount_CursoryptyN0/lib/:/tmp/.mount_CursoryptyN0/lib/i386-linux-gnu/:/tmp/.mount_CursoryptyN0/lib/x86_64-linux-gnu/:/tmp/.mount_CursoryptyN0/lib/aarch64-linux-gnu/:/tmp/.mount_CursoryptyN0/lib32/:/tmp/.mount_CursoryptyN0/lib64/ VIRTUAL_ENV_PROMPT=(landerpi) /usr/bin/cmake --install /home/siyuen/Desktop/ros2_ws/build/trac_ik_kinematics_plugin
