/home/siyuen/Desktop/ros2_ws/install/landerpi_description/lib/python3.10/site-packages/landerpi_description/__init__.py
/home/siyuen/Desktop/ros2_ws/install/landerpi_description/lib/python3.10/site-packages/landerpi_description/__pycache__/__init__.cpython-310.pyc
/home/siyuen/Desktop/ros2_ws/install/landerpi_description/share/ament_index/resource_index/packages/landerpi_description
/home/siyuen/Desktop/ros2_ws/install/landerpi_description/share/landerpi_description/package.xml
/home/siyuen/Desktop/ros2_ws/install/landerpi_description/share/landerpi_description/launch/rviz.launch.py
/home/siyuen/Desktop/ros2_ws/install/landerpi_description/share/landerpi_description/launch/robot_description.launch.py
/home/siyuen/Desktop/ros2_ws/install/landerpi_description/share/landerpi_description/launch/display.launch.py
/home/siyuen/Desktop/ros2_ws/install/landerpi_description/share/landerpi_description/urdf/landerpi.xacro
/home/siyuen/Desktop/ros2_ws/install/landerpi_description/share/landerpi_description/urdf/ack.xacro
/home/siyuen/Desktop/ros2_ws/install/landerpi_description/share/landerpi_description/urdf/gripper.urdf.xacro
/home/siyuen/Desktop/ros2_ws/install/landerpi_description/share/landerpi_description/urdf/lidar.urdf.xacro
/home/siyuen/Desktop/ros2_ws/install/landerpi_description/share/landerpi_description/urdf/inertial_matrix.xacro
/home/siyuen/Desktop/ros2_ws/install/landerpi_description/share/landerpi_description/urdf/arm.urdf.xacro
/home/siyuen/Desktop/ros2_ws/install/landerpi_description/share/landerpi_description/urdf/imu.urdf.xacro
/home/siyuen/Desktop/ros2_ws/install/landerpi_description/share/landerpi_description/urdf/tank.xacro
/home/siyuen/Desktop/ros2_ws/install/landerpi_description/share/landerpi_description/urdf/mecanum.xacro
/home/siyuen/Desktop/ros2_ws/install/landerpi_description/share/landerpi_description/urdf/materials.xacro
/home/siyuen/Desktop/ros2_ws/install/landerpi_description/share/landerpi_description/rviz/view.rviz
/home/siyuen/Desktop/ros2_ws/install/landerpi_description/share/landerpi_description/meshes/acker/lidar_link.STL
/home/siyuen/Desktop/ros2_ws/install/landerpi_description/share/landerpi_description/meshes/acker/wheel_rf_Link.STL
/home/siyuen/Desktop/ros2_ws/install/landerpi_description/share/landerpi_description/meshes/acker/imu_link.STL
/home/siyuen/Desktop/ros2_ws/install/landerpi_description/share/landerpi_description/meshes/acker/back_shell_middle_link.STL
/home/siyuen/Desktop/ros2_ws/install/landerpi_description/share/landerpi_description/meshes/acker/back_shell_black_link.STL
/home/siyuen/Desktop/ros2_ws/install/landerpi_description/share/landerpi_description/meshes/acker/wheel_rb_Link.STL
/home/siyuen/Desktop/ros2_ws/install/landerpi_description/share/landerpi_description/meshes/acker/wheel_lf_Link.STL
/home/siyuen/Desktop/ros2_ws/install/landerpi_description/share/landerpi_description/meshes/acker/wheel_lb_Link.STL
/home/siyuen/Desktop/ros2_ws/install/landerpi_description/share/landerpi_description/meshes/acker/base_link.stl
/home/siyuen/Desktop/ros2_ws/install/landerpi_description/share/landerpi_description/meshes/mecanum/lidar_link.STL
/home/siyuen/Desktop/ros2_ws/install/landerpi_description/share/landerpi_description/meshes/mecanum/imu_link.STL
/home/siyuen/Desktop/ros2_ws/install/landerpi_description/share/landerpi_description/meshes/mecanum/back_shell_middle_link.STL
/home/siyuen/Desktop/ros2_ws/install/landerpi_description/share/landerpi_description/meshes/mecanum/wheel_left_front_link.STL
/home/siyuen/Desktop/ros2_ws/install/landerpi_description/share/landerpi_description/meshes/mecanum/back_shell_black_link.STL
/home/siyuen/Desktop/ros2_ws/install/landerpi_description/share/landerpi_description/meshes/mecanum/wheel_right_front_link.STL
/home/siyuen/Desktop/ros2_ws/install/landerpi_description/share/landerpi_description/meshes/mecanum/base_link.STL
/home/siyuen/Desktop/ros2_ws/install/landerpi_description/share/landerpi_description/meshes/mecanum/wheel_right_back_link.STL
/home/siyuen/Desktop/ros2_ws/install/landerpi_description/share/landerpi_description/meshes/mecanum/wheel_left_back_link.STL
/home/siyuen/Desktop/ros2_ws/install/landerpi_description/share/landerpi_description/meshes/tank/lidar_link.STL
/home/siyuen/Desktop/ros2_ws/install/landerpi_description/share/landerpi_description/meshes/tank/imu_link.STL
/home/siyuen/Desktop/ros2_ws/install/landerpi_description/share/landerpi_description/meshes/tank/back_shell_middle_link.STL
/home/siyuen/Desktop/ros2_ws/install/landerpi_description/share/landerpi_description/meshes/tank/back_shell_black_link.STL
/home/siyuen/Desktop/ros2_ws/install/landerpi_description/share/landerpi_description/meshes/tank/base_link.STL
/home/siyuen/Desktop/ros2_ws/install/landerpi_description/share/landerpi_description/meshes/gripper/guide_rod_link.STL
/home/siyuen/Desktop/ros2_ws/install/landerpi_description/share/landerpi_description/meshes/gripper/gripper_right_link.STL
/home/siyuen/Desktop/ros2_ws/install/landerpi_description/share/landerpi_description/meshes/gripper/gripper_left_link.STL
/home/siyuen/Desktop/ros2_ws/install/landerpi_description/share/landerpi_description/meshes/gripper/gripper_base_link.STL
/home/siyuen/Desktop/ros2_ws/install/landerpi_description/share/landerpi_description/meshes/gripper/left_jaw_link.STL
/home/siyuen/Desktop/ros2_ws/install/landerpi_description/share/landerpi_description/meshes/gripper/right_jaw_link.STL
/home/siyuen/Desktop/ros2_ws/install/landerpi_description/share/landerpi_description/meshes/arm/depth_cam_link.STL
/home/siyuen/Desktop/ros2_ws/install/landerpi_description/share/landerpi_description/meshes/arm/link2.STL
/home/siyuen/Desktop/ros2_ws/install/landerpi_description/share/landerpi_description/meshes/arm/gripper_link.STL
/home/siyuen/Desktop/ros2_ws/install/landerpi_description/share/landerpi_description/meshes/arm/link1.STL
/home/siyuen/Desktop/ros2_ws/install/landerpi_description/share/landerpi_description/meshes/arm/camera_connect_link.STL
/home/siyuen/Desktop/ros2_ws/install/landerpi_description/share/landerpi_description/meshes/arm/link3.STL
/home/siyuen/Desktop/ros2_ws/install/landerpi_description/share/landerpi_description/meshes/arm/link4.STL
/home/siyuen/Desktop/ros2_ws/install/landerpi_description/share/landerpi_description/meshes/arm/link5.STL
/home/siyuen/Desktop/ros2_ws/install/landerpi_description/share/landerpi_description/meshes/mecanum_old
/home/siyuen/Desktop/ros2_ws/install/landerpi_description/lib/python3.10/site-packages/landerpi_description-0.0.0-py3.10.egg-info/SOURCES.txt
/home/siyuen/Desktop/ros2_ws/install/landerpi_description/lib/python3.10/site-packages/landerpi_description-0.0.0-py3.10.egg-info/entry_points.txt
/home/siyuen/Desktop/ros2_ws/install/landerpi_description/lib/python3.10/site-packages/landerpi_description-0.0.0-py3.10.egg-info/zip-safe
/home/siyuen/Desktop/ros2_ws/install/landerpi_description/lib/python3.10/site-packages/landerpi_description-0.0.0-py3.10.egg-info/requires.txt
/home/siyuen/Desktop/ros2_ws/install/landerpi_description/lib/python3.10/site-packages/landerpi_description-0.0.0-py3.10.egg-info/dependency_links.txt
/home/siyuen/Desktop/ros2_ws/install/landerpi_description/lib/python3.10/site-packages/landerpi_description-0.0.0-py3.10.egg-info/top_level.txt
/home/siyuen/Desktop/ros2_ws/install/landerpi_description/lib/python3.10/site-packages/landerpi_description-0.0.0-py3.10.egg-info/PKG-INFO
