running egg_info
creating ../../build/winterhack/winterhack.egg-info
writing ../../build/winterhack/winterhack.egg-info/PKG-INFO
writing dependency_links to ../../build/winterhack/winterhack.egg-info/dependency_links.txt
writing entry points to ../../build/winterhack/winterhack.egg-info/entry_points.txt
writing requirements to ../../build/winterhack/winterhack.egg-info/requires.txt
writing top-level names to ../../build/winterhack/winterhack.egg-info/top_level.txt
writing manifest file '../../build/winterhack/winterhack.egg-info/SOURCES.txt'
reading manifest file '../../build/winterhack/winterhack.egg-info/SOURCES.txt'
writing manifest file '../../build/winterhack/winterhack.egg-info/SOURCES.txt'
running build
running build_py
creating /home/siyuen/Desktop/ros2_ws/build/winterhack/build
creating /home/siyuen/Desktop/ros2_ws/build/winterhack/build/lib
creating /home/siyuen/Desktop/ros2_ws/build/winterhack/build/lib/winterhack
copying winterhack/locate.py -> /home/siyuen/Desktop/ros2_ws/build/winterhack/build/lib/winterhack
copying winterhack/detect.py -> /home/siyuen/Desktop/ros2_ws/build/winterhack/build/lib/winterhack
copying winterhack/moveit2_client.py -> /home/siyuen/Desktop/ros2_ws/build/winterhack/build/lib/winterhack
copying winterhack/drop.py -> /home/siyuen/Desktop/ros2_ws/build/winterhack/build/lib/winterhack
copying winterhack/gripper_client.py -> /home/siyuen/Desktop/ros2_ws/build/winterhack/build/lib/winterhack
copying winterhack/pick.py -> /home/siyuen/Desktop/ros2_ws/build/winterhack/build/lib/winterhack
copying winterhack/mission_runner.py -> /home/siyuen/Desktop/ros2_ws/build/winterhack/build/lib/winterhack
copying winterhack/__init__.py -> /home/siyuen/Desktop/ros2_ws/build/winterhack/build/lib/winterhack
running install
running install_lib
creating /home/siyuen/Desktop/ros2_ws/install/winterhack/lib/python3.10/site-packages/winterhack
copying /home/siyuen/Desktop/ros2_ws/build/winterhack/build/lib/winterhack/locate.py -> /home/siyuen/Desktop/ros2_ws/install/winterhack/lib/python3.10/site-packages/winterhack
copying /home/siyuen/Desktop/ros2_ws/build/winterhack/build/lib/winterhack/detect.py -> /home/siyuen/Desktop/ros2_ws/install/winterhack/lib/python3.10/site-packages/winterhack
copying /home/siyuen/Desktop/ros2_ws/build/winterhack/build/lib/winterhack/moveit2_client.py -> /home/siyuen/Desktop/ros2_ws/install/winterhack/lib/python3.10/site-packages/winterhack
copying /home/siyuen/Desktop/ros2_ws/build/winterhack/build/lib/winterhack/drop.py -> /home/siyuen/Desktop/ros2_ws/install/winterhack/lib/python3.10/site-packages/winterhack
copying /home/siyuen/Desktop/ros2_ws/build/winterhack/build/lib/winterhack/gripper_client.py -> /home/siyuen/Desktop/ros2_ws/install/winterhack/lib/python3.10/site-packages/winterhack
copying /home/siyuen/Desktop/ros2_ws/build/winterhack/build/lib/winterhack/pick.py -> /home/siyuen/Desktop/ros2_ws/install/winterhack/lib/python3.10/site-packages/winterhack
copying /home/siyuen/Desktop/ros2_ws/build/winterhack/build/lib/winterhack/mission_runner.py -> /home/siyuen/Desktop/ros2_ws/install/winterhack/lib/python3.10/site-packages/winterhack
copying /home/siyuen/Desktop/ros2_ws/build/winterhack/build/lib/winterhack/__init__.py -> /home/siyuen/Desktop/ros2_ws/install/winterhack/lib/python3.10/site-packages/winterhack
byte-compiling /home/siyuen/Desktop/ros2_ws/install/winterhack/lib/python3.10/site-packages/winterhack/locate.py to locate.cpython-310.pyc
byte-compiling /home/siyuen/Desktop/ros2_ws/install/winterhack/lib/python3.10/site-packages/winterhack/detect.py to detect.cpython-310.pyc
byte-compiling /home/siyuen/Desktop/ros2_ws/install/winterhack/lib/python3.10/site-packages/winterhack/moveit2_client.py to moveit2_client.cpython-310.pyc
byte-compiling /home/siyuen/Desktop/ros2_ws/install/winterhack/lib/python3.10/site-packages/winterhack/drop.py to drop.cpython-310.pyc
byte-compiling /home/siyuen/Desktop/ros2_ws/install/winterhack/lib/python3.10/site-packages/winterhack/gripper_client.py to gripper_client.cpython-310.pyc
byte-compiling /home/siyuen/Desktop/ros2_ws/install/winterhack/lib/python3.10/site-packages/winterhack/pick.py to pick.cpython-310.pyc
byte-compiling /home/siyuen/Desktop/ros2_ws/install/winterhack/lib/python3.10/site-packages/winterhack/mission_runner.py to mission_runner.cpython-310.pyc
byte-compiling /home/siyuen/Desktop/ros2_ws/install/winterhack/lib/python3.10/site-packages/winterhack/__init__.py to __init__.cpython-310.pyc
running install_data
creating /home/siyuen/Desktop/ros2_ws/install/winterhack/share/ament_index
creating /home/siyuen/Desktop/ros2_ws/install/winterhack/share/ament_index/resource_index
creating /home/siyuen/Desktop/ros2_ws/install/winterhack/share/ament_index/resource_index/packages
copying resource/winterhack -> /home/siyuen/Desktop/ros2_ws/install/winterhack/share/ament_index/resource_index/packages
copying package.xml -> /home/siyuen/Desktop/ros2_ws/install/winterhack/share/winterhack
copying .setup_assistant -> /home/siyuen/Desktop/ros2_ws/install/winterhack/share/winterhack
creating /home/siyuen/Desktop/ros2_ws/install/winterhack/share/winterhack/launch
copying launch/navigation.launch.py -> /home/siyuen/Desktop/ros2_ws/install/winterhack/share/winterhack/launch
copying launch/moveit.launch.py -> /home/siyuen/Desktop/ros2_ws/install/winterhack/share/winterhack/launch
copying launch/slam.launch.py -> /home/siyuen/Desktop/ros2_ws/install/winterhack/share/winterhack/launch
copying launch/winterhack.launch.py -> /home/siyuen/Desktop/ros2_ws/install/winterhack/share/winterhack/launch
copying launch/localization.launch.py -> /home/siyuen/Desktop/ros2_ws/install/winterhack/share/winterhack/launch
creating /home/siyuen/Desktop/ros2_ws/install/winterhack/share/winterhack/config
copying config/pilz_cartesian_limits.yaml -> /home/siyuen/Desktop/ros2_ws/install/winterhack/share/winterhack/config
copying config/initial_positions.yaml -> /home/siyuen/Desktop/ros2_ws/install/winterhack/share/winterhack/config
copying config/rosmentor.ros2_control.xacro -> /home/siyuen/Desktop/ros2_ws/install/winterhack/share/winterhack/config
copying config/nav2_params_exploration.yaml -> /home/siyuen/Desktop/ros2_ws/install/winterhack/share/winterhack/config
copying config/sensors_3d.yaml -> /home/siyuen/Desktop/ros2_ws/install/winterhack/share/winterhack/config
copying config/slam.yaml -> /home/siyuen/Desktop/ros2_ws/install/winterhack/share/winterhack/config
copying config/rosmentor.srdf -> /home/siyuen/Desktop/ros2_ws/install/winterhack/share/winterhack/config
copying config/ros2_controllers.yaml -> /home/siyuen/Desktop/ros2_ws/install/winterhack/share/winterhack/config
copying config/joint_limits.yaml -> /home/siyuen/Desktop/ros2_ws/install/winterhack/share/winterhack/config
copying config/rosmentor.urdf.xacro -> /home/siyuen/Desktop/ros2_ws/install/winterhack/share/winterhack/config
copying config/rosmentor.urdf -> /home/siyuen/Desktop/ros2_ws/install/winterhack/share/winterhack/config
copying config/colors.yaml -> /home/siyuen/Desktop/ros2_ws/install/winterhack/share/winterhack/config
copying config/moveit_controllers.yaml -> /home/siyuen/Desktop/ros2_ws/install/winterhack/share/winterhack/config
copying config/kinematics.yaml -> /home/siyuen/Desktop/ros2_ws/install/winterhack/share/winterhack/config
creating /home/siyuen/Desktop/ros2_ws/install/winterhack/share/winterhack/rviz
copying rviz/moveit.rviz -> /home/siyuen/Desktop/ros2_ws/install/winterhack/share/winterhack/rviz
copying rviz/nav_nav2.rviz -> /home/siyuen/Desktop/ros2_ws/install/winterhack/share/winterhack/rviz
copying rviz/nav_moveit.rviz -> /home/siyuen/Desktop/ros2_ws/install/winterhack/share/winterhack/rviz
creating /home/siyuen/Desktop/ros2_ws/install/winterhack/share/winterhack/urdf
copying urdf/robot.gazebo.xacro -> /home/siyuen/Desktop/ros2_ws/install/winterhack/share/winterhack/urdf
creating /home/siyuen/Desktop/ros2_ws/install/winterhack/share/winterhack/maps
copying maps/map_01.pgm -> /home/siyuen/Desktop/ros2_ws/install/winterhack/share/winterhack/maps
copying maps/map_01.yaml -> /home/siyuen/Desktop/ros2_ws/install/winterhack/share/winterhack/maps
running install_egg_info
Copying ../../build/winterhack/winterhack.egg-info to /home/siyuen/Desktop/ros2_ws/install/winterhack/lib/python3.10/site-packages/winterhack-0.0.0-py3.10.egg-info
running install_scripts
Installing detect script to /home/siyuen/Desktop/ros2_ws/install/winterhack/lib/winterhack
Installing drop script to /home/siyuen/Desktop/ros2_ws/install/winterhack/lib/winterhack
Installing locate script to /home/siyuen/Desktop/ros2_ws/install/winterhack/lib/winterhack
Installing mission_runner script to /home/siyuen/Desktop/ros2_ws/install/winterhack/lib/winterhack
Installing pick script to /home/siyuen/Desktop/ros2_ws/install/winterhack/lib/winterhack
writing list of installed files to '/home/siyuen/Desktop/ros2_ws/build/winterhack/install.log'
