[0.000000] (-) TimerEvent: {}
[0.000166] (-) JobUnselected: {'identifier': 'costmap_converter'}
[0.000521] (-) JobUnselected: {'identifier': 'costmap_converter_msgs'}
[0.000665] (-) JobUnselected: {'identifier': 'holonomic_sim'}
[0.000693] (-) JobUnselected: {'identifier': 'landerpi_description'}
[0.000762] (-) JobUnselected: {'identifier': 'robot_gazebo'}
[0.000794] (-) JobUnselected: {'identifier': 'teb_local_planner'}
[0.000820] (-) JobUnselected: {'identifier': 'teb_msgs'}
[0.000888] (-) JobUnselected: {'identifier': 'trac_ik'}
[0.000919] (-) JobUnselected: {'identifier': 'trac_ik_kinematics_plugin'}
[0.000960] (-) JobUnselected: {'identifier': 'trac_ik_lib'}
[0.001040] (-) JobUnselected: {'identifier': 'winterhack_interfaces'}
[0.001071] (winterhack) JobQueued: {'identifier': 'winterhack', 'dependencies': OrderedDict([('landerpi_description', '/home/siyuen/Desktop/ros2_ws/install/landerpi_description'), ('winterhack_interfaces', '/home/siyuen/Desktop/ros2_ws/install/winterhack_interfaces')])}
[0.001140] (winterhack) JobStarted: {'identifier': 'winterhack'}
[0.099813] (-) TimerEvent: {}
[0.200024] (-) TimerEvent: {}
[0.300260] (-) TimerEvent: {}
[0.400457] (-) TimerEvent: {}
[0.500626] (-) TimerEvent: {}
[0.600807] (-) TimerEvent: {}
[0.627932] (winterhack) Command: {'cmd': ['/usr/bin/python3', '-W', 'ignore:setup.py install is deprecated', '-W', 'ignore:easy_install command is deprecated', 'setup.py', 'develop', '--editable', '--build-directory', '/home/siyuen/Desktop/ros2_ws/build/winterhack/build', '--no-deps', 'symlink_data'], 'cwd': '/home/siyuen/Desktop/ros2_ws/build/winterhack', 'env': {'GJS_DEBUG_TOPICS': 'JS ERROR;JS LOG', 'LESSOPEN': '| /usr/bin/lesspipe %s', 'VSCODE_CWD': '/home/siyuen', 'VSCODE_ESM_ENTRYPOINT': 'vs/workbench/api/node/extensionHostProcess', 'LANGUAGE': 'zh_CN:en', 'USER': 'siyuen', 'LC_TIME': 'zh_CN.UTF-8', 'VSCODE_NLS_CONFIG': '{"userLocale":"zh-cn","osLocale":"zh-cn","resolvedLanguage":"en","defaultMessagesFile":"/tmp/.mount_Cursor6w0sxX/usr/share/cursor/resources/app/out/nls.messages.json","locale":"zh-cn","availableLanguages":{}}', 'VSCODE_HANDLES_UNCAUGHT_ERRORS': 'true', 'XDG_SESSION_TYPE': 'x11', 'MACHINE_TYPE': 'LanderPi_Mecanum', 'SHLVL': '2', 'LD_LIBRARY_PATH': '/home/siyuen/Desktop/ros2_ws/install/winterhack_interfaces/lib:/home/siyuen/Desktop/ros2_ws/install/trac_ik_kinematics_plugin/lib:/home/siyuen/Desktop/ros2_ws/install/trac_ik_lib/lib:/home/siyuen/Desktop/ros2_ws/install/teb_local_planner/lib:/home/siyuen/Desktop/ros2_ws/install/teb_msgs/lib:/home/siyuen/Desktop/ros2_ws/install/holonomic_sim/lib:/home/siyuen/Desktop/ros2_ws/install/costmap_converter/lib:/home/siyuen/Desktop/ros2_ws/install/costmap_converter_msgs/lib:/opt/ros/humble/opt/rviz_ogre_vendor/lib:/opt/ros/humble/lib/x86_64-linux-gnu:/opt/ros/humble/lib:/tmp/.mount_Cursor6w0sxX/usr/lib/:/tmp/.mount_Cursor6w0sxX/usr/lib32/:/tmp/.mount_Cursor6w0sxX/usr/lib64/:/tmp/.mount_Cursor6w0sxX/lib/:/tmp/.mount_Cursor6w0sxX/lib/i386-linux-gnu/:/tmp/.mount_Cursor6w0sxX/lib/x86_64-linux-gnu/:/tmp/.mount_Cursor6w0sxX/lib/aarch64-linux-gnu/:/tmp/.mount_Cursor6w0sxX/lib32/:/tmp/.mount_Cursor6w0sxX/lib64/', 'HOME': '/home/siyuen', 'CHROME_DESKTOP': 'cursor.desktop', 'APPDIR': '/tmp/.mount_Cursor6w0sxX', 'OLDPWD': '/home/siyuen/Desktop/ros2_ws', 'DESKTOP_SESSION': 'ubuntu', 'PERLLIB': '/tmp/.mount_Cursor6w0sxX/usr/share/perl5/:/tmp/.mount_Cursor6w0sxX/usr/lib/perl5/:', 'VSCODE_IPC_HOOK': '/run/user/1000/vscode-1b4dea62-2.1.-main.sock', 'ROS_PYTHON_VERSION': '3', 'GNOME_SHELL_SESSION_MODE': 'ubuntu', 'GTK_MODULES': 'gail:atk-bridge', 'PS1': '(landerpi) ${debian_chroot:+($debian_chroot)}\\u@\\h:\\w\\$', 'LC_MONETARY': 'zh_CN.UTF-8', 'MANAGERPID': '1687', 'SYSTEMD_EXEC_PID': '2007', 'NO_COLOR': '1', 'DBUS_SESSION_BUS_ADDRESS': 'unix:path=/run/user/1000/bus', 'VSCODE_CRASH_REPORTER_PROCESS_TYPE': 'extensionHost', 'VSCODE_L10N_BUNDLE_LOCATION': '', 'COLCON_PREFIX_PATH': '/home/siyuen/Desktop/ros2_ws/install', 'ROS_DISTRO': 'humble', 'GTK_IM_MODULE': 'fcitx', 'LOGNAME': 'siyuen', 'FORCE_COLOR': '0', 'IGN_GUI_PLUGIN_PATH': '/home/siyuen/Desktop/ros2_ws/install/holonomic_sim/lib', 'OWD': '/home/siyuen', 'JOURNAL_STREAM': '8:8619', '_': '/usr/bin/colcon', 'ROS_VERSION': '2', 'XDG_SESSION_CLASS': 'user', 'USERNAME': 'siyuen', 'TERM': 'dumb', 'GNOME_DESKTOP_SESSION_ID': 'this-is-deprecated', 'ROS_LOCALHOST_ONLY': '0', 'COMPOSER_NO_INTERACTION': '1', 'WINDOWPATH': '2', 'PATH': '/home/siyuen/.venvs/landerpi/bin:/home/siyuen/Desktop/ros2_ws/install/costmap_converter/bin:/home/siyuen/.venvs/landerpi/bin:/opt/ros/humble/bin:/tmp/.mount_Cursor6w0sxX/usr/bin/:/tmp/.mount_Cursor6w0sxX/usr/sbin/:/tmp/.mount_Cursor6w0sxX/usr/games/:/tmp/.mount_Cursor6w0sxX/bin/:/tmp/.mount_Cursor6w0sxX/sbin/:/usr/local/sbin:/usr/local/bin:/usr/sbin:/usr/bin:/sbin:/bin:/usr/games:/usr/local/games:/snap/bin:/snap/bin', 'SESSION_MANAGER': 'local/siyuen-ASUS:@/tmp/.ICE-unix/1979,unix/siyuen-ASUS:/tmp/.ICE-unix/1979', 'INVOCATION_ID': 'a04dabcdb0834f8ab75a96aa8865d888', 'PAPERSIZE': 'a4', 'APPIMAGE': '/home/siyuen/Applications/Cursor.AppImage', 'XDG_MENU_PREFIX': 'gnome-', 'LC_ADDRESS': 'zh_CN.UTF-8', 'VSCODE_PROCESS_TITLE': 'extension-host  [1-1]', 'XDG_RUNTIME_DIR': '/run/user/1000', 'GDK_BACKEND': 'x11', 'CURSOR_AGENT': '1', 'DISPLAY': ':1', 'LANG': 'zh_CN.UTF-8', 'XDG_CURRENT_DESKTOP': 'Unity', 'LC_TELEPHONE': 'zh_CN.UTF-8', 'VIRTUAL_ENV_PROMPT': '(landerpi)', 'XMODIFIERS': '@im=fcitx', 'XDG_SESSION_DESKTOP': 'ubuntu', 'XAUTHORITY': '/run/user/1000/gdm/Xauthority', 'LS_COLORS': '', 'CURSOR_TRACE_ID': '02624f6f5cff4556b4c4cc2f75ffa5c3', 'SSH_AGENT_LAUNCHER': 'gnome-keyring', 'SSH_AUTH_SOCK': '/run/user/1000/keyring/ssh', 'GSETTINGS_SCHEMA_DIR': '/tmp/.mount_Cursor6w0sxX/usr/share/glib-2.0/schemas/:', 'AMENT_PREFIX_PATH': '/home/siyuen/Desktop/ros2_ws/install/landerpi_description:/home/siyuen/Desktop/ros2_ws/install/winterhack:/home/siyuen/Desktop/ros2_ws/install/winterhack_interfaces:/home/siyuen/Desktop/ros2_ws/install/trac_ik:/home/siyuen/Desktop/ros2_ws/install/trac_ik_kinematics_plugin:/home/siyuen/Desktop/ros2_ws/install/trac_ik_lib:/home/siyuen/Desktop/ros2_ws/install/teb_local_planner:/home/siyuen/Desktop/ros2_ws/install/teb_msgs:/home/siyuen/Desktop/ros2_ws/install/robot_gazebo:/home/siyuen/Desktop/ros2_ws/install/holonomic_sim:/home/siyuen/Desktop/ros2_ws/install/costmap_converter:/home/siyuen/Desktop/ros2_ws/install/costmap_converter_msgs:/opt/ros/humble', 'ORIGINAL_XDG_CURRENT_DESKTOP': 'ubuntu:GNOME', 'SHELL': '/bin/bash', 'IGN_GAZEBO_SYSTEM_PLUGIN_PATH': '/home/siyuen/Desktop/ros2_ws/install/holonomic_sim/lib', 'LC_NAME': 'zh_CN.UTF-8', 'ARGV0': '/home/siyuen/Applications/Cursor.AppImage', 'QT_ACCESSIBILITY': '1', 'GDMSESSION': 'ubuntu', 'LESSCLOSE': '/usr/bin/lesspipe %s %s', 'LC_MEASUREMENT': 'zh_CN.UTF-8', 'GPG_AGENT_INFO': '/run/user/1000/gnupg/S.gpg-agent:0:1', 'GJS_DEBUG_OUTPUT': 'stderr', 'LC_IDENTIFICATION': 'zh_CN.UTF-8', 'VIRTUAL_ENV': '/home/siyuen/.venvs/landerpi', 'QT_IM_MODULE': 'fcitx', 'PWD': '/home/siyuen/Desktop/ros2_ws/build/winterhack', 'LC_ALL': 'en_US.UTF-8', 'XDG_CONFIG_DIRS': '/etc/xdg/xdg-ubuntu:/etc/xdg', 'VSCODE_CODE_CACHE_PATH': '/home/siyuen/.config/Cursor/CachedData/60d42bed27e5775c43ec0428d8c653c49e58e260', 'XDG_DATA_DIRS': '/tmp/.mount_Cursor6w0sxX/usr/share/:/usr/local/share:/usr/share:/usr/share/ubuntu:/usr/share/gnome:/home/siyuen/.local/share/flatpak/exports/share:/var/lib/flatpak/exports/share:/usr/local/share/:/usr/share/:/var/lib/snapd/desktop', 'PYTHONPATH': '/home/siyuen/Desktop/ros2_ws/build/winterhack/prefix_override:/usr/lib/python3/dist-packages/colcon_core/task/python/colcon_distutils_commands:/home/siyuen/Desktop/ros2_ws/install/winterhack/lib/python3.10/site-packages:/home/siyuen/Desktop/ros2_ws/install/winterhack_interfaces/lib/python3.10/site-packages:/home/siyuen/Desktop/ros2_ws/install/landerpi_description/lib/python3.10/site-packages:/home/siyuen/Desktop/ros2_ws/install/winterhack/lib/python3.10/site-packages:/home/siyuen/Desktop/ros2_ws/install/teb_msgs/lib/python3.10/site-packages:/home/siyuen/Desktop/ros2_ws/build/robot_gazebo:/home/siyuen/Desktop/ros2_ws/install/robot_gazebo/lib/python3.10/site-packages:/home/siyuen/Desktop/ros2_ws/install/costmap_converter_msgs/lib/python3.10/site-packages:/opt/ros/humble/lib/python3.10/site-packages:/opt/ros/humble/local/lib/python3.10/dist-packages', 'LC_NUMERIC': 'zh_CN.UTF-8', 'LC_PAPER': 'zh_CN.UTF-8', 'QT_PLUGIN_PATH': '/tmp/.mount_Cursor6w0sxX/usr/lib/qt4/plugins/:/tmp/.mount_Cursor6w0sxX/usr/lib/i386-linux-gnu/qt4/plugins/:/tmp/.mount_Cursor6w0sxX/usr/lib/x86_64-linux-gnu/qt4/plugins/:/tmp/.mount_Cursor6w0sxX/usr/lib/aarch64-linux-gnu/qt4/plugins/:/tmp/.mount_Cursor6w0sxX/usr/lib32/qt4/plugins/:/tmp/.mount_Cursor6w0sxX/usr/lib64/qt4/plugins/:/tmp/.mount_Cursor6w0sxX/usr/lib/qt5/plugins/:/tmp/.mount_Cursor6w0sxX/usr/lib/i386-linux-gnu/qt5/plugins/:/tmp/.mount_Cursor6w0sxX/usr/lib/x86_64-linux-gnu/qt5/plugins/:/tmp/.mount_Cursor6w0sxX/usr/lib/aarch64-linux-gnu/qt5/plugins/:/tmp/.mount_Cursor6w0sxX/usr/lib32/qt5/plugins/:/tmp/.mount_Cursor6w0sxX/usr/lib64/qt5/plugins/:', 'COLCON': '1', '_ZO_DOCTOR': '0', 'CMAKE_PREFIX_PATH': '/home/siyuen/Desktop/ros2_ws/install/winterhack_interfaces:/home/siyuen/Desktop/ros2_ws/install/trac_ik:/home/siyuen/Desktop/ros2_ws/install/trac_ik_kinematics_plugin:/home/siyuen/Desktop/ros2_ws/install/trac_ik_lib:/home/siyuen/Desktop/ros2_ws/install/teb_local_planner:/home/siyuen/Desktop/ros2_ws/install/teb_msgs:/home/siyuen/Desktop/ros2_ws/install/holonomic_sim:/home/siyuen/Desktop/ros2_ws/install/costmap_converter:/home/siyuen/Desktop/ros2_ws/install/costmap_converter_msgs', 'ROS2_WS': '/home/siyuen/Desktop/ros2_ws', 'VSCODE_PID': '3827'}, 'shell': False}
[0.700914] (-) TimerEvent: {}
[0.801094] (-) TimerEvent: {}
[0.872919] (winterhack) StdoutLine: {'line': b'running develop\n'}
[0.901169] (-) TimerEvent: {}
[1.001341] (-) TimerEvent: {}
[1.004589] (winterhack) StdoutLine: {'line': b'running egg_info\n'}
[1.004855] (winterhack) StdoutLine: {'line': b'writing winterhack.egg-info/PKG-INFO\n'}
[1.005072] (winterhack) StdoutLine: {'line': b'writing dependency_links to winterhack.egg-info/dependency_links.txt\n'}
[1.005484] (winterhack) StdoutLine: {'line': b'writing entry points to winterhack.egg-info/entry_points.txt\n'}
[1.005595] (winterhack) StdoutLine: {'line': b'writing requirements to winterhack.egg-info/requires.txt\n'}
[1.005648] (winterhack) StdoutLine: {'line': b'writing top-level names to winterhack.egg-info/top_level.txt\n'}
[1.007016] (winterhack) StdoutLine: {'line': b"reading manifest file 'winterhack.egg-info/SOURCES.txt'\n"}
[1.008935] (winterhack) StdoutLine: {'line': b"writing manifest file 'winterhack.egg-info/SOURCES.txt'\n"}
[1.010008] (winterhack) StdoutLine: {'line': b'running build_ext\n'}
[1.010278] (winterhack) StdoutLine: {'line': b'Creating /home/siyuen/Desktop/ros2_ws/install/winterhack/lib/python3.10/site-packages/winterhack.egg-link (link to .)\n'}
[1.010791] (winterhack) StdoutLine: {'line': b'Installing detect script to /home/siyuen/Desktop/ros2_ws/install/winterhack/lib/winterhack\n'}
[1.010917] (winterhack) StdoutLine: {'line': b'Installing drop script to /home/siyuen/Desktop/ros2_ws/install/winterhack/lib/winterhack\n'}
[1.011014] (winterhack) StdoutLine: {'line': b'Installing locate script to /home/siyuen/Desktop/ros2_ws/install/winterhack/lib/winterhack\n'}
[1.011101] (winterhack) StdoutLine: {'line': b'Installing mission_runner script to /home/siyuen/Desktop/ros2_ws/install/winterhack/lib/winterhack\n'}
[1.011421] (winterhack) StdoutLine: {'line': b'Installing pick script to /home/siyuen/Desktop/ros2_ws/install/winterhack/lib/winterhack\n'}
[1.011544] (winterhack) StdoutLine: {'line': b'\n'}
[1.011642] (winterhack) StdoutLine: {'line': b'Installed /home/siyuen/Desktop/ros2_ws/build/winterhack\n'}
[1.011746] (winterhack) StdoutLine: {'line': b'running symlink_data\n'}
[1.036361] (winterhack) CommandEnded: {'returncode': 0}
[1.051574] (winterhack) JobEnded: {'identifier': 'winterhack', 'rc': 0}
[1.052154] (-) EventReactorShutdown: {}
