-- The C compiler identification is GNU 11.4.0
-- The CXX compiler identification is GNU 11.4.0
-- Detecting C compiler ABI info
-- Detecting C compiler ABI info - done
-- Check for working C compiler: /usr/bin/cc - skipped
-- Detecting C compile features
-- Detecting C compile features - done
-- Detecting CXX compiler ABI info
-- Detecting CXX compiler ABI info - done
-- Check for working CXX compiler: /usr/bin/c++ - skipped
-- Detecting CXX compile features
-- Detecting CXX compile features - done
-- Found ament_cmake: 1.3.12 (/opt/ros/humble/share/ament_cmake/cmake)
-- Found Python3: /home/siyuen/.venvs/landerpi/bin/python3 (found version "3.10.12") found components: Interpreter 
-- Found rosidl_default_generators: 1.2.0 (/opt/ros/humble/share/rosidl_default_generators/cmake)
-- Using all available rosidl_typesupport_c: rosidl_typesupport_fastrtps_c;rosidl_typesupport_introspection_c
-- Found rosidl_adapter: 3.1.7 (/opt/ros/humble/share/rosidl_adapter/cmake)
-- Using all available rosidl_typesupport_cpp: rosidl_typesupport_fastrtps_cpp;rosidl_typesupport_introspection_cpp
-- Found ament_cmake_ros: 0.10.0 (/opt/ros/humble/share/ament_cmake_ros/cmake)
-- Using all available rosidl_typesupport_c: rosidl_typesupport_fastrtps_c;rosidl_typesupport_introspection_c
-- Using all available rosidl_typesupport_cpp: rosidl_typesupport_fastrtps_cpp;rosidl_typesupport_introspection_cpp
-- Found PythonInterp: /home/siyuen/.venvs/landerpi/bin/python3 (found suitable version "3.10.12", minimum required is "3.6") 
-- Found python_cmake_module: 0.10.0 (/opt/ros/humble/share/python_cmake_module/cmake)
-- Found PythonLibs: /usr/lib/x86_64-linux-gnu/libpython3.10.so (found suitable version "3.10.12", minimum required is "3.5") 
-- Using PYTHON_EXECUTABLE: /home/siyuen/.venvs/landerpi/bin/python3
-- Using PYTHON_INCLUDE_DIRS: /usr/include/python3.10
-- Using PYTHON_LIBRARIES: /usr/lib/x86_64-linux-gnu/libpython3.10.so
-- Found PythonExtra: .so  
-- Configuring done
-- Generating done
-- Build files have been written to: /home/siyuen/Desktop/ros2_ws/build/winterhack_interfaces
[  2%] [34m[1mGenerating C code for ROS interfaces[0m
[  4%] [34m[1mGenerating C++ code for ROS interfaces[0m
[  4%] Built target ament_cmake_python_copy_winterhack_interfaces
running egg_info
creating winterhack_interfaces.egg-info
writing winterhack_interfaces.egg-info/PKG-INFO
writing dependency_links to winterhack_interfaces.egg-info/dependency_links.txt
writing top-level names to winterhack_interfaces.egg-info/top_level.txt
writing manifest file 'winterhack_interfaces.egg-info/SOURCES.txt'
reading manifest file 'winterhack_interfaces.egg-info/SOURCES.txt'
writing manifest file 'winterhack_interfaces.egg-info/SOURCES.txt'
[  4%] Built target ament_cmake_python_build_winterhack_interfaces_egg
[  6%] [32mBuilding C object CMakeFiles/winterhack_interfaces__rosidl_generator_c.dir/rosidl_generator_c/winterhack_interfaces/action/detail/pick__functions.c.o[0m
[  8%] [32mBuilding C object CMakeFiles/winterhack_interfaces__rosidl_generator_c.dir/rosidl_generator_c/winterhack_interfaces/action/detail/locate__functions.c.o[0m
[ 10%] [32mBuilding C object CMakeFiles/winterhack_interfaces__rosidl_generator_c.dir/rosidl_generator_c/winterhack_interfaces/action/detail/drop__functions.c.o[0m
[ 12%] [32m[1mLinking C shared library libwinterhack_interfaces__rosidl_generator_c.so[0m
[ 12%] Built target winterhack_interfaces__rosidl_generator_c
[ 12%] Built target winterhack_interfaces__cpp
[ 14%] [34m[1mGenerating C type support for eProsima Fast-RTPS[0m
[ 17%] [34m[1mGenerating C introspection for ROS interfaces[0m
[ 19%] [34m[1mGenerating C type support dispatch for ROS interfaces[0m
[ 21%] [34m[1mGenerating C++ type support for eProsima Fast-RTPS[0m
[ 23%] [34m[1mGenerating C++ introspection for ROS interfaces[0m
[ 25%] [34m[1mGenerating C++ type support dispatch for ROS interfaces[0m
[ 27%] [32mBuilding CXX object CMakeFiles/winterhack_interfaces__rosidl_typesupport_cpp.dir/rosidl_typesupport_cpp/winterhack_interfaces/action/pick__type_support.cpp.o[0m
[ 31%] [32mBuilding CXX object CMakeFiles/winterhack_interfaces__rosidl_typesupport_cpp.dir/rosidl_typesupport_cpp/winterhack_interfaces/action/drop__type_support.cpp.o[0m
[ 31%] [32mBuilding CXX object CMakeFiles/winterhack_interfaces__rosidl_typesupport_cpp.dir/rosidl_typesupport_cpp/winterhack_interfaces/action/locate__type_support.cpp.o[0m
[ 34%] [32mBuilding CXX object CMakeFiles/winterhack_interfaces__rosidl_typesupport_c.dir/rosidl_typesupport_c/winterhack_interfaces/action/locate__type_support.cpp.o[0m
[ 36%] [32mBuilding CXX object CMakeFiles/winterhack_interfaces__rosidl_typesupport_c.dir/rosidl_typesupport_c/winterhack_interfaces/action/drop__type_support.cpp.o[0m
[ 38%] [32mBuilding CXX object CMakeFiles/winterhack_interfaces__rosidl_typesupport_c.dir/rosidl_typesupport_c/winterhack_interfaces/action/pick__type_support.cpp.o[0m
[ 40%] [32m[1mLinking CXX shared library libwinterhack_interfaces__rosidl_typesupport_c.so[0m
[ 42%] [32mBuilding CXX object CMakeFiles/winterhack_interfaces__rosidl_typesupport_fastrtps_cpp.dir/rosidl_typesupport_fastrtps_cpp/winterhack_interfaces/action/detail/dds_fastrtps/drop__type_support.cpp.o[0m
[ 44%] [32mBuilding CXX object CMakeFiles/winterhack_interfaces__rosidl_typesupport_fastrtps_cpp.dir/rosidl_typesupport_fastrtps_cpp/winterhack_interfaces/action/detail/dds_fastrtps/pick__type_support.cpp.o[0m
[ 46%] [32mBuilding CXX object CMakeFiles/winterhack_interfaces__rosidl_typesupport_fastrtps_c.dir/rosidl_typesupport_fastrtps_c/winterhack_interfaces/action/detail/drop__type_support_c.cpp.o[0m
[ 48%] [32mBuilding CXX object CMakeFiles/winterhack_interfaces__rosidl_typesupport_fastrtps_cpp.dir/rosidl_typesupport_fastrtps_cpp/winterhack_interfaces/action/detail/dds_fastrtps/locate__type_support.cpp.o[0m
[ 51%] [32mBuilding CXX object CMakeFiles/winterhack_interfaces__rosidl_typesupport_fastrtps_c.dir/rosidl_typesupport_fastrtps_c/winterhack_interfaces/action/detail/pick__type_support_c.cpp.o[0m
[ 53%] [32mBuilding CXX object CMakeFiles/winterhack_interfaces__rosidl_typesupport_fastrtps_c.dir/rosidl_typesupport_fastrtps_c/winterhack_interfaces/action/detail/locate__type_support_c.cpp.o[0m
[ 55%] [32mBuilding CXX object CMakeFiles/winterhack_interfaces__rosidl_typesupport_introspection_cpp.dir/rosidl_typesupport_introspection_cpp/winterhack_interfaces/action/detail/locate__type_support.cpp.o[0m
[ 57%] [32mBuilding CXX object CMakeFiles/winterhack_interfaces__rosidl_typesupport_introspection_cpp.dir/rosidl_typesupport_introspection_cpp/winterhack_interfaces/action/detail/pick__type_support.cpp.o[0m
[ 59%] [32mBuilding CXX object CMakeFiles/winterhack_interfaces__rosidl_typesupport_introspection_cpp.dir/rosidl_typesupport_introspection_cpp/winterhack_interfaces/action/detail/drop__type_support.cpp.o[0m
[ 59%] Built target winterhack_interfaces__rosidl_typesupport_c
[ 61%] [32mBuilding C object CMakeFiles/winterhack_interfaces__rosidl_typesupport_introspection_c.dir/rosidl_typesupport_introspection_c/winterhack_interfaces/action/detail/drop__type_support.c.o[0m
[ 63%] [32mBuilding C object CMakeFiles/winterhack_interfaces__rosidl_typesupport_introspection_c.dir/rosidl_typesupport_introspection_c/winterhack_interfaces/action/detail/locate__type_support.c.o[0m
[ 65%] [32mBuilding C object CMakeFiles/winterhack_interfaces__rosidl_typesupport_introspection_c.dir/rosidl_typesupport_introspection_c/winterhack_interfaces/action/detail/pick__type_support.c.o[0m
[ 68%] [32m[1mLinking CXX shared library libwinterhack_interfaces__rosidl_typesupport_cpp.so[0m
[ 70%] [32m[1mLinking C shared library libwinterhack_interfaces__rosidl_typesupport_introspection_c.so[0m
[ 70%] Built target winterhack_interfaces__rosidl_typesupport_cpp
[ 70%] Built target winterhack_interfaces__rosidl_typesupport_introspection_c
[ 72%] [32m[1mLinking CXX shared library libwinterhack_interfaces__rosidl_typesupport_fastrtps_c.so[0m
[ 72%] Built target winterhack_interfaces__rosidl_typesupport_fastrtps_c
[ 74%] [32m[1mLinking CXX shared library libwinterhack_interfaces__rosidl_typesupport_introspection_cpp.so[0m
[ 76%] [32m[1mLinking CXX shared library libwinterhack_interfaces__rosidl_typesupport_fastrtps_cpp.so[0m
[ 76%] Built target winterhack_interfaces__rosidl_typesupport_fastrtps_cpp
[ 76%] Built target winterhack_interfaces__rosidl_typesupport_introspection_cpp
[ 76%] Built target winterhack_interfaces
[ 78%] [34m[1mGenerating Python code for ROS interfaces[0m
[ 78%] Built target winterhack_interfaces__py
[ 80%] [32mBuilding C object CMakeFiles/winterhack_interfaces__rosidl_generator_py.dir/rosidl_generator_py/winterhack_interfaces/action/_locate_s.c.o[0m
[ 82%] [32mBuilding C object CMakeFiles/winterhack_interfaces__rosidl_generator_py.dir/rosidl_generator_py/winterhack_interfaces/action/_drop_s.c.o[0m
[ 85%] [32mBuilding C object CMakeFiles/winterhack_interfaces__rosidl_generator_py.dir/rosidl_generator_py/winterhack_interfaces/action/_pick_s.c.o[0m
[ 87%] [32m[1mLinking C shared library rosidl_generator_py/winterhack_interfaces/libwinterhack_interfaces__rosidl_generator_py.so[0m
[ 87%] Built target winterhack_interfaces__rosidl_generator_py
[ 91%] [32mBuilding C object CMakeFiles/winterhack_interfaces__rosidl_typesupport_introspection_c__pyext.dir/rosidl_generator_py/winterhack_interfaces/_winterhack_interfaces_s.ep.rosidl_typesupport_introspection_c.c.o[0m
[ 91%] [32mBuilding C object CMakeFiles/winterhack_interfaces__rosidl_typesupport_c__pyext.dir/rosidl_generator_py/winterhack_interfaces/_winterhack_interfaces_s.ep.rosidl_typesupport_c.c.o[0m
[ 93%] [32mBuilding C object CMakeFiles/winterhack_interfaces__rosidl_typesupport_fastrtps_c__pyext.dir/rosidl_generator_py/winterhack_interfaces/_winterhack_interfaces_s.ep.rosidl_typesupport_fastrtps_c.c.o[0m
[ 95%] [32m[1mLinking C shared library rosidl_generator_py/winterhack_interfaces/winterhack_interfaces_s__rosidl_typesupport_fastrtps_c.cpython-310-x86_64-linux-gnu.so[0m
[ 97%] [32m[1mLinking C shared library rosidl_generator_py/winterhack_interfaces/winterhack_interfaces_s__rosidl_typesupport_c.cpython-310-x86_64-linux-gnu.so[0m
[100%] [32m[1mLinking C shared library rosidl_generator_py/winterhack_interfaces/winterhack_interfaces_s__rosidl_typesupport_introspection_c.cpython-310-x86_64-linux-gnu.so[0m
[100%] Built target winterhack_interfaces__rosidl_typesupport_fastrtps_c__pyext
[100%] Built target winterhack_interfaces__rosidl_typesupport_c__pyext
[100%] Built target winterhack_interfaces__rosidl_typesupport_introspection_c__pyext
-- Install configuration: ""
-- Installing: /home/siyuen/Desktop/ros2_ws/install/winterhack_interfaces/share/ament_index/resource_index/rosidl_interfaces/winterhack_interfaces
-- Installing: /home/siyuen/Desktop/ros2_ws/install/winterhack_interfaces/include/winterhack_interfaces/winterhack_interfaces
-- Installing: /home/siyuen/Desktop/ros2_ws/install/winterhack_interfaces/include/winterhack_interfaces/winterhack_interfaces/action
-- Installing: /home/siyuen/Desktop/ros2_ws/install/winterhack_interfaces/include/winterhack_interfaces/winterhack_interfaces/action/pick.h
-- Installing: /home/siyuen/Desktop/ros2_ws/install/winterhack_interfaces/include/winterhack_interfaces/winterhack_interfaces/action/locate.h
-- Installing: /home/siyuen/Desktop/ros2_ws/install/winterhack_interfaces/include/winterhack_interfaces/winterhack_interfaces/action/detail
-- Installing: /home/siyuen/Desktop/ros2_ws/install/winterhack_interfaces/include/winterhack_interfaces/winterhack_interfaces/action/detail/locate__struct.h
-- Installing: /home/siyuen/Desktop/ros2_ws/install/winterhack_interfaces/include/winterhack_interfaces/winterhack_interfaces/action/detail/pick__functions.c
-- Installing: /home/siyuen/Desktop/ros2_ws/install/winterhack_interfaces/include/winterhack_interfaces/winterhack_interfaces/action/detail/drop__functions.h
-- Installing: /home/siyuen/Desktop/ros2_ws/install/winterhack_interfaces/include/winterhack_interfaces/winterhack_interfaces/action/detail/locate__type_support.h
-- Installing: /home/siyuen/Desktop/ros2_ws/install/winterhack_interfaces/include/winterhack_interfaces/winterhack_interfaces/action/detail/drop__functions.c
-- Installing: /home/siyuen/Desktop/ros2_ws/install/winterhack_interfaces/include/winterhack_interfaces/winterhack_interfaces/action/detail/drop__type_support.h
-- Installing: /home/siyuen/Desktop/ros2_ws/install/winterhack_interfaces/include/winterhack_interfaces/winterhack_interfaces/action/detail/locate__functions.c
-- Installing: /home/siyuen/Desktop/ros2_ws/install/winterhack_interfaces/include/winterhack_interfaces/winterhack_interfaces/action/detail/pick__functions.h
-- Installing: /home/siyuen/Desktop/ros2_ws/install/winterhack_interfaces/include/winterhack_interfaces/winterhack_interfaces/action/detail/drop__struct.h
-- Installing: /home/siyuen/Desktop/ros2_ws/install/winterhack_interfaces/include/winterhack_interfaces/winterhack_interfaces/action/detail/pick__struct.h
-- Installing: /home/siyuen/Desktop/ros2_ws/install/winterhack_interfaces/include/winterhack_interfaces/winterhack_interfaces/action/detail/locate__functions.h
-- Installing: /home/siyuen/Desktop/ros2_ws/install/winterhack_interfaces/include/winterhack_interfaces/winterhack_interfaces/action/detail/pick__type_support.h
-- Installing: /home/siyuen/Desktop/ros2_ws/install/winterhack_interfaces/include/winterhack_interfaces/winterhack_interfaces/action/drop.h
-- Installing: /home/siyuen/Desktop/ros2_ws/install/winterhack_interfaces/include/winterhack_interfaces/winterhack_interfaces/msg
-- Installing: /home/siyuen/Desktop/ros2_ws/install/winterhack_interfaces/include/winterhack_interfaces/winterhack_interfaces/msg/rosidl_generator_c__visibility_control.h
-- Installing: /home/siyuen/Desktop/ros2_ws/install/winterhack_interfaces/share/winterhack_interfaces/environment/library_path.sh
-- Installing: /home/siyuen/Desktop/ros2_ws/install/winterhack_interfaces/share/winterhack_interfaces/environment/library_path.dsv
-- Installing: /home/siyuen/Desktop/ros2_ws/install/winterhack_interfaces/lib/libwinterhack_interfaces__rosidl_generator_c.so
-- Set runtime path of "/home/siyuen/Desktop/ros2_ws/install/winterhack_interfaces/lib/libwinterhack_interfaces__rosidl_generator_c.so" to ""
-- Up-to-date: /home/siyuen/Desktop/ros2_ws/install/winterhack_interfaces/include/winterhack_interfaces/winterhack_interfaces
-- Up-to-date: /home/siyuen/Desktop/ros2_ws/install/winterhack_interfaces/include/winterhack_interfaces/winterhack_interfaces/action
-- Up-to-date: /home/siyuen/Desktop/ros2_ws/install/winterhack_interfaces/include/winterhack_interfaces/winterhack_interfaces/action/detail
-- Installing: /home/siyuen/Desktop/ros2_ws/install/winterhack_interfaces/include/winterhack_interfaces/winterhack_interfaces/action/detail/drop__rosidl_typesupport_fastrtps_c.h
-- Installing: /home/siyuen/Desktop/ros2_ws/install/winterhack_interfaces/include/winterhack_interfaces/winterhack_interfaces/action/detail/locate__rosidl_typesupport_fastrtps_c.h
-- Installing: /home/siyuen/Desktop/ros2_ws/install/winterhack_interfaces/include/winterhack_interfaces/winterhack_interfaces/action/detail/pick__rosidl_typesupport_fastrtps_c.h
-- Up-to-date: /home/siyuen/Desktop/ros2_ws/install/winterhack_interfaces/include/winterhack_interfaces/winterhack_interfaces/msg
-- Installing: /home/siyuen/Desktop/ros2_ws/install/winterhack_interfaces/include/winterhack_interfaces/winterhack_interfaces/msg/rosidl_typesupport_fastrtps_c__visibility_control.h
-- Installing: /home/siyuen/Desktop/ros2_ws/install/winterhack_interfaces/lib/libwinterhack_interfaces__rosidl_typesupport_fastrtps_c.so
-- Set runtime path of "/home/siyuen/Desktop/ros2_ws/install/winterhack_interfaces/lib/libwinterhack_interfaces__rosidl_typesupport_fastrtps_c.so" to ""
-- Up-to-date: /home/siyuen/Desktop/ros2_ws/install/winterhack_interfaces/include/winterhack_interfaces/winterhack_interfaces
-- Up-to-date: /home/siyuen/Desktop/ros2_ws/install/winterhack_interfaces/include/winterhack_interfaces/winterhack_interfaces/action
-- Up-to-date: /home/siyuen/Desktop/ros2_ws/install/winterhack_interfaces/include/winterhack_interfaces/winterhack_interfaces/action/detail
-- Installing: /home/siyuen/Desktop/ros2_ws/install/winterhack_interfaces/include/winterhack_interfaces/winterhack_interfaces/action/detail/drop__type_support.c
-- Installing: /home/siyuen/Desktop/ros2_ws/install/winterhack_interfaces/include/winterhack_interfaces/winterhack_interfaces/action/detail/locate__type_support.c
-- Installing: /home/siyuen/Desktop/ros2_ws/install/winterhack_interfaces/include/winterhack_interfaces/winterhack_interfaces/action/detail/pick__type_support.c
-- Installing: /home/siyuen/Desktop/ros2_ws/install/winterhack_interfaces/include/winterhack_interfaces/winterhack_interfaces/action/detail/pick__rosidl_typesupport_introspection_c.h
-- Installing: /home/siyuen/Desktop/ros2_ws/install/winterhack_interfaces/include/winterhack_interfaces/winterhack_interfaces/action/detail/drop__rosidl_typesupport_introspection_c.h
-- Installing: /home/siyuen/Desktop/ros2_ws/install/winterhack_interfaces/include/winterhack_interfaces/winterhack_interfaces/action/detail/locate__rosidl_typesupport_introspection_c.h
-- Up-to-date: /home/siyuen/Desktop/ros2_ws/install/winterhack_interfaces/include/winterhack_interfaces/winterhack_interfaces/msg
-- Installing: /home/siyuen/Desktop/ros2_ws/install/winterhack_interfaces/include/winterhack_interfaces/winterhack_interfaces/msg/rosidl_typesupport_introspection_c__visibility_control.h
-- Installing: /home/siyuen/Desktop/ros2_ws/install/winterhack_interfaces/lib/libwinterhack_interfaces__rosidl_typesupport_introspection_c.so
-- Set runtime path of "/home/siyuen/Desktop/ros2_ws/install/winterhack_interfaces/lib/libwinterhack_interfaces__rosidl_typesupport_introspection_c.so" to ""
-- Installing: /home/siyuen/Desktop/ros2_ws/install/winterhack_interfaces/lib/libwinterhack_interfaces__rosidl_typesupport_c.so
-- Set runtime path of "/home/siyuen/Desktop/ros2_ws/install/winterhack_interfaces/lib/libwinterhack_interfaces__rosidl_typesupport_c.so" to ""
-- Up-to-date: /home/siyuen/Desktop/ros2_ws/install/winterhack_interfaces/include/winterhack_interfaces/winterhack_interfaces
-- Up-to-date: /home/siyuen/Desktop/ros2_ws/install/winterhack_interfaces/include/winterhack_interfaces/winterhack_interfaces/action
-- Up-to-date: /home/siyuen/Desktop/ros2_ws/install/winterhack_interfaces/include/winterhack_interfaces/winterhack_interfaces/action/detail
-- Installing: /home/siyuen/Desktop/ros2_ws/install/winterhack_interfaces/include/winterhack_interfaces/winterhack_interfaces/action/detail/drop__struct.hpp
-- Installing: /home/siyuen/Desktop/ros2_ws/install/winterhack_interfaces/include/winterhack_interfaces/winterhack_interfaces/action/detail/pick__builder.hpp
-- Installing: /home/siyuen/Desktop/ros2_ws/install/winterhack_interfaces/include/winterhack_interfaces/winterhack_interfaces/action/detail/pick__struct.hpp
-- Installing: /home/siyuen/Desktop/ros2_ws/install/winterhack_interfaces/include/winterhack_interfaces/winterhack_interfaces/action/detail/pick__type_support.hpp
-- Installing: /home/siyuen/Desktop/ros2_ws/install/winterhack_interfaces/include/winterhack_interfaces/winterhack_interfaces/action/detail/drop__traits.hpp
-- Installing: /home/siyuen/Desktop/ros2_ws/install/winterhack_interfaces/include/winterhack_interfaces/winterhack_interfaces/action/detail/pick__traits.hpp
-- Installing: /home/siyuen/Desktop/ros2_ws/install/winterhack_interfaces/include/winterhack_interfaces/winterhack_interfaces/action/detail/locate__traits.hpp
-- Installing: /home/siyuen/Desktop/ros2_ws/install/winterhack_interfaces/include/winterhack_interfaces/winterhack_interfaces/action/detail/locate__type_support.hpp
-- Installing: /home/siyuen/Desktop/ros2_ws/install/winterhack_interfaces/include/winterhack_interfaces/winterhack_interfaces/action/detail/locate__struct.hpp
-- Installing: /home/siyuen/Desktop/ros2_ws/install/winterhack_interfaces/include/winterhack_interfaces/winterhack_interfaces/action/detail/locate__builder.hpp
-- Installing: /home/siyuen/Desktop/ros2_ws/install/winterhack_interfaces/include/winterhack_interfaces/winterhack_interfaces/action/detail/drop__builder.hpp
-- Installing: /home/siyuen/Desktop/ros2_ws/install/winterhack_interfaces/include/winterhack_interfaces/winterhack_interfaces/action/detail/drop__type_support.hpp
-- Installing: /home/siyuen/Desktop/ros2_ws/install/winterhack_interfaces/include/winterhack_interfaces/winterhack_interfaces/action/drop.hpp
-- Installing: /home/siyuen/Desktop/ros2_ws/install/winterhack_interfaces/include/winterhack_interfaces/winterhack_interfaces/action/locate.hpp
-- Installing: /home/siyuen/Desktop/ros2_ws/install/winterhack_interfaces/include/winterhack_interfaces/winterhack_interfaces/action/pick.hpp
-- Up-to-date: /home/siyuen/Desktop/ros2_ws/install/winterhack_interfaces/include/winterhack_interfaces/winterhack_interfaces/msg
-- Installing: /home/siyuen/Desktop/ros2_ws/install/winterhack_interfaces/include/winterhack_interfaces/winterhack_interfaces/msg/rosidl_generator_cpp__visibility_control.hpp
-- Up-to-date: /home/siyuen/Desktop/ros2_ws/install/winterhack_interfaces/include/winterhack_interfaces/winterhack_interfaces
-- Up-to-date: /home/siyuen/Desktop/ros2_ws/install/winterhack_interfaces/include/winterhack_interfaces/winterhack_interfaces/action
-- Up-to-date: /home/siyuen/Desktop/ros2_ws/install/winterhack_interfaces/include/winterhack_interfaces/winterhack_interfaces/action/detail
-- Installing: /home/siyuen/Desktop/ros2_ws/install/winterhack_interfaces/include/winterhack_interfaces/winterhack_interfaces/action/detail/locate__rosidl_typesupport_fastrtps_cpp.hpp
-- Installing: /home/siyuen/Desktop/ros2_ws/install/winterhack_interfaces/include/winterhack_interfaces/winterhack_interfaces/action/detail/pick__rosidl_typesupport_fastrtps_cpp.hpp
-- Installing: /home/siyuen/Desktop/ros2_ws/install/winterhack_interfaces/include/winterhack_interfaces/winterhack_interfaces/action/detail/drop__rosidl_typesupport_fastrtps_cpp.hpp
-- Installing: /home/siyuen/Desktop/ros2_ws/install/winterhack_interfaces/include/winterhack_interfaces/winterhack_interfaces/action/detail/dds_fastrtps
-- Up-to-date: /home/siyuen/Desktop/ros2_ws/install/winterhack_interfaces/include/winterhack_interfaces/winterhack_interfaces/msg
-- Installing: /home/siyuen/Desktop/ros2_ws/install/winterhack_interfaces/include/winterhack_interfaces/winterhack_interfaces/msg/rosidl_typesupport_fastrtps_cpp__visibility_control.h
-- Installing: /home/siyuen/Desktop/ros2_ws/install/winterhack_interfaces/lib/libwinterhack_interfaces__rosidl_typesupport_fastrtps_cpp.so
-- Set runtime path of "/home/siyuen/Desktop/ros2_ws/install/winterhack_interfaces/lib/libwinterhack_interfaces__rosidl_typesupport_fastrtps_cpp.so" to ""
-- Up-to-date: /home/siyuen/Desktop/ros2_ws/install/winterhack_interfaces/include/winterhack_interfaces/winterhack_interfaces
-- Up-to-date: /home/siyuen/Desktop/ros2_ws/install/winterhack_interfaces/include/winterhack_interfaces/winterhack_interfaces/action
-- Up-to-date: /home/siyuen/Desktop/ros2_ws/install/winterhack_interfaces/include/winterhack_interfaces/winterhack_interfaces/action/detail
-- Installing: /home/siyuen/Desktop/ros2_ws/install/winterhack_interfaces/include/winterhack_interfaces/winterhack_interfaces/action/detail/locate__rosidl_typesupport_introspection_cpp.hpp
-- Installing: /home/siyuen/Desktop/ros2_ws/install/winterhack_interfaces/include/winterhack_interfaces/winterhack_interfaces/action/detail/pick__rosidl_typesupport_introspection_cpp.hpp
-- Installing: /home/siyuen/Desktop/ros2_ws/install/winterhack_interfaces/include/winterhack_interfaces/winterhack_interfaces/action/detail/locate__type_support.cpp
-- Installing: /home/siyuen/Desktop/ros2_ws/install/winterhack_interfaces/include/winterhack_interfaces/winterhack_interfaces/action/detail/pick__type_support.cpp
-- Installing: /home/siyuen/Desktop/ros2_ws/install/winterhack_interfaces/include/winterhack_interfaces/winterhack_interfaces/action/detail/drop__type_support.cpp
-- Installing: /home/siyuen/Desktop/ros2_ws/install/winterhack_interfaces/include/winterhack_interfaces/winterhack_interfaces/action/detail/drop__rosidl_typesupport_introspection_cpp.hpp
-- Installing: /home/siyuen/Desktop/ros2_ws/install/winterhack_interfaces/lib/libwinterhack_interfaces__rosidl_typesupport_introspection_cpp.so
-- Set runtime path of "/home/siyuen/Desktop/ros2_ws/install/winterhack_interfaces/lib/libwinterhack_interfaces__rosidl_typesupport_introspection_cpp.so" to ""
-- Installing: /home/siyuen/Desktop/ros2_ws/install/winterhack_interfaces/lib/libwinterhack_interfaces__rosidl_typesupport_cpp.so
-- Set runtime path of "/home/siyuen/Desktop/ros2_ws/install/winterhack_interfaces/lib/libwinterhack_interfaces__rosidl_typesupport_cpp.so" to ""
-- Installing: /home/siyuen/Desktop/ros2_ws/install/winterhack_interfaces/share/winterhack_interfaces/environment/pythonpath.sh
-- Installing: /home/siyuen/Desktop/ros2_ws/install/winterhack_interfaces/share/winterhack_interfaces/environment/pythonpath.dsv
-- Installing: /home/siyuen/Desktop/ros2_ws/install/winterhack_interfaces/lib/python3.10/site-packages/winterhack_interfaces-0.0.0-py3.10.egg-info
-- Installing: /home/siyuen/Desktop/ros2_ws/install/winterhack_interfaces/lib/python3.10/site-packages/winterhack_interfaces-0.0.0-py3.10.egg-info/SOURCES.txt
-- Installing: /home/siyuen/Desktop/ros2_ws/install/winterhack_interfaces/lib/python3.10/site-packages/winterhack_interfaces-0.0.0-py3.10.egg-info/dependency_links.txt
-- Installing: /home/siyuen/Desktop/ros2_ws/install/winterhack_interfaces/lib/python3.10/site-packages/winterhack_interfaces-0.0.0-py3.10.egg-info/top_level.txt
-- Installing: /home/siyuen/Desktop/ros2_ws/install/winterhack_interfaces/lib/python3.10/site-packages/winterhack_interfaces-0.0.0-py3.10.egg-info/PKG-INFO
-- Installing: /home/siyuen/Desktop/ros2_ws/install/winterhack_interfaces/lib/python3.10/site-packages/winterhack_interfaces
-- Installing: /home/siyuen/Desktop/ros2_ws/install/winterhack_interfaces/lib/python3.10/site-packages/winterhack_interfaces/action
-- Installing: /home/siyuen/Desktop/ros2_ws/install/winterhack_interfaces/lib/python3.10/site-packages/winterhack_interfaces/action/_pick_s.c
-- Installing: /home/siyuen/Desktop/ros2_ws/install/winterhack_interfaces/lib/python3.10/site-packages/winterhack_interfaces/action/_drop_s.c
-- Installing: /home/siyuen/Desktop/ros2_ws/install/winterhack_interfaces/lib/python3.10/site-packages/winterhack_interfaces/action/_drop.py
-- Installing: /home/siyuen/Desktop/ros2_ws/install/winterhack_interfaces/lib/python3.10/site-packages/winterhack_interfaces/action/_pick.py
-- Installing: /home/siyuen/Desktop/ros2_ws/install/winterhack_interfaces/lib/python3.10/site-packages/winterhack_interfaces/action/__init__.py
-- Installing: /home/siyuen/Desktop/ros2_ws/install/winterhack_interfaces/lib/python3.10/site-packages/winterhack_interfaces/action/_locate.py
-- Installing: /home/siyuen/Desktop/ros2_ws/install/winterhack_interfaces/lib/python3.10/site-packages/winterhack_interfaces/action/_locate_s.c
-- Installing: /home/siyuen/Desktop/ros2_ws/install/winterhack_interfaces/lib/python3.10/site-packages/winterhack_interfaces/libwinterhack_interfaces__rosidl_generator_py.so
-- Installing: /home/siyuen/Desktop/ros2_ws/install/winterhack_interfaces/lib/python3.10/site-packages/winterhack_interfaces/_winterhack_interfaces_s.ep.rosidl_typesupport_introspection_c.c
-- Installing: /home/siyuen/Desktop/ros2_ws/install/winterhack_interfaces/lib/python3.10/site-packages/winterhack_interfaces/_winterhack_interfaces_s.ep.rosidl_typesupport_fastrtps_c.c
-- Installing: /home/siyuen/Desktop/ros2_ws/install/winterhack_interfaces/lib/python3.10/site-packages/winterhack_interfaces/winterhack_interfaces_s__rosidl_typesupport_introspection_c.cpython-310-x86_64-linux-gnu.so
-- Installing: /home/siyuen/Desktop/ros2_ws/install/winterhack_interfaces/lib/python3.10/site-packages/winterhack_interfaces/winterhack_interfaces_s__rosidl_typesupport_fastrtps_c.cpython-310-x86_64-linux-gnu.so
-- Installing: /home/siyuen/Desktop/ros2_ws/install/winterhack_interfaces/lib/python3.10/site-packages/winterhack_interfaces/winterhack_interfaces_s__rosidl_typesupport_c.cpython-310-x86_64-linux-gnu.so
-- Installing: /home/siyuen/Desktop/ros2_ws/install/winterhack_interfaces/lib/python3.10/site-packages/winterhack_interfaces/_winterhack_interfaces_s.ep.rosidl_typesupport_c.c
-- Installing: /home/siyuen/Desktop/ros2_ws/install/winterhack_interfaces/lib/python3.10/site-packages/winterhack_interfaces/__init__.py
Listing '/home/siyuen/Desktop/ros2_ws/install/winterhack_interfaces/lib/python3.10/site-packages/winterhack_interfaces'...
Compiling '/home/siyuen/Desktop/ros2_ws/install/winterhack_interfaces/lib/python3.10/site-packages/winterhack_interfaces/__init__.py'...
Listing '/home/siyuen/Desktop/ros2_ws/install/winterhack_interfaces/lib/python3.10/site-packages/winterhack_interfaces/action'...
Compiling '/home/siyuen/Desktop/ros2_ws/install/winterhack_interfaces/lib/python3.10/site-packages/winterhack_interfaces/action/__init__.py'...
Compiling '/home/siyuen/Desktop/ros2_ws/install/winterhack_interfaces/lib/python3.10/site-packages/winterhack_interfaces/action/_drop.py'...
Compiling '/home/siyuen/Desktop/ros2_ws/install/winterhack_interfaces/lib/python3.10/site-packages/winterhack_interfaces/action/_locate.py'...
Compiling '/home/siyuen/Desktop/ros2_ws/install/winterhack_interfaces/lib/python3.10/site-packages/winterhack_interfaces/action/_pick.py'...
-- Installing: /home/siyuen/Desktop/ros2_ws/install/winterhack_interfaces/lib/python3.10/site-packages/winterhack_interfaces/winterhack_interfaces_s__rosidl_typesupport_fastrtps_c.cpython-310-x86_64-linux-gnu.so
-- Set runtime path of "/home/siyuen/Desktop/ros2_ws/install/winterhack_interfaces/lib/python3.10/site-packages/winterhack_interfaces/winterhack_interfaces_s__rosidl_typesupport_fastrtps_c.cpython-310-x86_64-linux-gnu.so" to ""
-- Installing: /home/siyuen/Desktop/ros2_ws/install/winterhack_interfaces/lib/python3.10/site-packages/winterhack_interfaces/winterhack_interfaces_s__rosidl_typesupport_introspection_c.cpython-310-x86_64-linux-gnu.so
-- Set runtime path of "/home/siyuen/Desktop/ros2_ws/install/winterhack_interfaces/lib/python3.10/site-packages/winterhack_interfaces/winterhack_interfaces_s__rosidl_typesupport_introspection_c.cpython-310-x86_64-linux-gnu.so" to ""
-- Installing: /home/siyuen/Desktop/ros2_ws/install/winterhack_interfaces/lib/python3.10/site-packages/winterhack_interfaces/winterhack_interfaces_s__rosidl_typesupport_c.cpython-310-x86_64-linux-gnu.so
-- Set runtime path of "/home/siyuen/Desktop/ros2_ws/install/winterhack_interfaces/lib/python3.10/site-packages/winterhack_interfaces/winterhack_interfaces_s__rosidl_typesupport_c.cpython-310-x86_64-linux-gnu.so" to ""
-- Installing: /home/siyuen/Desktop/ros2_ws/install/winterhack_interfaces/lib/libwinterhack_interfaces__rosidl_generator_py.so
-- Set runtime path of "/home/siyuen/Desktop/ros2_ws/install/winterhack_interfaces/lib/libwinterhack_interfaces__rosidl_generator_py.so" to ""
-- Installing: /home/siyuen/Desktop/ros2_ws/install/winterhack_interfaces/share/winterhack_interfaces/action/Pick.idl
-- Installing: /home/siyuen/Desktop/ros2_ws/install/winterhack_interfaces/share/winterhack_interfaces/action/Drop.idl
-- Installing: /home/siyuen/Desktop/ros2_ws/install/winterhack_interfaces/share/winterhack_interfaces/action/Locate.idl
-- Installing: /home/siyuen/Desktop/ros2_ws/install/winterhack_interfaces/share/winterhack_interfaces/action/Pick.action
-- Installing: /home/siyuen/Desktop/ros2_ws/install/winterhack_interfaces/share/winterhack_interfaces/action/Drop.action
-- Installing: /home/siyuen/Desktop/ros2_ws/install/winterhack_interfaces/share/winterhack_interfaces/action/Locate.action
-- Installing: /home/siyuen/Desktop/ros2_ws/install/winterhack_interfaces/share/ament_index/resource_index/package_run_dependencies/winterhack_interfaces
-- Installing: /home/siyuen/Desktop/ros2_ws/install/winterhack_interfaces/share/ament_index/resource_index/parent_prefix_path/winterhack_interfaces
-- Installing: /home/siyuen/Desktop/ros2_ws/install/winterhack_interfaces/share/winterhack_interfaces/environment/ament_prefix_path.sh
-- Installing: /home/siyuen/Desktop/ros2_ws/install/winterhack_interfaces/share/winterhack_interfaces/environment/ament_prefix_path.dsv
-- Installing: /home/siyuen/Desktop/ros2_ws/install/winterhack_interfaces/share/winterhack_interfaces/environment/path.sh
-- Installing: /home/siyuen/Desktop/ros2_ws/install/winterhack_interfaces/share/winterhack_interfaces/environment/path.dsv
-- Installing: /home/siyuen/Desktop/ros2_ws/install/winterhack_interfaces/share/winterhack_interfaces/local_setup.bash
-- Installing: /home/siyuen/Desktop/ros2_ws/install/winterhack_interfaces/share/winterhack_interfaces/local_setup.sh
-- Installing: /home/siyuen/Desktop/ros2_ws/install/winterhack_interfaces/share/winterhack_interfaces/local_setup.zsh
-- Installing: /home/siyuen/Desktop/ros2_ws/install/winterhack_interfaces/share/winterhack_interfaces/local_setup.dsv
-- Installing: /home/siyuen/Desktop/ros2_ws/install/winterhack_interfaces/share/winterhack_interfaces/package.dsv
-- Installing: /home/siyuen/Desktop/ros2_ws/install/winterhack_interfaces/share/ament_index/resource_index/packages/winterhack_interfaces
-- Installing: /home/siyuen/Desktop/ros2_ws/install/winterhack_interfaces/share/winterhack_interfaces/cmake/export_winterhack_interfaces__rosidl_generator_cExport.cmake
-- Installing: /home/siyuen/Desktop/ros2_ws/install/winterhack_interfaces/share/winterhack_interfaces/cmake/export_winterhack_interfaces__rosidl_generator_cExport-noconfig.cmake
-- Installing: /home/siyuen/Desktop/ros2_ws/install/winterhack_interfaces/share/winterhack_interfaces/cmake/export_winterhack_interfaces__rosidl_typesupport_fastrtps_cExport.cmake
-- Installing: /home/siyuen/Desktop/ros2_ws/install/winterhack_interfaces/share/winterhack_interfaces/cmake/export_winterhack_interfaces__rosidl_typesupport_fastrtps_cExport-noconfig.cmake
-- Installing: /home/siyuen/Desktop/ros2_ws/install/winterhack_interfaces/share/winterhack_interfaces/cmake/winterhack_interfaces__rosidl_typesupport_introspection_cExport.cmake
-- Installing: /home/siyuen/Desktop/ros2_ws/install/winterhack_interfaces/share/winterhack_interfaces/cmake/winterhack_interfaces__rosidl_typesupport_introspection_cExport-noconfig.cmake
-- Installing: /home/siyuen/Desktop/ros2_ws/install/winterhack_interfaces/share/winterhack_interfaces/cmake/winterhack_interfaces__rosidl_typesupport_cExport.cmake
-- Installing: /home/siyuen/Desktop/ros2_ws/install/winterhack_interfaces/share/winterhack_interfaces/cmake/winterhack_interfaces__rosidl_typesupport_cExport-noconfig.cmake
-- Installing: /home/siyuen/Desktop/ros2_ws/install/winterhack_interfaces/share/winterhack_interfaces/cmake/export_winterhack_interfaces__rosidl_generator_cppExport.cmake
-- Installing: /home/siyuen/Desktop/ros2_ws/install/winterhack_interfaces/share/winterhack_interfaces/cmake/export_winterhack_interfaces__rosidl_typesupport_fastrtps_cppExport.cmake
-- Installing: /home/siyuen/Desktop/ros2_ws/install/winterhack_interfaces/share/winterhack_interfaces/cmake/export_winterhack_interfaces__rosidl_typesupport_fastrtps_cppExport-noconfig.cmake
-- Installing: /home/siyuen/Desktop/ros2_ws/install/winterhack_interfaces/share/winterhack_interfaces/cmake/winterhack_interfaces__rosidl_typesupport_introspection_cppExport.cmake
-- Installing: /home/siyuen/Desktop/ros2_ws/install/winterhack_interfaces/share/winterhack_interfaces/cmake/winterhack_interfaces__rosidl_typesupport_introspection_cppExport-noconfig.cmake
-- Installing: /home/siyuen/Desktop/ros2_ws/install/winterhack_interfaces/share/winterhack_interfaces/cmake/winterhack_interfaces__rosidl_typesupport_cppExport.cmake
-- Installing: /home/siyuen/Desktop/ros2_ws/install/winterhack_interfaces/share/winterhack_interfaces/cmake/winterhack_interfaces__rosidl_typesupport_cppExport-noconfig.cmake
-- Installing: /home/siyuen/Desktop/ros2_ws/install/winterhack_interfaces/share/winterhack_interfaces/cmake/export_winterhack_interfaces__rosidl_generator_pyExport.cmake
-- Installing: /home/siyuen/Desktop/ros2_ws/install/winterhack_interfaces/share/winterhack_interfaces/cmake/export_winterhack_interfaces__rosidl_generator_pyExport-noconfig.cmake
-- Installing: /home/siyuen/Desktop/ros2_ws/install/winterhack_interfaces/share/winterhack_interfaces/cmake/rosidl_cmake-extras.cmake
-- Installing: /home/siyuen/Desktop/ros2_ws/install/winterhack_interfaces/share/winterhack_interfaces/cmake/ament_cmake_export_dependencies-extras.cmake
-- Installing: /home/siyuen/Desktop/ros2_ws/install/winterhack_interfaces/share/winterhack_interfaces/cmake/ament_cmake_export_include_directories-extras.cmake
-- Installing: /home/siyuen/Desktop/ros2_ws/install/winterhack_interfaces/share/winterhack_interfaces/cmake/ament_cmake_export_libraries-extras.cmake
-- Installing: /home/siyuen/Desktop/ros2_ws/install/winterhack_interfaces/share/winterhack_interfaces/cmake/ament_cmake_export_targets-extras.cmake
-- Installing: /home/siyuen/Desktop/ros2_ws/install/winterhack_interfaces/share/winterhack_interfaces/cmake/rosidl_cmake_export_typesupport_targets-extras.cmake
-- Installing: /home/siyuen/Desktop/ros2_ws/install/winterhack_interfaces/share/winterhack_interfaces/cmake/rosidl_cmake_export_typesupport_libraries-extras.cmake
-- Installing: /home/siyuen/Desktop/ros2_ws/install/winterhack_interfaces/share/winterhack_interfaces/cmake/winterhack_interfacesConfig.cmake
-- Installing: /home/siyuen/Desktop/ros2_ws/install/winterhack_interfaces/share/winterhack_interfaces/cmake/winterhack_interfacesConfig-version.cmake
-- Installing: /home/siyuen/Desktop/ros2_ws/install/winterhack_interfaces/share/winterhack_interfaces/package.xml
