[0.021s] Invoking command in '/home/siyuen/Desktop/ros2_ws/build/costmap_converter_msgs': CMAKE_PREFIX_PATH=${CMAKE_PREFIX_PATH}:/home/siyuen/Desktop/ros2_ws/install/winterhack:/home/siyuen/Desktop/ros2_ws/install/robot_gazebo:/home/siyuen/Desktop/ros2_ws/install/landerpi_description:/opt/ros/humble VIRTUAL_ENV_PROMPT=(landerpi) /usr/bin/cmake /home/siyuen/Desktop/ros2_ws/src/costmap_converter/costmap_converter_msgs -DCMAKE_INSTALL_PREFIX=/home/siyuen/Desktop/ros2_ws/install/costmap_converter_msgs
[0.191s] -- The C compiler identification is GNU 11.4.0
[0.191s] -- The CXX compiler identification is GNU 11.4.0
[0.191s] -- Detecting C compiler ABI info
[0.260s] -- Detecting C compiler ABI info - done
[0.270s] -- Check for working C compiler: /usr/bin/cc - skipped
[0.270s] -- Detecting C compile features
[0.270s] -- Detecting C compile features - done
[0.274s] -- Detecting CXX compiler ABI info
[0.399s] -- Detecting CXX compiler ABI info - done
[0.408s] -- Check for working CXX compiler: /usr/bin/c++ - skipped
[0.408s] -- Detecting CXX compile features
[0.409s] -- Detecting CXX compile features - done
[0.411s] -- Found ament_cmake: 1.3.12 (/opt/ros/humble/share/ament_cmake/cmake)
[0.565s] -- Found Python3: /home/siyuen/.venvs/landerpi/bin/python3 (found version "3.10.12") found components: Interpreter 
[0.653s] -- Found builtin_interfaces: 1.2.2 (/opt/ros/humble/share/builtin_interfaces/cmake)
[0.682s] -- Found rosidl_generator_c: 3.1.7 (/opt/ros/humble/share/rosidl_generator_c/cmake)
[0.685s] -- Found rosidl_adapter: 3.1.7 (/opt/ros/humble/share/rosidl_adapter/cmake)
[0.691s] -- Found rosidl_generator_cpp: 3.1.7 (/opt/ros/humble/share/rosidl_generator_cpp/cmake)
[0.700s] -- Using all available rosidl_typesupport_c: rosidl_typesupport_fastrtps_c;rosidl_typesupport_introspection_c
[0.714s] -- Using all available rosidl_typesupport_cpp: rosidl_typesupport_fastrtps_cpp;rosidl_typesupport_introspection_cpp
[0.725s] -- Found geometry_msgs: 4.9.0 (/opt/ros/humble/share/geometry_msgs/cmake)
[0.743s] -- Found rosidl_default_generators: 1.2.0 (/opt/ros/humble/share/rosidl_default_generators/cmake)
[1.002s] -- Found ament_cmake_ros: 0.10.0 (/opt/ros/humble/share/ament_cmake_ros/cmake)
[1.365s] -- Using all available rosidl_typesupport_c: rosidl_typesupport_fastrtps_c;rosidl_typesupport_introspection_c
[1.491s] -- Using all available rosidl_typesupport_cpp: rosidl_typesupport_fastrtps_cpp;rosidl_typesupport_introspection_cpp
[1.513s] -- Found PythonInterp: /home/siyuen/.venvs/landerpi/bin/python3 (found suitable version "3.10.12", minimum required is "3.6") 
[1.515s] -- Found python_cmake_module: 0.10.0 (/opt/ros/humble/share/python_cmake_module/cmake)
[1.539s] -- Found PythonLibs: /usr/lib/x86_64-linux-gnu/libpython3.10.so (found suitable version "3.10.12", minimum required is "3.5") 
[1.539s] -- Using PYTHON_EXECUTABLE: /home/siyuen/.venvs/landerpi/bin/python3
[1.539s] -- Using PYTHON_INCLUDE_DIRS: /usr/include/python3.10
[1.539s] -- Using PYTHON_LIBRARIES: /usr/lib/x86_64-linux-gnu/libpython3.10.so
[1.556s] -- Found PythonExtra: .so  
[1.605s] -- Configuring done
[1.626s] -- Generating done
[1.633s] -- Build files have been written to: /home/siyuen/Desktop/ros2_ws/build/costmap_converter_msgs
[1.640s] Invoked command in '/home/siyuen/Desktop/ros2_ws/build/costmap_converter_msgs' returned '0': CMAKE_PREFIX_PATH=${CMAKE_PREFIX_PATH}:/home/siyuen/Desktop/ros2_ws/install/winterhack:/home/siyuen/Desktop/ros2_ws/install/robot_gazebo:/home/siyuen/Desktop/ros2_ws/install/landerpi_description:/opt/ros/humble VIRTUAL_ENV_PROMPT=(landerpi) /usr/bin/cmake /home/siyuen/Desktop/ros2_ws/src/costmap_converter/costmap_converter_msgs -DCMAKE_INSTALL_PREFIX=/home/siyuen/Desktop/ros2_ws/install/costmap_converter_msgs
[1.641s] Invoking command in '/home/siyuen/Desktop/ros2_ws/build/costmap_converter_msgs': CMAKE_PREFIX_PATH=${CMAKE_PREFIX_PATH}:/home/siyuen/Desktop/ros2_ws/install/winterhack:/home/siyuen/Desktop/ros2_ws/install/robot_gazebo:/home/siyuen/Desktop/ros2_ws/install/landerpi_description:/opt/ros/humble VIRTUAL_ENV_PROMPT=(landerpi) /usr/bin/cmake --build /home/siyuen/Desktop/ros2_ws/build/costmap_converter_msgs -- -j20 -l20
[1.732s] [  2%] [34m[1mGenerating C code for ROS interfaces[0m
[1.760s] [  5%] [34m[1mGenerating C++ code for ROS interfaces[0m
[1.789s] [  5%] Built target ament_cmake_python_copy_costmap_converter_msgs
[1.996s] running egg_info
[1.996s] creating costmap_converter_msgs.egg-info
[1.996s] writing costmap_converter_msgs.egg-info/PKG-INFO
[1.996s] writing dependency_links to costmap_converter_msgs.egg-info/dependency_links.txt
[1.996s] writing top-level names to costmap_converter_msgs.egg-info/top_level.txt
[1.997s] writing manifest file 'costmap_converter_msgs.egg-info/SOURCES.txt'
[1.998s] reading manifest file 'costmap_converter_msgs.egg-info/SOURCES.txt'
[1.998s] writing manifest file 'costmap_converter_msgs.egg-info/SOURCES.txt'
[2.030s] [  5%] Built target ament_cmake_python_build_costmap_converter_msgs_egg
[2.041s] [  5%] Built target costmap_converter_msgs__cpp
[2.065s] [  7%] [34m[1mGenerating C++ introspection for ROS interfaces[0m
[2.074s] [ 10%] [34m[1mGenerating C++ type support dispatch for ROS interfaces[0m
[2.074s] [ 12%] [34m[1mGenerating C++ type support for eProsima Fast-RTPS[0m
[2.261s] [ 15%] [32mBuilding C object CMakeFiles/costmap_converter_msgs__rosidl_generator_c.dir/rosidl_generator_c/costmap_converter_msgs/msg/detail/obstacle_msg__functions.c.o[0m
[2.262s] [ 17%] [32mBuilding C object CMakeFiles/costmap_converter_msgs__rosidl_generator_c.dir/rosidl_generator_c/costmap_converter_msgs/msg/detail/obstacle_array_msg__functions.c.o[0m
[2.333s] [ 20%] [32m[1mLinking C shared library libcostmap_converter_msgs__rosidl_generator_c.so[0m
[2.343s] [ 23%] [32mBuilding CXX object CMakeFiles/costmap_converter_msgs__rosidl_typesupport_cpp.dir/rosidl_typesupport_cpp/costmap_converter_msgs/msg/obstacle_msg__type_support.cpp.o[0m
[2.344s] [ 25%] [32mBuilding CXX object CMakeFiles/costmap_converter_msgs__rosidl_typesupport_cpp.dir/rosidl_typesupport_cpp/costmap_converter_msgs/msg/obstacle_array_msg__type_support.cpp.o[0m
[2.438s] [ 28%] [32mBuilding CXX object CMakeFiles/costmap_converter_msgs__rosidl_typesupport_introspection_cpp.dir/rosidl_typesupport_introspection_cpp/costmap_converter_msgs/msg/detail/obstacle_array_msg__type_support.cpp.o[0m
[2.439s] [ 30%] [32mBuilding CXX object CMakeFiles/costmap_converter_msgs__rosidl_typesupport_introspection_cpp.dir/rosidl_typesupport_introspection_cpp/costmap_converter_msgs/msg/detail/obstacle_msg__type_support.cpp.o[0m
[2.446s] [ 30%] Built target costmap_converter_msgs__rosidl_generator_c
[2.508s] [ 33%] [34m[1mGenerating C introspection for ROS interfaces[0m
[2.510s] [ 35%] [34m[1mGenerating C type support for eProsima Fast-RTPS[0m
[2.518s] [ 38%] [34m[1mGenerating C type support dispatch for ROS interfaces[0m
[2.548s] [ 43%] [32mBuilding CXX object CMakeFiles/costmap_converter_msgs__rosidl_typesupport_fastrtps_cpp.dir/rosidl_typesupport_fastrtps_cpp/costmap_converter_msgs/msg/detail/dds_fastrtps/obstacle_msg__type_support.cpp.o[0m
[2.548s] [ 43%] [32mBuilding CXX object CMakeFiles/costmap_converter_msgs__rosidl_typesupport_fastrtps_cpp.dir/rosidl_typesupport_fastrtps_cpp/costmap_converter_msgs/msg/detail/dds_fastrtps/obstacle_array_msg__type_support.cpp.o[0m
[2.641s] [ 46%] [32m[1mLinking CXX shared library libcostmap_converter_msgs__rosidl_typesupport_cpp.so[0m
[2.800s] [ 46%] Built target costmap_converter_msgs__rosidl_typesupport_cpp
[2.910s] [ 48%] [32m[1mLinking CXX shared library libcostmap_converter_msgs__rosidl_typesupport_introspection_cpp.so[0m
[2.930s] [ 51%] [32mBuilding CXX object CMakeFiles/costmap_converter_msgs__rosidl_typesupport_c.dir/rosidl_typesupport_c/costmap_converter_msgs/msg/obstacle_array_msg__type_support.cpp.o[0m
[2.930s] [ 53%] [32mBuilding CXX object CMakeFiles/costmap_converter_msgs__rosidl_typesupport_c.dir/rosidl_typesupport_c/costmap_converter_msgs/msg/obstacle_msg__type_support.cpp.o[0m
[2.973s] [ 56%] [32mBuilding CXX object CMakeFiles/costmap_converter_msgs__rosidl_typesupport_fastrtps_c.dir/rosidl_typesupport_fastrtps_c/costmap_converter_msgs/msg/detail/obstacle_msg__type_support_c.cpp.o[0m
[2.977s] [ 58%] [32mBuilding CXX object CMakeFiles/costmap_converter_msgs__rosidl_typesupport_fastrtps_c.dir/rosidl_typesupport_fastrtps_c/costmap_converter_msgs/msg/detail/obstacle_array_msg__type_support_c.cpp.o[0m
[3.013s] [ 61%] [32mBuilding C object CMakeFiles/costmap_converter_msgs__rosidl_typesupport_introspection_c.dir/rosidl_typesupport_introspection_c/costmap_converter_msgs/msg/detail/obstacle_msg__type_support.c.o[0m
[3.018s] [ 64%] [32m[1mLinking CXX shared library libcostmap_converter_msgs__rosidl_typesupport_c.so[0m
[3.020s] [ 66%] [32mBuilding C object CMakeFiles/costmap_converter_msgs__rosidl_typesupport_introspection_c.dir/rosidl_typesupport_introspection_c/costmap_converter_msgs/msg/detail/obstacle_array_msg__type_support.c.o[0m
[3.074s] [ 66%] Built target costmap_converter_msgs__rosidl_typesupport_introspection_cpp
[3.087s] [ 69%] [32m[1mLinking C shared library libcostmap_converter_msgs__rosidl_typesupport_introspection_c.so[0m
[3.088s] [ 69%] Built target costmap_converter_msgs__rosidl_typesupport_c
[3.139s] [ 69%] Built target costmap_converter_msgs__rosidl_typesupport_introspection_c
[3.153s] [ 71%] [32m[1mLinking CXX shared library libcostmap_converter_msgs__rosidl_typesupport_fastrtps_cpp.so[0m
[3.251s] [ 74%] [32m[1mLinking CXX shared library libcostmap_converter_msgs__rosidl_typesupport_fastrtps_c.so[0m
[3.258s] [ 74%] Built target costmap_converter_msgs__rosidl_typesupport_fastrtps_cpp
[3.339s] [ 74%] Built target costmap_converter_msgs__rosidl_typesupport_fastrtps_c
[3.388s] [ 74%] Built target costmap_converter_msgs
[3.440s] [ 76%] [34m[1mGenerating Python code for ROS interfaces[0m
[3.954s] [ 76%] Built target costmap_converter_msgs__py
[3.996s] [ 82%] [32mBuilding C object CMakeFiles/costmap_converter_msgs__rosidl_generator_py.dir/rosidl_generator_py/costmap_converter_msgs/msg/_obstacle_array_msg_s.c.o[0m
[3.996s] [ 82%] [32mBuilding C object CMakeFiles/costmap_converter_msgs__rosidl_generator_py.dir/rosidl_generator_py/costmap_converter_msgs/msg/_obstacle_msg_s.c.o[0m
[4.101s] [ 84%] [32m[1mLinking C shared library rosidl_generator_py/costmap_converter_msgs/libcostmap_converter_msgs__rosidl_generator_py.so[0m
[4.168s] [ 84%] Built target costmap_converter_msgs__rosidl_generator_py
[4.242s] [ 87%] [32mBuilding C object CMakeFiles/costmap_converter_msgs__rosidl_typesupport_fastrtps_c__pyext.dir/rosidl_generator_py/costmap_converter_msgs/_costmap_converter_msgs_s.ep.rosidl_typesupport_fastrtps_c.c.o[0m
[4.253s] [ 89%] [32mBuilding C object CMakeFiles/costmap_converter_msgs__rosidl_typesupport_introspection_c__pyext.dir/rosidl_generator_py/costmap_converter_msgs/_costmap_converter_msgs_s.ep.rosidl_typesupport_introspection_c.c.o[0m
[4.257s] [ 92%] [32mBuilding C object CMakeFiles/costmap_converter_msgs__rosidl_typesupport_c__pyext.dir/rosidl_generator_py/costmap_converter_msgs/_costmap_converter_msgs_s.ep.rosidl_typesupport_c.c.o[0m
[4.331s] [ 94%] [32m[1mLinking C shared library rosidl_generator_py/costmap_converter_msgs/costmap_converter_msgs_s__rosidl_typesupport_introspection_c.cpython-310-x86_64-linux-gnu.so[0m
[4.379s] [ 97%] [32m[1mLinking C shared library rosidl_generator_py/costmap_converter_msgs/costmap_converter_msgs_s__rosidl_typesupport_fastrtps_c.cpython-310-x86_64-linux-gnu.so[0m
[4.393s] [100%] [32m[1mLinking C shared library rosidl_generator_py/costmap_converter_msgs/costmap_converter_msgs_s__rosidl_typesupport_c.cpython-310-x86_64-linux-gnu.so[0m
[4.394s] [100%] Built target costmap_converter_msgs__rosidl_typesupport_introspection_c__pyext
[4.443s] [100%] Built target costmap_converter_msgs__rosidl_typesupport_fastrtps_c__pyext
[4.463s] [100%] Built target costmap_converter_msgs__rosidl_typesupport_c__pyext
[4.481s] Invoked command in '/home/siyuen/Desktop/ros2_ws/build/costmap_converter_msgs' returned '0': CMAKE_PREFIX_PATH=${CMAKE_PREFIX_PATH}:/home/siyuen/Desktop/ros2_ws/install/winterhack:/home/siyuen/Desktop/ros2_ws/install/robot_gazebo:/home/siyuen/Desktop/ros2_ws/install/landerpi_description:/opt/ros/humble VIRTUAL_ENV_PROMPT=(landerpi) /usr/bin/cmake --build /home/siyuen/Desktop/ros2_ws/build/costmap_converter_msgs -- -j20 -l20
[4.504s] Invoking command in '/home/siyuen/Desktop/ros2_ws/build/costmap_converter_msgs': CMAKE_PREFIX_PATH=${CMAKE_PREFIX_PATH}:/home/siyuen/Desktop/ros2_ws/install/winterhack:/home/siyuen/Desktop/ros2_ws/install/robot_gazebo:/home/siyuen/Desktop/ros2_ws/install/landerpi_description:/opt/ros/humble VIRTUAL_ENV_PROMPT=(landerpi) /usr/bin/cmake --install /home/siyuen/Desktop/ros2_ws/build/costmap_converter_msgs
[4.518s] -- Install configuration: ""
[4.518s] -- Installing: /home/siyuen/Desktop/ros2_ws/install/costmap_converter_msgs/share/ament_index/resource_index/rosidl_interfaces/costmap_converter_msgs
[4.519s] -- Installing: /home/siyuen/Desktop/ros2_ws/install/costmap_converter_msgs/include/costmap_converter_msgs/costmap_converter_msgs
[4.519s] -- Installing: /home/siyuen/Desktop/ros2_ws/install/costmap_converter_msgs/include/costmap_converter_msgs/costmap_converter_msgs/msg
[4.519s] -- Installing: /home/siyuen/Desktop/ros2_ws/install/costmap_converter_msgs/include/costmap_converter_msgs/costmap_converter_msgs/msg/obstacle_msg.h
[4.519s] -- Installing: /home/siyuen/Desktop/ros2_ws/install/costmap_converter_msgs/include/costmap_converter_msgs/costmap_converter_msgs/msg/rosidl_generator_c__visibility_control.h
[4.519s] -- Installing: /home/siyuen/Desktop/ros2_ws/install/costmap_converter_msgs/include/costmap_converter_msgs/costmap_converter_msgs/msg/detail
[4.519s] -- Installing: /home/siyuen/Desktop/ros2_ws/install/costmap_converter_msgs/include/costmap_converter_msgs/costmap_converter_msgs/msg/detail/obstacle_msg__functions.h
[4.519s] -- Installing: /home/siyuen/Desktop/ros2_ws/install/costmap_converter_msgs/include/costmap_converter_msgs/costmap_converter_msgs/msg/detail/obstacle_msg__struct.h
[4.520s] -- Installing: /home/siyuen/Desktop/ros2_ws/install/costmap_converter_msgs/include/costmap_converter_msgs/costmap_converter_msgs/msg/detail/obstacle_msg__functions.c
[4.520s] -- Installing: /home/siyuen/Desktop/ros2_ws/install/costmap_converter_msgs/include/costmap_converter_msgs/costmap_converter_msgs/msg/detail/obstacle_array_msg__functions.h
[4.520s] -- Installing: /home/siyuen/Desktop/ros2_ws/install/costmap_converter_msgs/include/costmap_converter_msgs/costmap_converter_msgs/msg/detail/obstacle_array_msg__functions.c
[4.520s] -- Installing: /home/siyuen/Desktop/ros2_ws/install/costmap_converter_msgs/include/costmap_converter_msgs/costmap_converter_msgs/msg/detail/obstacle_msg__type_support.h
[4.520s] -- Installing: /home/siyuen/Desktop/ros2_ws/install/costmap_converter_msgs/include/costmap_converter_msgs/costmap_converter_msgs/msg/detail/obstacle_array_msg__type_support.h
[4.520s] -- Installing: /home/siyuen/Desktop/ros2_ws/install/costmap_converter_msgs/include/costmap_converter_msgs/costmap_converter_msgs/msg/detail/obstacle_array_msg__struct.h
[4.520s] -- Installing: /home/siyuen/Desktop/ros2_ws/install/costmap_converter_msgs/include/costmap_converter_msgs/costmap_converter_msgs/msg/obstacle_array_msg.h
[4.520s] -- Installing: /home/siyuen/Desktop/ros2_ws/install/costmap_converter_msgs/share/costmap_converter_msgs/environment/library_path.sh
[4.521s] -- Installing: /home/siyuen/Desktop/ros2_ws/install/costmap_converter_msgs/share/costmap_converter_msgs/environment/library_path.dsv
[4.521s] -- Installing: /home/siyuen/Desktop/ros2_ws/install/costmap_converter_msgs/lib/libcostmap_converter_msgs__rosidl_generator_c.so
[4.521s] -- Set runtime path of "/home/siyuen/Desktop/ros2_ws/install/costmap_converter_msgs/lib/libcostmap_converter_msgs__rosidl_generator_c.so" to ""
[4.521s] -- Up-to-date: /home/siyuen/Desktop/ros2_ws/install/costmap_converter_msgs/include/costmap_converter_msgs/costmap_converter_msgs
[4.521s] -- Up-to-date: /home/siyuen/Desktop/ros2_ws/install/costmap_converter_msgs/include/costmap_converter_msgs/costmap_converter_msgs/msg
[4.522s] -- Up-to-date: /home/siyuen/Desktop/ros2_ws/install/costmap_converter_msgs/include/costmap_converter_msgs/costmap_converter_msgs/msg/detail
[4.522s] -- Installing: /home/siyuen/Desktop/ros2_ws/install/costmap_converter_msgs/include/costmap_converter_msgs/costmap_converter_msgs/msg/detail/obstacle_array_msg__rosidl_typesupport_fastrtps_c.h
[4.522s] -- Installing: /home/siyuen/Desktop/ros2_ws/install/costmap_converter_msgs/include/costmap_converter_msgs/costmap_converter_msgs/msg/detail/obstacle_msg__rosidl_typesupport_fastrtps_c.h
[4.522s] -- Installing: /home/siyuen/Desktop/ros2_ws/install/costmap_converter_msgs/include/costmap_converter_msgs/costmap_converter_msgs/msg/rosidl_typesupport_fastrtps_c__visibility_control.h
[4.522s] -- Installing: /home/siyuen/Desktop/ros2_ws/install/costmap_converter_msgs/lib/libcostmap_converter_msgs__rosidl_typesupport_fastrtps_c.so
[4.522s] -- Set runtime path of "/home/siyuen/Desktop/ros2_ws/install/costmap_converter_msgs/lib/libcostmap_converter_msgs__rosidl_typesupport_fastrtps_c.so" to ""
[4.523s] -- Up-to-date: /home/siyuen/Desktop/ros2_ws/install/costmap_converter_msgs/include/costmap_converter_msgs/costmap_converter_msgs
[4.523s] -- Up-to-date: /home/siyuen/Desktop/ros2_ws/install/costmap_converter_msgs/include/costmap_converter_msgs/costmap_converter_msgs/msg
[4.523s] -- Installing: /home/siyuen/Desktop/ros2_ws/install/costmap_converter_msgs/include/costmap_converter_msgs/costmap_converter_msgs/msg/rosidl_generator_cpp__visibility_control.hpp
[4.523s] -- Installing: /home/siyuen/Desktop/ros2_ws/install/costmap_converter_msgs/include/costmap_converter_msgs/costmap_converter_msgs/msg/obstacle_msg.hpp
[4.523s] -- Up-to-date: /home/siyuen/Desktop/ros2_ws/install/costmap_converter_msgs/include/costmap_converter_msgs/costmap_converter_msgs/msg/detail
[4.523s] -- Installing: /home/siyuen/Desktop/ros2_ws/install/costmap_converter_msgs/include/costmap_converter_msgs/costmap_converter_msgs/msg/detail/obstacle_array_msg__type_support.hpp
[4.523s] -- Installing: /home/siyuen/Desktop/ros2_ws/install/costmap_converter_msgs/include/costmap_converter_msgs/costmap_converter_msgs/msg/detail/obstacle_msg__builder.hpp
[4.523s] -- Installing: /home/siyuen/Desktop/ros2_ws/install/costmap_converter_msgs/include/costmap_converter_msgs/costmap_converter_msgs/msg/detail/obstacle_msg__traits.hpp
[4.524s] -- Installing: /home/siyuen/Desktop/ros2_ws/install/costmap_converter_msgs/include/costmap_converter_msgs/costmap_converter_msgs/msg/detail/obstacle_array_msg__traits.hpp
[4.524s] -- Installing: /home/siyuen/Desktop/ros2_ws/install/costmap_converter_msgs/include/costmap_converter_msgs/costmap_converter_msgs/msg/detail/obstacle_array_msg__builder.hpp
[4.524s] -- Installing: /home/siyuen/Desktop/ros2_ws/install/costmap_converter_msgs/include/costmap_converter_msgs/costmap_converter_msgs/msg/detail/obstacle_msg__type_support.hpp
[4.524s] -- Installing: /home/siyuen/Desktop/ros2_ws/install/costmap_converter_msgs/include/costmap_converter_msgs/costmap_converter_msgs/msg/detail/obstacle_msg__struct.hpp
[4.524s] -- Installing: /home/siyuen/Desktop/ros2_ws/install/costmap_converter_msgs/include/costmap_converter_msgs/costmap_converter_msgs/msg/detail/obstacle_array_msg__struct.hpp
[4.524s] -- Installing: /home/siyuen/Desktop/ros2_ws/install/costmap_converter_msgs/include/costmap_converter_msgs/costmap_converter_msgs/msg/obstacle_array_msg.hpp
[4.525s] -- Up-to-date: /home/siyuen/Desktop/ros2_ws/install/costmap_converter_msgs/include/costmap_converter_msgs/costmap_converter_msgs
[4.525s] -- Up-to-date: /home/siyuen/Desktop/ros2_ws/install/costmap_converter_msgs/include/costmap_converter_msgs/costmap_converter_msgs/msg
[4.525s] -- Up-to-date: /home/siyuen/Desktop/ros2_ws/install/costmap_converter_msgs/include/costmap_converter_msgs/costmap_converter_msgs/msg/detail
[4.525s] -- Installing: /home/siyuen/Desktop/ros2_ws/install/costmap_converter_msgs/include/costmap_converter_msgs/costmap_converter_msgs/msg/detail/obstacle_array_msg__rosidl_typesupport_fastrtps_cpp.hpp
[4.525s] -- Installing: /home/siyuen/Desktop/ros2_ws/install/costmap_converter_msgs/include/costmap_converter_msgs/costmap_converter_msgs/msg/detail/dds_fastrtps
[4.525s] -- Installing: /home/siyuen/Desktop/ros2_ws/install/costmap_converter_msgs/include/costmap_converter_msgs/costmap_converter_msgs/msg/detail/obstacle_msg__rosidl_typesupport_fastrtps_cpp.hpp
[4.525s] -- Installing: /home/siyuen/Desktop/ros2_ws/install/costmap_converter_msgs/include/costmap_converter_msgs/costmap_converter_msgs/msg/rosidl_typesupport_fastrtps_cpp__visibility_control.h
[4.525s] -- Installing: /home/siyuen/Desktop/ros2_ws/install/costmap_converter_msgs/lib/libcostmap_converter_msgs__rosidl_typesupport_fastrtps_cpp.so
[4.525s] -- Set runtime path of "/home/siyuen/Desktop/ros2_ws/install/costmap_converter_msgs/lib/libcostmap_converter_msgs__rosidl_typesupport_fastrtps_cpp.so" to ""
[4.525s] -- Up-to-date: /home/siyuen/Desktop/ros2_ws/install/costmap_converter_msgs/include/costmap_converter_msgs/costmap_converter_msgs
[4.526s] -- Up-to-date: /home/siyuen/Desktop/ros2_ws/install/costmap_converter_msgs/include/costmap_converter_msgs/costmap_converter_msgs/msg
[4.526s] -- Installing: /home/siyuen/Desktop/ros2_ws/install/costmap_converter_msgs/include/costmap_converter_msgs/costmap_converter_msgs/msg/rosidl_typesupport_introspection_c__visibility_control.h
[4.526s] -- Up-to-date: /home/siyuen/Desktop/ros2_ws/install/costmap_converter_msgs/include/costmap_converter_msgs/costmap_converter_msgs/msg/detail
[4.526s] -- Installing: /home/siyuen/Desktop/ros2_ws/install/costmap_converter_msgs/include/costmap_converter_msgs/costmap_converter_msgs/msg/detail/obstacle_msg__type_support.c
[4.526s] -- Installing: /home/siyuen/Desktop/ros2_ws/install/costmap_converter_msgs/include/costmap_converter_msgs/costmap_converter_msgs/msg/detail/obstacle_array_msg__type_support.c
[4.526s] -- Installing: /home/siyuen/Desktop/ros2_ws/install/costmap_converter_msgs/include/costmap_converter_msgs/costmap_converter_msgs/msg/detail/obstacle_array_msg__rosidl_typesupport_introspection_c.h
[4.526s] -- Installing: /home/siyuen/Desktop/ros2_ws/install/costmap_converter_msgs/include/costmap_converter_msgs/costmap_converter_msgs/msg/detail/obstacle_msg__rosidl_typesupport_introspection_c.h
[4.526s] -- Installing: /home/siyuen/Desktop/ros2_ws/install/costmap_converter_msgs/lib/libcostmap_converter_msgs__rosidl_typesupport_introspection_c.so
[4.526s] -- Set runtime path of "/home/siyuen/Desktop/ros2_ws/install/costmap_converter_msgs/lib/libcostmap_converter_msgs__rosidl_typesupport_introspection_c.so" to ""
[4.526s] -- Installing: /home/siyuen/Desktop/ros2_ws/install/costmap_converter_msgs/lib/libcostmap_converter_msgs__rosidl_typesupport_c.so
[4.527s] -- Set runtime path of "/home/siyuen/Desktop/ros2_ws/install/costmap_converter_msgs/lib/libcostmap_converter_msgs__rosidl_typesupport_c.so" to ""
[4.527s] -- Up-to-date: /home/siyuen/Desktop/ros2_ws/install/costmap_converter_msgs/include/costmap_converter_msgs/costmap_converter_msgs
[4.527s] -- Up-to-date: /home/siyuen/Desktop/ros2_ws/install/costmap_converter_msgs/include/costmap_converter_msgs/costmap_converter_msgs/msg
[4.527s] -- Up-to-date: /home/siyuen/Desktop/ros2_ws/install/costmap_converter_msgs/include/costmap_converter_msgs/costmap_converter_msgs/msg/detail
[4.527s] -- Installing: /home/siyuen/Desktop/ros2_ws/install/costmap_converter_msgs/include/costmap_converter_msgs/costmap_converter_msgs/msg/detail/obstacle_msg__type_support.cpp
[4.527s] -- Installing: /home/siyuen/Desktop/ros2_ws/install/costmap_converter_msgs/include/costmap_converter_msgs/costmap_converter_msgs/msg/detail/obstacle_array_msg__type_support.cpp
[4.528s] -- Installing: /home/siyuen/Desktop/ros2_ws/install/costmap_converter_msgs/include/costmap_converter_msgs/costmap_converter_msgs/msg/detail/obstacle_msg__rosidl_typesupport_introspection_cpp.hpp
[4.528s] -- Installing: /home/siyuen/Desktop/ros2_ws/install/costmap_converter_msgs/include/costmap_converter_msgs/costmap_converter_msgs/msg/detail/obstacle_array_msg__rosidl_typesupport_introspection_cpp.hpp
[4.528s] -- Installing: /home/siyuen/Desktop/ros2_ws/install/costmap_converter_msgs/lib/libcostmap_converter_msgs__rosidl_typesupport_introspection_cpp.so
[4.528s] -- Set runtime path of "/home/siyuen/Desktop/ros2_ws/install/costmap_converter_msgs/lib/libcostmap_converter_msgs__rosidl_typesupport_introspection_cpp.so" to ""
[4.528s] -- Installing: /home/siyuen/Desktop/ros2_ws/install/costmap_converter_msgs/lib/libcostmap_converter_msgs__rosidl_typesupport_cpp.so
[4.528s] -- Set runtime path of "/home/siyuen/Desktop/ros2_ws/install/costmap_converter_msgs/lib/libcostmap_converter_msgs__rosidl_typesupport_cpp.so" to ""
[4.528s] -- Installing: /home/siyuen/Desktop/ros2_ws/install/costmap_converter_msgs/share/costmap_converter_msgs/environment/pythonpath.sh
[4.529s] -- Installing: /home/siyuen/Desktop/ros2_ws/install/costmap_converter_msgs/share/costmap_converter_msgs/environment/pythonpath.dsv
[4.529s] -- Installing: /home/siyuen/Desktop/ros2_ws/install/costmap_converter_msgs/lib/python3.10/site-packages/costmap_converter_msgs-0.1.2-py3.10.egg-info
[4.529s] -- Installing: /home/siyuen/Desktop/ros2_ws/install/costmap_converter_msgs/lib/python3.10/site-packages/costmap_converter_msgs-0.1.2-py3.10.egg-info/SOURCES.txt
[4.529s] -- Installing: /home/siyuen/Desktop/ros2_ws/install/costmap_converter_msgs/lib/python3.10/site-packages/costmap_converter_msgs-0.1.2-py3.10.egg-info/dependency_links.txt
[4.529s] -- Installing: /home/siyuen/Desktop/ros2_ws/install/costmap_converter_msgs/lib/python3.10/site-packages/costmap_converter_msgs-0.1.2-py3.10.egg-info/top_level.txt
[4.529s] -- Installing: /home/siyuen/Desktop/ros2_ws/install/costmap_converter_msgs/lib/python3.10/site-packages/costmap_converter_msgs-0.1.2-py3.10.egg-info/PKG-INFO
[4.529s] -- Installing: /home/siyuen/Desktop/ros2_ws/install/costmap_converter_msgs/lib/python3.10/site-packages/costmap_converter_msgs
[4.529s] -- Installing: /home/siyuen/Desktop/ros2_ws/install/costmap_converter_msgs/lib/python3.10/site-packages/costmap_converter_msgs/_costmap_converter_msgs_s.ep.rosidl_typesupport_introspection_c.c
[4.530s] -- Installing: /home/siyuen/Desktop/ros2_ws/install/costmap_converter_msgs/lib/python3.10/site-packages/costmap_converter_msgs/_costmap_converter_msgs_s.ep.rosidl_typesupport_c.c
[4.530s] -- Installing: /home/siyuen/Desktop/ros2_ws/install/costmap_converter_msgs/lib/python3.10/site-packages/costmap_converter_msgs/_costmap_converter_msgs_s.ep.rosidl_typesupport_fastrtps_c.c
[4.530s] -- Installing: /home/siyuen/Desktop/ros2_ws/install/costmap_converter_msgs/lib/python3.10/site-packages/costmap_converter_msgs/libcostmap_converter_msgs__rosidl_generator_py.so
[4.530s] -- Installing: /home/siyuen/Desktop/ros2_ws/install/costmap_converter_msgs/lib/python3.10/site-packages/costmap_converter_msgs/costmap_converter_msgs_s__rosidl_typesupport_c.cpython-310-x86_64-linux-gnu.so
[4.530s] -- Installing: /home/siyuen/Desktop/ros2_ws/install/costmap_converter_msgs/lib/python3.10/site-packages/costmap_converter_msgs/costmap_converter_msgs_s__rosidl_typesupport_fastrtps_c.cpython-310-x86_64-linux-gnu.so
[4.530s] -- Installing: /home/siyuen/Desktop/ros2_ws/install/costmap_converter_msgs/lib/python3.10/site-packages/costmap_converter_msgs/msg
[4.530s] -- Installing: /home/siyuen/Desktop/ros2_ws/install/costmap_converter_msgs/lib/python3.10/site-packages/costmap_converter_msgs/msg/_obstacle_array_msg_s.c
[4.530s] -- Installing: /home/siyuen/Desktop/ros2_ws/install/costmap_converter_msgs/lib/python3.10/site-packages/costmap_converter_msgs/msg/_obstacle_array_msg.py
[4.531s] -- Installing: /home/siyuen/Desktop/ros2_ws/install/costmap_converter_msgs/lib/python3.10/site-packages/costmap_converter_msgs/msg/_obstacle_msg_s.c
[4.531s] -- Installing: /home/siyuen/Desktop/ros2_ws/install/costmap_converter_msgs/lib/python3.10/site-packages/costmap_converter_msgs/msg/_obstacle_msg.py
[4.531s] -- Installing: /home/siyuen/Desktop/ros2_ws/install/costmap_converter_msgs/lib/python3.10/site-packages/costmap_converter_msgs/msg/__init__.py
[4.531s] -- Installing: /home/siyuen/Desktop/ros2_ws/install/costmap_converter_msgs/lib/python3.10/site-packages/costmap_converter_msgs/__init__.py
[4.531s] -- Installing: /home/siyuen/Desktop/ros2_ws/install/costmap_converter_msgs/lib/python3.10/site-packages/costmap_converter_msgs/costmap_converter_msgs_s__rosidl_typesupport_introspection_c.cpython-310-x86_64-linux-gnu.so
[4.559s] Listing '/home/siyuen/Desktop/ros2_ws/install/costmap_converter_msgs/lib/python3.10/site-packages/costmap_converter_msgs'...
[4.559s] Compiling '/home/siyuen/Desktop/ros2_ws/install/costmap_converter_msgs/lib/python3.10/site-packages/costmap_converter_msgs/__init__.py'...
[4.559s] Listing '/home/siyuen/Desktop/ros2_ws/install/costmap_converter_msgs/lib/python3.10/site-packages/costmap_converter_msgs/msg'...
[4.559s] Compiling '/home/siyuen/Desktop/ros2_ws/install/costmap_converter_msgs/lib/python3.10/site-packages/costmap_converter_msgs/msg/__init__.py'...
[4.559s] Compiling '/home/siyuen/Desktop/ros2_ws/install/costmap_converter_msgs/lib/python3.10/site-packages/costmap_converter_msgs/msg/_obstacle_array_msg.py'...
[4.559s] Compiling '/home/siyuen/Desktop/ros2_ws/install/costmap_converter_msgs/lib/python3.10/site-packages/costmap_converter_msgs/msg/_obstacle_msg.py'...
[4.564s] -- Installing: /home/siyuen/Desktop/ros2_ws/install/costmap_converter_msgs/lib/python3.10/site-packages/costmap_converter_msgs/costmap_converter_msgs_s__rosidl_typesupport_fastrtps_c.cpython-310-x86_64-linux-gnu.so
[4.564s] -- Set runtime path of "/home/siyuen/Desktop/ros2_ws/install/costmap_converter_msgs/lib/python3.10/site-packages/costmap_converter_msgs/costmap_converter_msgs_s__rosidl_typesupport_fastrtps_c.cpython-310-x86_64-linux-gnu.so" to ""
[4.564s] -- Installing: /home/siyuen/Desktop/ros2_ws/install/costmap_converter_msgs/lib/python3.10/site-packages/costmap_converter_msgs/costmap_converter_msgs_s__rosidl_typesupport_introspection_c.cpython-310-x86_64-linux-gnu.so
[4.564s] -- Set runtime path of "/home/siyuen/Desktop/ros2_ws/install/costmap_converter_msgs/lib/python3.10/site-packages/costmap_converter_msgs/costmap_converter_msgs_s__rosidl_typesupport_introspection_c.cpython-310-x86_64-linux-gnu.so" to ""
[4.564s] -- Installing: /home/siyuen/Desktop/ros2_ws/install/costmap_converter_msgs/lib/python3.10/site-packages/costmap_converter_msgs/costmap_converter_msgs_s__rosidl_typesupport_c.cpython-310-x86_64-linux-gnu.so
[4.564s] -- Set runtime path of "/home/siyuen/Desktop/ros2_ws/install/costmap_converter_msgs/lib/python3.10/site-packages/costmap_converter_msgs/costmap_converter_msgs_s__rosidl_typesupport_c.cpython-310-x86_64-linux-gnu.so" to ""
[4.564s] -- Installing: /home/siyuen/Desktop/ros2_ws/install/costmap_converter_msgs/lib/libcostmap_converter_msgs__rosidl_generator_py.so
[4.565s] -- Set runtime path of "/home/siyuen/Desktop/ros2_ws/install/costmap_converter_msgs/lib/libcostmap_converter_msgs__rosidl_generator_py.so" to ""
[4.565s] -- Installing: /home/siyuen/Desktop/ros2_ws/install/costmap_converter_msgs/share/costmap_converter_msgs/msg/ObstacleMsg.idl
[4.565s] -- Installing: /home/siyuen/Desktop/ros2_ws/install/costmap_converter_msgs/share/costmap_converter_msgs/msg/ObstacleArrayMsg.idl
[4.565s] -- Installing: /home/siyuen/Desktop/ros2_ws/install/costmap_converter_msgs/share/costmap_converter_msgs/msg/ObstacleMsg.msg
[4.565s] -- Installing: /home/siyuen/Desktop/ros2_ws/install/costmap_converter_msgs/share/costmap_converter_msgs/msg/ObstacleArrayMsg.msg
[4.565s] -- Installing: /home/siyuen/Desktop/ros2_ws/install/costmap_converter_msgs/share/ament_index/resource_index/package_run_dependencies/costmap_converter_msgs
[4.566s] -- Installing: /home/siyuen/Desktop/ros2_ws/install/costmap_converter_msgs/share/ament_index/resource_index/parent_prefix_path/costmap_converter_msgs
[4.566s] -- Installing: /home/siyuen/Desktop/ros2_ws/install/costmap_converter_msgs/share/costmap_converter_msgs/environment/ament_prefix_path.sh
[4.566s] -- Installing: /home/siyuen/Desktop/ros2_ws/install/costmap_converter_msgs/share/costmap_converter_msgs/environment/ament_prefix_path.dsv
[4.566s] -- Installing: /home/siyuen/Desktop/ros2_ws/install/costmap_converter_msgs/share/costmap_converter_msgs/environment/path.sh
[4.566s] -- Installing: /home/siyuen/Desktop/ros2_ws/install/costmap_converter_msgs/share/costmap_converter_msgs/environment/path.dsv
[4.566s] -- Installing: /home/siyuen/Desktop/ros2_ws/install/costmap_converter_msgs/share/costmap_converter_msgs/local_setup.bash
[4.566s] -- Installing: /home/siyuen/Desktop/ros2_ws/install/costmap_converter_msgs/share/costmap_converter_msgs/local_setup.sh
[4.567s] -- Installing: /home/siyuen/Desktop/ros2_ws/install/costmap_converter_msgs/share/costmap_converter_msgs/local_setup.zsh
[4.567s] -- Installing: /home/siyuen/Desktop/ros2_ws/install/costmap_converter_msgs/share/costmap_converter_msgs/local_setup.dsv
[4.567s] -- Installing: /home/siyuen/Desktop/ros2_ws/install/costmap_converter_msgs/share/costmap_converter_msgs/package.dsv
[4.567s] -- Installing: /home/siyuen/Desktop/ros2_ws/install/costmap_converter_msgs/share/ament_index/resource_index/packages/costmap_converter_msgs
[4.567s] -- Installing: /home/siyuen/Desktop/ros2_ws/install/costmap_converter_msgs/share/costmap_converter_msgs/cmake/export_costmap_converter_msgs__rosidl_generator_cExport.cmake
[4.567s] -- Installing: /home/siyuen/Desktop/ros2_ws/install/costmap_converter_msgs/share/costmap_converter_msgs/cmake/export_costmap_converter_msgs__rosidl_generator_cExport-noconfig.cmake
[4.568s] -- Installing: /home/siyuen/Desktop/ros2_ws/install/costmap_converter_msgs/share/costmap_converter_msgs/cmake/export_costmap_converter_msgs__rosidl_typesupport_fastrtps_cExport.cmake
[4.568s] -- Installing: /home/siyuen/Desktop/ros2_ws/install/costmap_converter_msgs/share/costmap_converter_msgs/cmake/export_costmap_converter_msgs__rosidl_typesupport_fastrtps_cExport-noconfig.cmake
[4.568s] -- Installing: /home/siyuen/Desktop/ros2_ws/install/costmap_converter_msgs/share/costmap_converter_msgs/cmake/export_costmap_converter_msgs__rosidl_generator_cppExport.cmake
[4.568s] -- Installing: /home/siyuen/Desktop/ros2_ws/install/costmap_converter_msgs/share/costmap_converter_msgs/cmake/export_costmap_converter_msgs__rosidl_typesupport_fastrtps_cppExport.cmake
[4.568s] -- Installing: /home/siyuen/Desktop/ros2_ws/install/costmap_converter_msgs/share/costmap_converter_msgs/cmake/export_costmap_converter_msgs__rosidl_typesupport_fastrtps_cppExport-noconfig.cmake
[4.568s] -- Installing: /home/siyuen/Desktop/ros2_ws/install/costmap_converter_msgs/share/costmap_converter_msgs/cmake/costmap_converter_msgs__rosidl_typesupport_introspection_cExport.cmake
[4.568s] -- Installing: /home/siyuen/Desktop/ros2_ws/install/costmap_converter_msgs/share/costmap_converter_msgs/cmake/costmap_converter_msgs__rosidl_typesupport_introspection_cExport-noconfig.cmake
[4.569s] -- Installing: /home/siyuen/Desktop/ros2_ws/install/costmap_converter_msgs/share/costmap_converter_msgs/cmake/costmap_converter_msgs__rosidl_typesupport_cExport.cmake
[4.569s] -- Installing: /home/siyuen/Desktop/ros2_ws/install/costmap_converter_msgs/share/costmap_converter_msgs/cmake/costmap_converter_msgs__rosidl_typesupport_cExport-noconfig.cmake
[4.569s] -- Installing: /home/siyuen/Desktop/ros2_ws/install/costmap_converter_msgs/share/costmap_converter_msgs/cmake/costmap_converter_msgs__rosidl_typesupport_introspection_cppExport.cmake
[4.569s] -- Installing: /home/siyuen/Desktop/ros2_ws/install/costmap_converter_msgs/share/costmap_converter_msgs/cmake/costmap_converter_msgs__rosidl_typesupport_introspection_cppExport-noconfig.cmake
[4.569s] -- Installing: /home/siyuen/Desktop/ros2_ws/install/costmap_converter_msgs/share/costmap_converter_msgs/cmake/costmap_converter_msgs__rosidl_typesupport_cppExport.cmake
[4.570s] -- Installing: /home/siyuen/Desktop/ros2_ws/install/costmap_converter_msgs/share/costmap_converter_msgs/cmake/costmap_converter_msgs__rosidl_typesupport_cppExport-noconfig.cmake
[4.570s] -- Installing: /home/siyuen/Desktop/ros2_ws/install/costmap_converter_msgs/share/costmap_converter_msgs/cmake/export_costmap_converter_msgs__rosidl_generator_pyExport.cmake
[4.570s] -- Installing: /home/siyuen/Desktop/ros2_ws/install/costmap_converter_msgs/share/costmap_converter_msgs/cmake/export_costmap_converter_msgs__rosidl_generator_pyExport-noconfig.cmake
[4.570s] -- Installing: /home/siyuen/Desktop/ros2_ws/install/costmap_converter_msgs/share/costmap_converter_msgs/cmake/rosidl_cmake-extras.cmake
[4.570s] -- Installing: /home/siyuen/Desktop/ros2_ws/install/costmap_converter_msgs/share/costmap_converter_msgs/cmake/ament_cmake_export_dependencies-extras.cmake
[4.570s] -- Installing: /home/siyuen/Desktop/ros2_ws/install/costmap_converter_msgs/share/costmap_converter_msgs/cmake/ament_cmake_export_include_directories-extras.cmake
[4.570s] -- Installing: /home/siyuen/Desktop/ros2_ws/install/costmap_converter_msgs/share/costmap_converter_msgs/cmake/ament_cmake_export_libraries-extras.cmake
[4.570s] -- Installing: /home/siyuen/Desktop/ros2_ws/install/costmap_converter_msgs/share/costmap_converter_msgs/cmake/ament_cmake_export_targets-extras.cmake
[4.571s] -- Installing: /home/siyuen/Desktop/ros2_ws/install/costmap_converter_msgs/share/costmap_converter_msgs/cmake/rosidl_cmake_export_typesupport_targets-extras.cmake
[4.571s] -- Installing: /home/siyuen/Desktop/ros2_ws/install/costmap_converter_msgs/share/costmap_converter_msgs/cmake/rosidl_cmake_export_typesupport_libraries-extras.cmake
[4.571s] -- Installing: /home/siyuen/Desktop/ros2_ws/install/costmap_converter_msgs/share/costmap_converter_msgs/cmake/costmap_converter_msgsConfig.cmake
[4.571s] -- Installing: /home/siyuen/Desktop/ros2_ws/install/costmap_converter_msgs/share/costmap_converter_msgs/cmake/costmap_converter_msgsConfig-version.cmake
[4.571s] -- Installing: /home/siyuen/Desktop/ros2_ws/install/costmap_converter_msgs/share/costmap_converter_msgs/package.xml
[4.575s] Invoked command in '/home/siyuen/Desktop/ros2_ws/build/costmap_converter_msgs' returned '0': CMAKE_PREFIX_PATH=${CMAKE_PREFIX_PATH}:/home/siyuen/Desktop/ros2_ws/install/winterhack:/home/siyuen/Desktop/ros2_ws/install/robot_gazebo:/home/siyuen/Desktop/ros2_ws/install/landerpi_description:/opt/ros/humble VIRTUAL_ENV_PROMPT=(landerpi) /usr/bin/cmake --install /home/siyuen/Desktop/ros2_ws/build/costmap_converter_msgs
