[0.032s] Invoking command in '/home/siyuen/Desktop/ros2_ws/build/teb_local_planner': CMAKE_PREFIX_PATH=/home/siyuen/Desktop/ros2_ws/install/teb_msgs:/home/siyuen/Desktop/ros2_ws/install/costmap_converter:/home/siyuen/Desktop/ros2_ws/install/costmap_converter_msgs:/home/siyuen/Desktop/ros2_ws/install/winterhack_interfaces:/home/siyuen/Desktop/ros2_ws/install/trac_ik:/home/siyuen/Desktop/ros2_ws/install/trac_ik_kinematics_plugin:/home/siyuen/Desktop/ros2_ws/install/trac_ik_lib:/home/siyuen/Desktop/ros2_ws/install/teb_local_planner:/home/siyuen/Desktop/ros2_ws/install/holonomic_sim:/home/siyuen/Desktop/ros2_ws/install/winterhack:/home/siyuen/Desktop/ros2_ws/install/robot_gazebo:/home/siyuen/Desktop/ros2_ws/install/landerpi_description:/opt/ros/humble LD_LIBRARY_PATH=/home/siyuen/Desktop/ros2_ws/install/teb_msgs/lib:/home/siyuen/Desktop/ros2_ws/install/costmap_converter/lib:/home/siyuen/Desktop/ros2_ws/install/costmap_converter_msgs/lib:/home/siyuen/Desktop/ros2_ws/install/winterhack_interfaces/lib:/home/siyuen/Desktop/ros2_ws/install/trac_ik_kinematics_plugin/lib:/home/siyuen/Desktop/ros2_ws/install/trac_ik_lib/lib:/home/siyuen/Desktop/ros2_ws/install/teb_local_planner/lib:/home/siyuen/Desktop/ros2_ws/install/holonomic_sim/lib:/opt/ros/humble/opt/rviz_ogre_vendor/lib:/opt/ros/humble/lib/x86_64-linux-gnu:/opt/ros/humble/lib:/tmp/.mount_CursoryptyN0/usr/lib/:/tmp/.mount_CursoryptyN0/usr/lib32/:/tmp/.mount_CursoryptyN0/usr/lib64/:/tmp/.mount_CursoryptyN0/lib/:/tmp/.mount_CursoryptyN0/lib/i386-linux-gnu/:/tmp/.mount_CursoryptyN0/lib/x86_64-linux-gnu/:/tmp/.mount_CursoryptyN0/lib/aarch64-linux-gnu/:/tmp/.mount_CursoryptyN0/lib32/:/tmp/.mount_CursoryptyN0/lib64/ PYTHONPATH=/home/siyuen/Desktop/ros2_ws/install/teb_msgs/lib/python3.10/site-packages:/home/siyuen/Desktop/ros2_ws/install/costmap_converter_msgs/lib/python3.10/site-packages:/home/siyuen/Desktop/ros2_ws/install/winterhack/lib/python3.10/site-packages:/home/siyuen/Desktop/ros2_ws/install/winterhack_interfaces/lib/python3.10/site-packages:/home/siyuen/Desktop/ros2_ws/install/robot_gazebo/lib/python3.10/site-packages:/home/siyuen/Desktop/ros2_ws/install/landerpi_description/lib/python3.10/site-packages:/opt/ros/humble/lib/python3.10/site-packages:/opt/ros/humble/local/lib/python3.10/dist-packages VIRTUAL_ENV_PROMPT=(landerpi) /usr/bin/cmake /home/siyuen/Desktop/ros2_ws/src/teb_local_planner/teb_local_planner -DCMAKE_INSTALL_PREFIX=/home/siyuen/Desktop/ros2_ws/install/teb_local_planner
[0.100s] -- The C compiler identification is GNU 11.4.0
[0.154s] -- The CXX compiler identification is GNU 11.4.0
[0.163s] -- Detecting C compiler ABI info
[0.239s] -- Detecting C compiler ABI info - done
[0.244s] -- Check for working C compiler: /usr/bin/cc - skipped
[0.245s] -- Detecting C compile features
[0.245s] -- Detecting C compile features - done
[0.248s] -- Detecting CXX compiler ABI info
[0.327s] -- Detecting CXX compiler ABI info - done
[0.332s] -- Check for working CXX compiler: /usr/bin/c++ - skipped
[0.332s] -- Detecting CXX compile features
[0.333s] -- Detecting CXX compile features - done
[0.335s] -- Found ament_cmake: 1.3.12 (/opt/ros/humble/share/ament_cmake/cmake)
[0.460s] -- Found Python3: /home/siyuen/.venvs/landerpi/bin/python3 (found version "3.10.12") found components: Interpreter 
[0.532s] -- Found costmap_converter: 0.1.2 (/home/siyuen/Desktop/ros2_ws/install/costmap_converter/share/costmap_converter/cmake)
[0.572s] -- Found rosidl_generator_c: 3.1.7 (/opt/ros/humble/share/rosidl_generator_c/cmake)
[0.576s] -- Found rosidl_adapter: 3.1.7 (/opt/ros/humble/share/rosidl_adapter/cmake)
[0.583s] -- Found rosidl_generator_cpp: 3.1.7 (/opt/ros/humble/share/rosidl_generator_cpp/cmake)
[0.592s] -- Using all available rosidl_typesupport_c: rosidl_typesupport_fastrtps_c;rosidl_typesupport_introspection_c
[0.601s] -- Using all available rosidl_typesupport_cpp: rosidl_typesupport_fastrtps_cpp;rosidl_typesupport_introspection_cpp
[0.714s] -- Found rmw_implementation_cmake: 6.1.2 (/opt/ros/humble/share/rmw_implementation_cmake/cmake)
[0.716s] -- Found rmw_fastrtps_cpp: 6.2.9 (/opt/ros/humble/share/rmw_fastrtps_cpp/cmake)
[0.859s] -- Found OpenSSL: /usr/lib/x86_64-linux-gnu/libcrypto.so (found version "3.0.2")  
[0.892s] -- Found FastRTPS: /opt/ros/humble/include  
[0.938s] -- Using RMW implementation 'rmw_fastrtps_cpp' as default
[0.946s] -- Looking for pthread.h
[1.033s] -- Looking for pthread.h - found
[1.033s] -- Performing Test CMAKE_HAVE_LIBC_PTHREAD
[1.139s] -- Performing Test CMAKE_HAVE_LIBC_PTHREAD - Success
[1.141s] -- Found Threads: TRUE  
[1.296s] -- Found Eigen3: TRUE (found version "3.4.0") 
[1.296s] -- Ensuring Eigen3 include directory is part of orocos-kdl CMake target
[1.395s] -- Found dwb_critics: 1.1.20 (/opt/ros/humble/share/dwb_critics/cmake)
[1.495s] -- Found teb_msgs: 0.0.1 (/home/siyuen/Desktop/ros2_ws/install/teb_msgs/share/teb_msgs/cmake)
[1.520s] -- Found tf2_eigen: 0.25.17 (/opt/ros/humble/share/tf2_eigen/cmake)
[1.522s] -- System: Linux-6.8.0-87-generic
[1.522s] -- /opt/ros/humble/share/tinyxml2_vendor/cmake/Modules;/opt/ros/humble/share/eigen3_cmake_module/cmake/Modules;/opt/ros/humble/share/fastrtps_cmake_module/cmake/Modules;/home/siyuen/Desktop/ros2_ws/src/teb_local_planner/teb_local_planner/cmake_modules
[1.525s] -- Found SuiteSparse
[1.525s] -- Searching for g2o ...
[1.525s] -- Found g2o headers in: /opt/ros/humble/include/g2o
[1.526s] -- Found libg2o: /opt/ros/humble/lib/x86_64-linux-gnu/libg2o_csparse_extension.so;/opt/ros/humble/lib/x86_64-linux-gnu/libg2o_core.so;/opt/ros/humble/lib/x86_64-linux-gnu/libg2o_stuff.so;/opt/ros/humble/lib/x86_64-linux-gnu/libg2o_types_slam2d.so;/opt/ros/humble/lib/x86_64-linux-gnu/libg2o_types_slam3d.so;/opt/ros/humble/lib/x86_64-linux-gnu/libg2o_solver_cholmod.so;/opt/ros/humble/lib/x86_64-linux-gnu/libg2o_solver_pcg.so;/opt/ros/humble/lib/x86_64-linux-gnu/libg2o_solver_csparse.so;/opt/ros/humble/lib/x86_64-linux-gnu/libg2o_incremental.so
[1.533s] -- Found Boost: /usr/lib/x86_64-linux-gnu/cmake/Boost-1.74.0/BoostConfig.cmake (found version "1.74.0")  
[2.625s] -- Found ament_cmake_gtest: 1.3.12 (/opt/ros/humble/share/ament_cmake_gtest/cmake)
[2.676s] -- Configuring done
[2.716s] -- Generating done
[2.722s] -- Build files have been written to: /home/siyuen/Desktop/ros2_ws/build/teb_local_planner
[2.732s] Invoked command in '/home/siyuen/Desktop/ros2_ws/build/teb_local_planner' returned '0': CMAKE_PREFIX_PATH=/home/siyuen/Desktop/ros2_ws/install/teb_msgs:/home/siyuen/Desktop/ros2_ws/install/costmap_converter:/home/siyuen/Desktop/ros2_ws/install/costmap_converter_msgs:/home/siyuen/Desktop/ros2_ws/install/winterhack_interfaces:/home/siyuen/Desktop/ros2_ws/install/trac_ik:/home/siyuen/Desktop/ros2_ws/install/trac_ik_kinematics_plugin:/home/siyuen/Desktop/ros2_ws/install/trac_ik_lib:/home/siyuen/Desktop/ros2_ws/install/teb_local_planner:/home/siyuen/Desktop/ros2_ws/install/holonomic_sim:/home/siyuen/Desktop/ros2_ws/install/winterhack:/home/siyuen/Desktop/ros2_ws/install/robot_gazebo:/home/siyuen/Desktop/ros2_ws/install/landerpi_description:/opt/ros/humble LD_LIBRARY_PATH=/home/siyuen/Desktop/ros2_ws/install/teb_msgs/lib:/home/siyuen/Desktop/ros2_ws/install/costmap_converter/lib:/home/siyuen/Desktop/ros2_ws/install/costmap_converter_msgs/lib:/home/siyuen/Desktop/ros2_ws/install/winterhack_interfaces/lib:/home/siyuen/Desktop/ros2_ws/install/trac_ik_kinematics_plugin/lib:/home/siyuen/Desktop/ros2_ws/install/trac_ik_lib/lib:/home/siyuen/Desktop/ros2_ws/install/teb_local_planner/lib:/home/siyuen/Desktop/ros2_ws/install/holonomic_sim/lib:/opt/ros/humble/opt/rviz_ogre_vendor/lib:/opt/ros/humble/lib/x86_64-linux-gnu:/opt/ros/humble/lib:/tmp/.mount_CursoryptyN0/usr/lib/:/tmp/.mount_CursoryptyN0/usr/lib32/:/tmp/.mount_CursoryptyN0/usr/lib64/:/tmp/.mount_CursoryptyN0/lib/:/tmp/.mount_CursoryptyN0/lib/i386-linux-gnu/:/tmp/.mount_CursoryptyN0/lib/x86_64-linux-gnu/:/tmp/.mount_CursoryptyN0/lib/aarch64-linux-gnu/:/tmp/.mount_CursoryptyN0/lib32/:/tmp/.mount_CursoryptyN0/lib64/ PYTHONPATH=/home/siyuen/Desktop/ros2_ws/install/teb_msgs/lib/python3.10/site-packages:/home/siyuen/Desktop/ros2_ws/install/costmap_converter_msgs/lib/python3.10/site-packages:/home/siyuen/Desktop/ros2_ws/install/winterhack/lib/python3.10/site-packages:/home/siyuen/Desktop/ros2_ws/install/winterhack_interfaces/lib/python3.10/site-packages:/home/siyuen/Desktop/ros2_ws/install/robot_gazebo/lib/python3.10/site-packages:/home/siyuen/Desktop/ros2_ws/install/landerpi_description/lib/python3.10/site-packages:/opt/ros/humble/lib/python3.10/site-packages:/opt/ros/humble/local/lib/python3.10/dist-packages VIRTUAL_ENV_PROMPT=(landerpi) /usr/bin/cmake /home/siyuen/Desktop/ros2_ws/src/teb_local_planner/teb_local_planner -DCMAKE_INSTALL_PREFIX=/home/siyuen/Desktop/ros2_ws/install/teb_local_planner
[2.734s] Invoking command in '/home/siyuen/Desktop/ros2_ws/build/teb_local_planner': CMAKE_PREFIX_PATH=/home/siyuen/Desktop/ros2_ws/install/teb_msgs:/home/siyuen/Desktop/ros2_ws/install/costmap_converter:/home/siyuen/Desktop/ros2_ws/install/costmap_converter_msgs:/home/siyuen/Desktop/ros2_ws/install/winterhack_interfaces:/home/siyuen/Desktop/ros2_ws/install/trac_ik:/home/siyuen/Desktop/ros2_ws/install/trac_ik_kinematics_plugin:/home/siyuen/Desktop/ros2_ws/install/trac_ik_lib:/home/siyuen/Desktop/ros2_ws/install/teb_local_planner:/home/siyuen/Desktop/ros2_ws/install/holonomic_sim:/home/siyuen/Desktop/ros2_ws/install/winterhack:/home/siyuen/Desktop/ros2_ws/install/robot_gazebo:/home/siyuen/Desktop/ros2_ws/install/landerpi_description:/opt/ros/humble LD_LIBRARY_PATH=/home/siyuen/Desktop/ros2_ws/install/teb_msgs/lib:/home/siyuen/Desktop/ros2_ws/install/costmap_converter/lib:/home/siyuen/Desktop/ros2_ws/install/costmap_converter_msgs/lib:/home/siyuen/Desktop/ros2_ws/install/winterhack_interfaces/lib:/home/siyuen/Desktop/ros2_ws/install/trac_ik_kinematics_plugin/lib:/home/siyuen/Desktop/ros2_ws/install/trac_ik_lib/lib:/home/siyuen/Desktop/ros2_ws/install/teb_local_planner/lib:/home/siyuen/Desktop/ros2_ws/install/holonomic_sim/lib:/opt/ros/humble/opt/rviz_ogre_vendor/lib:/opt/ros/humble/lib/x86_64-linux-gnu:/opt/ros/humble/lib:/tmp/.mount_CursoryptyN0/usr/lib/:/tmp/.mount_CursoryptyN0/usr/lib32/:/tmp/.mount_CursoryptyN0/usr/lib64/:/tmp/.mount_CursoryptyN0/lib/:/tmp/.mount_CursoryptyN0/lib/i386-linux-gnu/:/tmp/.mount_CursoryptyN0/lib/x86_64-linux-gnu/:/tmp/.mount_CursoryptyN0/lib/aarch64-linux-gnu/:/tmp/.mount_CursoryptyN0/lib32/:/tmp/.mount_CursoryptyN0/lib64/ PYTHONPATH=/home/siyuen/Desktop/ros2_ws/install/teb_msgs/lib/python3.10/site-packages:/home/siyuen/Desktop/ros2_ws/install/costmap_converter_msgs/lib/python3.10/site-packages:/home/siyuen/Desktop/ros2_ws/install/winterhack/lib/python3.10/site-packages:/home/siyuen/Desktop/ros2_ws/install/winterhack_interfaces/lib/python3.10/site-packages:/home/siyuen/Desktop/ros2_ws/install/robot_gazebo/lib/python3.10/site-packages:/home/siyuen/Desktop/ros2_ws/install/landerpi_description/lib/python3.10/site-packages:/opt/ros/humble/lib/python3.10/site-packages:/opt/ros/humble/local/lib/python3.10/dist-packages VIRTUAL_ENV_PROMPT=(landerpi) /usr/bin/cmake --build /home/siyuen/Desktop/ros2_ws/build/teb_local_planner -- -j20 -l20
[2.821s] [ 10%] [32mBuilding CXX object CMakeFiles/teb_local_planner.dir/src/visualization.cpp.o[0m
[2.824s] [ 20%] [32mBuilding CXX object CMakeFiles/teb_local_planner.dir/src/timed_elastic_band.cpp.o[0m
[2.825s] [ 30%] [32mBuilding CXX object CMakeFiles/teb_local_planner.dir/src/optimal_planner.cpp.o[0m
[2.826s] [ 40%] [32mBuilding CXX object CMakeFiles/teb_local_planner.dir/src/graph_search.cpp.o[0m
[2.826s] [ 50%] [32mBuilding CXX object CMakeFiles/teb_local_planner.dir/src/teb_local_planner_ros.cpp.o[0m
[2.836s] [ 60%] [32mBuilding CXX object CMakeFiles/teb_local_planner.dir/src/recovery_behaviors.cpp.o[0m
[2.837s] [ 70%] [32mBuilding CXX object CMakeFiles/teb_local_planner.dir/src/teb_config.cpp.o[0m
[2.844s] [ 80%] [32mBuilding CXX object CMakeFiles/teb_local_planner.dir/src/obstacles.cpp.o[0m
[2.844s] [ 90%] [32mBuilding CXX object CMakeFiles/teb_local_planner.dir/src/homotopy_class_planner.cpp.o[0m
[8.757s] In file included from [01m[K/opt/ros/humble/include/pluginlib/pluginlib/class_loader_imp.hpp:57[m[K,
[8.757s]                  from [01m[K/opt/ros/humble/include/pluginlib/pluginlib/class_loader.hpp:334[m[K,
[8.757s]                  from [01m[K/home/siyuen/Desktop/ros2_ws/src/teb_local_planner/teb_local_planner/include/teb_local_planner/teb_local_planner_ros.h:42[m[K,
[8.757s]                  from [01m[K/home/siyuen/Desktop/ros2_ws/src/teb_local_planner/teb_local_planner/src/teb_local_planner_ros.cpp:39[m[K:
[8.758s] [01m[K/home/siyuen/Desktop/ros2_ws/install/costmap_converter/include/costmap_converter/costmap_converter_interface.h:[m[K In member function ‘[01m[Kvoid costmap_converter::BaseCostmapToPolygons::startWorker(rclcpp::GenericRate<std::chrono::_V2::system_clock>::SharedPtr, nav2_costmap_2d::Costmap2D*, bool)[m[K’:
[8.758s] [01m[K/home/siyuen/Desktop/ros2_ws/install/costmap_converter/include/costmap_converter/costmap_converter_interface.h:197:41:[m[K [01;35m[Kwarning: [m[Ktoo many arguments for format [[01;35m[K]8;;https://gcc.gnu.org/onlinedocs/gcc/Warning-Options.html#index-Wformat-extra-args-Wformat-extra-args]8;;[m[K]
[8.758s]   197 |         RCLCPP_DEBUG(nh_->get_logger(), [01;35m[K"costmap_converter"[m[K, "Spinning up a thread for the CostmapToPolygons plugin");
[8.758s]       |                                         [01;35m[K^~~~~~~~~~~~~~~~~~~[m[K
[8.772s] [01m[K/home/siyuen/Desktop/ros2_ws/install/costmap_converter/include/costmap_converter/costmap_converter_interface.h:[m[K In member function ‘[01m[Kvoid costmap_converter::BaseCostmapToDynamicObstacles::loadStaticCostmapConverterPlugin(const string&, rclcpp::Node::SharedPtr)[m[K’:
[8.773s] [01m[K/home/siyuen/Desktop/ros2_ws/install/costmap_converter/include/costmap_converter/costmap_converter_interface.h:313:32:[m[K [01;35m[Kwarning: [m[Kformat ‘[01m[K%s[m[K’ expects argument of type ‘[01m[Kchar*[m[K’, but argument 5 has type ‘[01m[Kconst string[m[K’ {aka ‘[01m[Kconst std::__cxx11::basic_string<char>[m[K’} [[01;35m[K]8;;https://gcc.gnu.org/onlinedocs/gcc/Warning-Options.html#index-Wformat=-Wformat=]8;;[m[K]
[8.773s]   313 |       RCLCPP_INFO(getLogger(), [01;35m[K"CostmapToDynamicObstacles: underlying costmap conversion plugin for static obstacles %s loaded."[m[K, plugin_name);
[8.773s]       |                                [01;35m[K^~~~~~~~~~~~~~~~~~~~~~~~~~~~~~~~~~~~~~~~~~~~~~~~~~~~~~~~~~~~~~~~~~~~~~~~~~~~~~~~~~~~~~~~~~~~~~~~~[m[K
[8.773s] In file included from [01m[K/home/siyuen/Desktop/ros2_ws/src/teb_local_planner/teb_local_planner/include/teb_local_planner/teb_local_planner_ros.h:68[m[K,
[8.773s]                  from [01m[K/home/siyuen/Desktop/ros2_ws/src/teb_local_planner/teb_local_planner/src/teb_local_planner_ros.cpp:39[m[K:
[8.773s] [01m[K/home/siyuen/Desktop/ros2_ws/install/costmap_converter/include/costmap_converter/costmap_converter_interface.h:313:119:[m[K [01;36m[Knote: [m[Kformat string is defined here
[8.773s]   313 |       RCLCPP_INFO(getLogger(), "CostmapToDynamicObstacles: underlying costmap conversion plugin for static obstacles [01;36m[K%s[m[K loaded.", plugin_name);
[8.773s]       |                                                                                                                      [01;36m[K~^[m[K
[8.773s]       |                                                                                                                       [01;36m[K|[m[K
[8.773s]       |                                                                                                                       [01;36m[Kchar*[m[K
[27.698s] [100%] [32m[1mLinking CXX shared library libteb_local_planner.so[0m
[28.124s] [100%] Built target teb_local_planner
[28.136s] Invoked command in '/home/siyuen/Desktop/ros2_ws/build/teb_local_planner' returned '0': CMAKE_PREFIX_PATH=/home/siyuen/Desktop/ros2_ws/install/teb_msgs:/home/siyuen/Desktop/ros2_ws/install/costmap_converter:/home/siyuen/Desktop/ros2_ws/install/costmap_converter_msgs:/home/siyuen/Desktop/ros2_ws/install/winterhack_interfaces:/home/siyuen/Desktop/ros2_ws/install/trac_ik:/home/siyuen/Desktop/ros2_ws/install/trac_ik_kinematics_plugin:/home/siyuen/Desktop/ros2_ws/install/trac_ik_lib:/home/siyuen/Desktop/ros2_ws/install/teb_local_planner:/home/siyuen/Desktop/ros2_ws/install/holonomic_sim:/home/siyuen/Desktop/ros2_ws/install/winterhack:/home/siyuen/Desktop/ros2_ws/install/robot_gazebo:/home/siyuen/Desktop/ros2_ws/install/landerpi_description:/opt/ros/humble LD_LIBRARY_PATH=/home/siyuen/Desktop/ros2_ws/install/teb_msgs/lib:/home/siyuen/Desktop/ros2_ws/install/costmap_converter/lib:/home/siyuen/Desktop/ros2_ws/install/costmap_converter_msgs/lib:/home/siyuen/Desktop/ros2_ws/install/winterhack_interfaces/lib:/home/siyuen/Desktop/ros2_ws/install/trac_ik_kinematics_plugin/lib:/home/siyuen/Desktop/ros2_ws/install/trac_ik_lib/lib:/home/siyuen/Desktop/ros2_ws/install/teb_local_planner/lib:/home/siyuen/Desktop/ros2_ws/install/holonomic_sim/lib:/opt/ros/humble/opt/rviz_ogre_vendor/lib:/opt/ros/humble/lib/x86_64-linux-gnu:/opt/ros/humble/lib:/tmp/.mount_CursoryptyN0/usr/lib/:/tmp/.mount_CursoryptyN0/usr/lib32/:/tmp/.mount_CursoryptyN0/usr/lib64/:/tmp/.mount_CursoryptyN0/lib/:/tmp/.mount_CursoryptyN0/lib/i386-linux-gnu/:/tmp/.mount_CursoryptyN0/lib/x86_64-linux-gnu/:/tmp/.mount_CursoryptyN0/lib/aarch64-linux-gnu/:/tmp/.mount_CursoryptyN0/lib32/:/tmp/.mount_CursoryptyN0/lib64/ PYTHONPATH=/home/siyuen/Desktop/ros2_ws/install/teb_msgs/lib/python3.10/site-packages:/home/siyuen/Desktop/ros2_ws/install/costmap_converter_msgs/lib/python3.10/site-packages:/home/siyuen/Desktop/ros2_ws/install/winterhack/lib/python3.10/site-packages:/home/siyuen/Desktop/ros2_ws/install/winterhack_interfaces/lib/python3.10/site-packages:/home/siyuen/Desktop/ros2_ws/install/robot_gazebo/lib/python3.10/site-packages:/home/siyuen/Desktop/ros2_ws/install/landerpi_description/lib/python3.10/site-packages:/opt/ros/humble/lib/python3.10/site-packages:/opt/ros/humble/local/lib/python3.10/dist-packages VIRTUAL_ENV_PROMPT=(landerpi) /usr/bin/cmake --build /home/siyuen/Desktop/ros2_ws/build/teb_local_planner -- -j20 -l20
[28.138s] Invoking command in '/home/siyuen/Desktop/ros2_ws/build/teb_local_planner': CMAKE_PREFIX_PATH=/home/siyuen/Desktop/ros2_ws/install/teb_msgs:/home/siyuen/Desktop/ros2_ws/install/costmap_converter:/home/siyuen/Desktop/ros2_ws/install/costmap_converter_msgs:/home/siyuen/Desktop/ros2_ws/install/winterhack_interfaces:/home/siyuen/Desktop/ros2_ws/install/trac_ik:/home/siyuen/Desktop/ros2_ws/install/trac_ik_kinematics_plugin:/home/siyuen/Desktop/ros2_ws/install/trac_ik_lib:/home/siyuen/Desktop/ros2_ws/install/teb_local_planner:/home/siyuen/Desktop/ros2_ws/install/holonomic_sim:/home/siyuen/Desktop/ros2_ws/install/winterhack:/home/siyuen/Desktop/ros2_ws/install/robot_gazebo:/home/siyuen/Desktop/ros2_ws/install/landerpi_description:/opt/ros/humble LD_LIBRARY_PATH=/home/siyuen/Desktop/ros2_ws/install/teb_msgs/lib:/home/siyuen/Desktop/ros2_ws/install/costmap_converter/lib:/home/siyuen/Desktop/ros2_ws/install/costmap_converter_msgs/lib:/home/siyuen/Desktop/ros2_ws/install/winterhack_interfaces/lib:/home/siyuen/Desktop/ros2_ws/install/trac_ik_kinematics_plugin/lib:/home/siyuen/Desktop/ros2_ws/install/trac_ik_lib/lib:/home/siyuen/Desktop/ros2_ws/install/teb_local_planner/lib:/home/siyuen/Desktop/ros2_ws/install/holonomic_sim/lib:/opt/ros/humble/opt/rviz_ogre_vendor/lib:/opt/ros/humble/lib/x86_64-linux-gnu:/opt/ros/humble/lib:/tmp/.mount_CursoryptyN0/usr/lib/:/tmp/.mount_CursoryptyN0/usr/lib32/:/tmp/.mount_CursoryptyN0/usr/lib64/:/tmp/.mount_CursoryptyN0/lib/:/tmp/.mount_CursoryptyN0/lib/i386-linux-gnu/:/tmp/.mount_CursoryptyN0/lib/x86_64-linux-gnu/:/tmp/.mount_CursoryptyN0/lib/aarch64-linux-gnu/:/tmp/.mount_CursoryptyN0/lib32/:/tmp/.mount_CursoryptyN0/lib64/ PYTHONPATH=/home/siyuen/Desktop/ros2_ws/install/teb_msgs/lib/python3.10/site-packages:/home/siyuen/Desktop/ros2_ws/install/costmap_converter_msgs/lib/python3.10/site-packages:/home/siyuen/Desktop/ros2_ws/install/winterhack/lib/python3.10/site-packages:/home/siyuen/Desktop/ros2_ws/install/winterhack_interfaces/lib/python3.10/site-packages:/home/siyuen/Desktop/ros2_ws/install/robot_gazebo/lib/python3.10/site-packages:/home/siyuen/Desktop/ros2_ws/install/landerpi_description/lib/python3.10/site-packages:/opt/ros/humble/lib/python3.10/site-packages:/opt/ros/humble/local/lib/python3.10/dist-packages VIRTUAL_ENV_PROMPT=(landerpi) /usr/bin/cmake --install /home/siyuen/Desktop/ros2_ws/build/teb_local_planner
[28.145s] -- Install configuration: "Release"
[28.145s] -- Installing: /home/siyuen/Desktop/ros2_ws/install/teb_local_planner/lib/libteb_local_planner.so
[28.147s] -- Set runtime path of "/home/siyuen/Desktop/ros2_ws/install/teb_local_planner/lib/libteb_local_planner.so" to ""
[28.147s] -- Installing: /home/siyuen/Desktop/ros2_ws/install/teb_local_planner/include/
[28.147s] -- Installing: /home/siyuen/Desktop/ros2_ws/install/teb_local_planner/include//teb_local_planner
[28.147s] -- Installing: /home/siyuen/Desktop/ros2_ws/install/teb_local_planner/include//teb_local_planner/h_signature.h
[28.147s] -- Installing: /home/siyuen/Desktop/ros2_ws/install/teb_local_planner/include//teb_local_planner/distance_calculations.h
[28.147s] -- Installing: /home/siyuen/Desktop/ros2_ws/install/teb_local_planner/include//teb_local_planner/graph_search.h
[28.147s] -- Installing: /home/siyuen/Desktop/ros2_ws/install/teb_local_planner/include//teb_local_planner/robot_footprint_model.h
[28.148s] -- Installing: /home/siyuen/Desktop/ros2_ws/install/teb_local_planner/include//teb_local_planner/planner_interface.h
[28.148s] -- Installing: /home/siyuen/Desktop/ros2_ws/install/teb_local_planner/include//teb_local_planner/timed_elastic_band.hpp
[28.148s] -- Installing: /home/siyuen/Desktop/ros2_ws/install/teb_local_planner/include//teb_local_planner/pose_se2.h
[28.148s] -- Installing: /home/siyuen/Desktop/ros2_ws/install/teb_local_planner/include//teb_local_planner/homotopy_class_planner.h
[28.148s] -- Installing: /home/siyuen/Desktop/ros2_ws/install/teb_local_planner/include//teb_local_planner/timed_elastic_band.h
[28.148s] -- Installing: /home/siyuen/Desktop/ros2_ws/install/teb_local_planner/include//teb_local_planner/equivalence_relations.h
[28.148s] -- Installing: /home/siyuen/Desktop/ros2_ws/install/teb_local_planner/include//teb_local_planner/g2o_types
[28.148s] -- Installing: /home/siyuen/Desktop/ros2_ws/install/teb_local_planner/include//teb_local_planner/g2o_types/edge_via_point.h
[28.148s] -- Installing: /home/siyuen/Desktop/ros2_ws/install/teb_local_planner/include//teb_local_planner/g2o_types/vertex_pose.h
[28.148s] -- Installing: /home/siyuen/Desktop/ros2_ws/install/teb_local_planner/include//teb_local_planner/g2o_types/edge_prefer_rotdir.h
[28.148s] -- Installing: /home/siyuen/Desktop/ros2_ws/install/teb_local_planner/include//teb_local_planner/g2o_types/base_teb_edges.h
[28.149s] -- Installing: /home/siyuen/Desktop/ros2_ws/install/teb_local_planner/include//teb_local_planner/g2o_types/penalties.h
[28.149s] -- Installing: /home/siyuen/Desktop/ros2_ws/install/teb_local_planner/include//teb_local_planner/g2o_types/edge_velocity_obstacle_ratio.h
[28.149s] -- Installing: /home/siyuen/Desktop/ros2_ws/install/teb_local_planner/include//teb_local_planner/g2o_types/edge_shortest_path.h
[28.149s] -- Installing: /home/siyuen/Desktop/ros2_ws/install/teb_local_planner/include//teb_local_planner/g2o_types/edge_obstacle.h
[28.149s] -- Installing: /home/siyuen/Desktop/ros2_ws/install/teb_local_planner/include//teb_local_planner/g2o_types/vertex_timediff.h
[28.149s] -- Installing: /home/siyuen/Desktop/ros2_ws/install/teb_local_planner/include//teb_local_planner/g2o_types/edge_acceleration.h
[28.149s] -- Installing: /home/siyuen/Desktop/ros2_ws/install/teb_local_planner/include//teb_local_planner/g2o_types/edge_dynamic_obstacle.h
[28.149s] -- Installing: /home/siyuen/Desktop/ros2_ws/install/teb_local_planner/include//teb_local_planner/g2o_types/edge_time_optimal.h
[28.149s] -- Installing: /home/siyuen/Desktop/ros2_ws/install/teb_local_planner/include//teb_local_planner/g2o_types/edge_kinematics.h
[28.149s] -- Installing: /home/siyuen/Desktop/ros2_ws/install/teb_local_planner/include//teb_local_planner/g2o_types/edge_velocity.h
[28.149s] -- Installing: /home/siyuen/Desktop/ros2_ws/install/teb_local_planner/include//teb_local_planner/teb_config.h
[28.149s] -- Installing: /home/siyuen/Desktop/ros2_ws/install/teb_local_planner/include//teb_local_planner/homotopy_class_planner.hpp
[28.149s] -- Installing: /home/siyuen/Desktop/ros2_ws/install/teb_local_planner/include//teb_local_planner/visualization.h
[28.149s] -- Installing: /home/siyuen/Desktop/ros2_ws/install/teb_local_planner/include//teb_local_planner/recovery_behaviors.h
[28.149s] -- Installing: /home/siyuen/Desktop/ros2_ws/install/teb_local_planner/include//teb_local_planner/teb_local_planner_ros.h
[28.149s] -- Installing: /home/siyuen/Desktop/ros2_ws/install/teb_local_planner/include//teb_local_planner/obstacles.h
[28.149s] -- Installing: /home/siyuen/Desktop/ros2_ws/install/teb_local_planner/include//teb_local_planner/misc.h
[28.149s] -- Installing: /home/siyuen/Desktop/ros2_ws/install/teb_local_planner/include//teb_local_planner/visualization.hpp
[28.149s] -- Installing: /home/siyuen/Desktop/ros2_ws/install/teb_local_planner/include//teb_local_planner/optimal_planner.h
[28.149s] -- Installing: /home/siyuen/Desktop/ros2_ws/install/teb_local_planner/share/teb_local_planner_plugin.xml
[28.149s] -- Installing: /home/siyuen/Desktop/ros2_ws/install/teb_local_planner/lib/teb_local_planner/cmd_vel_to_ackermann_drive.py
[28.149s] -- Installing: /home/siyuen/Desktop/ros2_ws/install/teb_local_planner/share/teb_local_planner/params
[28.149s] -- Installing: /home/siyuen/Desktop/ros2_ws/install/teb_local_planner/share/teb_local_planner/params/teb_params.yaml
[28.149s] -- Installing: /home/siyuen/Desktop/ros2_ws/install/teb_local_planner/share/teb_local_planner/environment/library_path.sh
[28.149s] -- Installing: /home/siyuen/Desktop/ros2_ws/install/teb_local_planner/share/teb_local_planner/environment/library_path.dsv
[28.149s] -- Installing: /home/siyuen/Desktop/ros2_ws/install/teb_local_planner/share/teb_local_planner/teb_local_planner_plugin.xml
[28.150s] -- Installing: /home/siyuen/Desktop/ros2_ws/install/teb_local_planner/share/ament_index/resource_index/package_run_dependencies/teb_local_planner
[28.150s] -- Installing: /home/siyuen/Desktop/ros2_ws/install/teb_local_planner/share/ament_index/resource_index/parent_prefix_path/teb_local_planner
[28.150s] -- Installing: /home/siyuen/Desktop/ros2_ws/install/teb_local_planner/share/teb_local_planner/environment/ament_prefix_path.sh
[28.150s] -- Installing: /home/siyuen/Desktop/ros2_ws/install/teb_local_planner/share/teb_local_planner/environment/ament_prefix_path.dsv
[28.150s] -- Installing: /home/siyuen/Desktop/ros2_ws/install/teb_local_planner/share/teb_local_planner/environment/path.sh
[28.150s] -- Installing: /home/siyuen/Desktop/ros2_ws/install/teb_local_planner/share/teb_local_planner/environment/path.dsv
[28.150s] -- Installing: /home/siyuen/Desktop/ros2_ws/install/teb_local_planner/share/teb_local_planner/local_setup.bash
[28.150s] -- Installing: /home/siyuen/Desktop/ros2_ws/install/teb_local_planner/share/teb_local_planner/local_setup.sh
[28.150s] -- Installing: /home/siyuen/Desktop/ros2_ws/install/teb_local_planner/share/teb_local_planner/local_setup.zsh
[28.150s] -- Installing: /home/siyuen/Desktop/ros2_ws/install/teb_local_planner/share/teb_local_planner/local_setup.dsv
[28.150s] -- Installing: /home/siyuen/Desktop/ros2_ws/install/teb_local_planner/share/teb_local_planner/package.dsv
[28.150s] -- Installing: /home/siyuen/Desktop/ros2_ws/install/teb_local_planner/share/ament_index/resource_index/packages/teb_local_planner
[28.150s] -- Installing: /home/siyuen/Desktop/ros2_ws/install/teb_local_planner/share/ament_index/resource_index/nav2_core__pluginlib__plugin/teb_local_planner
[28.150s] -- Installing: /home/siyuen/Desktop/ros2_ws/install/teb_local_planner/share/teb_local_planner/cmake/ament_cmake_export_include_directories-extras.cmake
[28.150s] -- Installing: /home/siyuen/Desktop/ros2_ws/install/teb_local_planner/share/teb_local_planner/cmake/ament_cmake_export_libraries-extras.cmake
[28.150s] -- Installing: /home/siyuen/Desktop/ros2_ws/install/teb_local_planner/share/teb_local_planner/cmake/ament_cmake_export_dependencies-extras.cmake
[28.150s] -- Installing: /home/siyuen/Desktop/ros2_ws/install/teb_local_planner/share/teb_local_planner/cmake/teb_local_plannerConfig.cmake
[28.150s] -- Installing: /home/siyuen/Desktop/ros2_ws/install/teb_local_planner/share/teb_local_planner/cmake/teb_local_plannerConfig-version.cmake
[28.150s] -- Installing: /home/siyuen/Desktop/ros2_ws/install/teb_local_planner/share/teb_local_planner/package.xml
[28.151s] Invoked command in '/home/siyuen/Desktop/ros2_ws/build/teb_local_planner' returned '0': CMAKE_PREFIX_PATH=/home/siyuen/Desktop/ros2_ws/install/teb_msgs:/home/siyuen/Desktop/ros2_ws/install/costmap_converter:/home/siyuen/Desktop/ros2_ws/install/costmap_converter_msgs:/home/siyuen/Desktop/ros2_ws/install/winterhack_interfaces:/home/siyuen/Desktop/ros2_ws/install/trac_ik:/home/siyuen/Desktop/ros2_ws/install/trac_ik_kinematics_plugin:/home/siyuen/Desktop/ros2_ws/install/trac_ik_lib:/home/siyuen/Desktop/ros2_ws/install/teb_local_planner:/home/siyuen/Desktop/ros2_ws/install/holonomic_sim:/home/siyuen/Desktop/ros2_ws/install/winterhack:/home/siyuen/Desktop/ros2_ws/install/robot_gazebo:/home/siyuen/Desktop/ros2_ws/install/landerpi_description:/opt/ros/humble LD_LIBRARY_PATH=/home/siyuen/Desktop/ros2_ws/install/teb_msgs/lib:/home/siyuen/Desktop/ros2_ws/install/costmap_converter/lib:/home/siyuen/Desktop/ros2_ws/install/costmap_converter_msgs/lib:/home/siyuen/Desktop/ros2_ws/install/winterhack_interfaces/lib:/home/siyuen/Desktop/ros2_ws/install/trac_ik_kinematics_plugin/lib:/home/siyuen/Desktop/ros2_ws/install/trac_ik_lib/lib:/home/siyuen/Desktop/ros2_ws/install/teb_local_planner/lib:/home/siyuen/Desktop/ros2_ws/install/holonomic_sim/lib:/opt/ros/humble/opt/rviz_ogre_vendor/lib:/opt/ros/humble/lib/x86_64-linux-gnu:/opt/ros/humble/lib:/tmp/.mount_CursoryptyN0/usr/lib/:/tmp/.mount_CursoryptyN0/usr/lib32/:/tmp/.mount_CursoryptyN0/usr/lib64/:/tmp/.mount_CursoryptyN0/lib/:/tmp/.mount_CursoryptyN0/lib/i386-linux-gnu/:/tmp/.mount_CursoryptyN0/lib/x86_64-linux-gnu/:/tmp/.mount_CursoryptyN0/lib/aarch64-linux-gnu/:/tmp/.mount_CursoryptyN0/lib32/:/tmp/.mount_CursoryptyN0/lib64/ PYTHONPATH=/home/siyuen/Desktop/ros2_ws/install/teb_msgs/lib/python3.10/site-packages:/home/siyuen/Desktop/ros2_ws/install/costmap_converter_msgs/lib/python3.10/site-packages:/home/siyuen/Desktop/ros2_ws/install/winterhack/lib/python3.10/site-packages:/home/siyuen/Desktop/ros2_ws/install/winterhack_interfaces/lib/python3.10/site-packages:/home/siyuen/Desktop/ros2_ws/install/robot_gazebo/lib/python3.10/site-packages:/home/siyuen/Desktop/ros2_ws/install/landerpi_description/lib/python3.10/site-packages:/opt/ros/humble/lib/python3.10/site-packages:/opt/ros/humble/local/lib/python3.10/dist-packages VIRTUAL_ENV_PROMPT=(landerpi) /usr/bin/cmake --install /home/siyuen/Desktop/ros2_ws/build/teb_local_planner
