[0.183s] Invoking command in '/home/siyuen/Desktop/ros2_ws/build/winterhack_interfaces': CMAKE_PREFIX_PATH=${CMAKE_PREFIX_PATH}:/home/siyuen/Desktop/ros2_ws/install/winterhack:/home/siyuen/Desktop/ros2_ws/install/robot_gazebo:/home/siyuen/Desktop/ros2_ws/install/landerpi_description:/opt/ros/humble VIRTUAL_ENV_PROMPT=(landerpi) /usr/bin/cmake /home/siyuen/Desktop/ros2_ws/src/winterhack_interfaces -DCMAKE_INSTALL_PREFIX=/home/siyuen/Desktop/ros2_ws/install/winterhack_interfaces
[0.352s] -- The C compiler identification is GNU 11.4.0
[0.352s] -- The CXX compiler identification is GNU 11.4.0
[0.353s] -- Detecting C compiler ABI info
[0.445s] -- Detecting C compiler ABI info - done
[0.453s] -- Check for working C compiler: /usr/bin/cc - skipped
[0.453s] -- Detecting C compile features
[0.454s] -- Detecting C compile features - done
[0.456s] -- Detecting CXX compiler ABI info
[0.577s] -- Detecting CXX compiler ABI info - done
[0.586s] -- Check for working CXX compiler: /usr/bin/c++ - skipped
[0.586s] -- Detecting CXX compile features
[0.588s] -- Detecting CXX compile features - done
[0.590s] -- Found ament_cmake: 1.3.12 (/opt/ros/humble/share/ament_cmake/cmake)
[0.747s] -- Found Python3: /home/siyuen/.venvs/landerpi/bin/python3 (found version "3.10.12") found components: Interpreter 
[0.841s] -- Found rosidl_default_generators: 1.2.0 (/opt/ros/humble/share/rosidl_default_generators/cmake)
[0.846s] -- Using all available rosidl_typesupport_c: rosidl_typesupport_fastrtps_c;rosidl_typesupport_introspection_c
[0.852s] -- Found rosidl_adapter: 3.1.7 (/opt/ros/humble/share/rosidl_adapter/cmake)
[0.882s] -- Using all available rosidl_typesupport_cpp: rosidl_typesupport_fastrtps_cpp;rosidl_typesupport_introspection_cpp
[1.137s] -- Found ament_cmake_ros: 0.10.0 (/opt/ros/humble/share/ament_cmake_ros/cmake)
[1.301s] -- Using all available rosidl_typesupport_c: rosidl_typesupport_fastrtps_c;rosidl_typesupport_introspection_c
[1.514s] -- Using all available rosidl_typesupport_cpp: rosidl_typesupport_fastrtps_cpp;rosidl_typesupport_introspection_cpp
[1.537s] -- Found PythonInterp: /home/siyuen/.venvs/landerpi/bin/python3 (found suitable version "3.10.12", minimum required is "3.6") 
[1.538s] -- Found python_cmake_module: 0.10.0 (/opt/ros/humble/share/python_cmake_module/cmake)
[1.560s] -- Found PythonLibs: /usr/lib/x86_64-linux-gnu/libpython3.10.so (found suitable version "3.10.12", minimum required is "3.5") 
[1.560s] -- Using PYTHON_EXECUTABLE: /home/siyuen/.venvs/landerpi/bin/python3
[1.560s] -- Using PYTHON_INCLUDE_DIRS: /usr/include/python3.10
[1.560s] -- Using PYTHON_LIBRARIES: /usr/lib/x86_64-linux-gnu/libpython3.10.so
[1.577s] -- Found PythonExtra: .so  
[1.614s] -- Configuring done
[1.637s] -- Generating done
[1.645s] -- Build files have been written to: /home/siyuen/Desktop/ros2_ws/build/winterhack_interfaces
[1.649s] Invoked command in '/home/siyuen/Desktop/ros2_ws/build/winterhack_interfaces' returned '0': CMAKE_PREFIX_PATH=${CMAKE_PREFIX_PATH}:/home/siyuen/Desktop/ros2_ws/install/winterhack:/home/siyuen/Desktop/ros2_ws/install/robot_gazebo:/home/siyuen/Desktop/ros2_ws/install/landerpi_description:/opt/ros/humble VIRTUAL_ENV_PROMPT=(landerpi) /usr/bin/cmake /home/siyuen/Desktop/ros2_ws/src/winterhack_interfaces -DCMAKE_INSTALL_PREFIX=/home/siyuen/Desktop/ros2_ws/install/winterhack_interfaces
[1.650s] Invoking command in '/home/siyuen/Desktop/ros2_ws/build/winterhack_interfaces': CMAKE_PREFIX_PATH=${CMAKE_PREFIX_PATH}:/home/siyuen/Desktop/ros2_ws/install/winterhack:/home/siyuen/Desktop/ros2_ws/install/robot_gazebo:/home/siyuen/Desktop/ros2_ws/install/landerpi_description:/opt/ros/humble VIRTUAL_ENV_PROMPT=(landerpi) /usr/bin/cmake --build /home/siyuen/Desktop/ros2_ws/build/winterhack_interfaces -- -j20 -l20
[1.749s] [  2%] [34m[1mGenerating C code for ROS interfaces[0m
[1.767s] [  4%] [34m[1mGenerating C++ code for ROS interfaces[0m
[1.810s] [  4%] Built target ament_cmake_python_copy_winterhack_interfaces
[2.014s] running egg_info
[2.015s] creating winterhack_interfaces.egg-info
[2.015s] writing winterhack_interfaces.egg-info/PKG-INFO
[2.015s] writing dependency_links to winterhack_interfaces.egg-info/dependency_links.txt
[2.015s] writing top-level names to winterhack_interfaces.egg-info/top_level.txt
[2.015s] writing manifest file 'winterhack_interfaces.egg-info/SOURCES.txt'
[2.016s] reading manifest file 'winterhack_interfaces.egg-info/SOURCES.txt'
[2.017s] writing manifest file 'winterhack_interfaces.egg-info/SOURCES.txt'
[2.063s] [  4%] Built target ament_cmake_python_build_winterhack_interfaces_egg
[2.459s] [  6%] [32mBuilding C object CMakeFiles/winterhack_interfaces__rosidl_generator_c.dir/rosidl_generator_c/winterhack_interfaces/action/detail/pick__functions.c.o[0m
[2.462s] [  8%] [32mBuilding C object CMakeFiles/winterhack_interfaces__rosidl_generator_c.dir/rosidl_generator_c/winterhack_interfaces/action/detail/locate__functions.c.o[0m
[2.470s] [ 10%] [32mBuilding C object CMakeFiles/winterhack_interfaces__rosidl_generator_c.dir/rosidl_generator_c/winterhack_interfaces/action/detail/drop__functions.c.o[0m
[2.668s] [ 12%] [32m[1mLinking C shared library libwinterhack_interfaces__rosidl_generator_c.so[0m
[2.795s] [ 12%] Built target winterhack_interfaces__rosidl_generator_c
[2.813s] [ 12%] Built target winterhack_interfaces__cpp
[2.821s] [ 14%] [34m[1mGenerating C type support for eProsima Fast-RTPS[0m
[2.837s] [ 17%] [34m[1mGenerating C introspection for ROS interfaces[0m
[2.838s] [ 19%] [34m[1mGenerating C type support dispatch for ROS interfaces[0m
[2.845s] [ 21%] [34m[1mGenerating C++ type support for eProsima Fast-RTPS[0m
[2.848s] [ 23%] [34m[1mGenerating C++ introspection for ROS interfaces[0m
[2.850s] [ 25%] [34m[1mGenerating C++ type support dispatch for ROS interfaces[0m
[3.320s] [ 27%] [32mBuilding CXX object CMakeFiles/winterhack_interfaces__rosidl_typesupport_cpp.dir/rosidl_typesupport_cpp/winterhack_interfaces/action/pick__type_support.cpp.o[0m
[3.320s] [ 31%] [32mBuilding CXX object CMakeFiles/winterhack_interfaces__rosidl_typesupport_cpp.dir/rosidl_typesupport_cpp/winterhack_interfaces/action/drop__type_support.cpp.o[0m
[3.320s] [ 31%] [32mBuilding CXX object CMakeFiles/winterhack_interfaces__rosidl_typesupport_cpp.dir/rosidl_typesupport_cpp/winterhack_interfaces/action/locate__type_support.cpp.o[0m
[3.494s] [ 34%] [32mBuilding CXX object CMakeFiles/winterhack_interfaces__rosidl_typesupport_c.dir/rosidl_typesupport_c/winterhack_interfaces/action/locate__type_support.cpp.o[0m
[3.495s] [ 36%] [32mBuilding CXX object CMakeFiles/winterhack_interfaces__rosidl_typesupport_c.dir/rosidl_typesupport_c/winterhack_interfaces/action/drop__type_support.cpp.o[0m
[3.498s] [ 38%] [32mBuilding CXX object CMakeFiles/winterhack_interfaces__rosidl_typesupport_c.dir/rosidl_typesupport_c/winterhack_interfaces/action/pick__type_support.cpp.o[0m
[3.582s] [ 40%] [32m[1mLinking CXX shared library libwinterhack_interfaces__rosidl_typesupport_c.so[0m
[3.622s] [ 42%] [32mBuilding CXX object CMakeFiles/winterhack_interfaces__rosidl_typesupport_fastrtps_cpp.dir/rosidl_typesupport_fastrtps_cpp/winterhack_interfaces/action/detail/dds_fastrtps/drop__type_support.cpp.o[0m
[3.625s] [ 44%] [32mBuilding CXX object CMakeFiles/winterhack_interfaces__rosidl_typesupport_fastrtps_cpp.dir/rosidl_typesupport_fastrtps_cpp/winterhack_interfaces/action/detail/dds_fastrtps/pick__type_support.cpp.o[0m
[3.628s] [ 46%] [32mBuilding CXX object CMakeFiles/winterhack_interfaces__rosidl_typesupport_fastrtps_c.dir/rosidl_typesupport_fastrtps_c/winterhack_interfaces/action/detail/drop__type_support_c.cpp.o[0m
[3.628s] [ 48%] [32mBuilding CXX object CMakeFiles/winterhack_interfaces__rosidl_typesupport_fastrtps_cpp.dir/rosidl_typesupport_fastrtps_cpp/winterhack_interfaces/action/detail/dds_fastrtps/locate__type_support.cpp.o[0m
[3.630s] [ 51%] [32mBuilding CXX object CMakeFiles/winterhack_interfaces__rosidl_typesupport_fastrtps_c.dir/rosidl_typesupport_fastrtps_c/winterhack_interfaces/action/detail/pick__type_support_c.cpp.o[0m
[3.642s] [ 53%] [32mBuilding CXX object CMakeFiles/winterhack_interfaces__rosidl_typesupport_fastrtps_c.dir/rosidl_typesupport_fastrtps_c/winterhack_interfaces/action/detail/locate__type_support_c.cpp.o[0m
[3.691s] [ 55%] [32mBuilding CXX object CMakeFiles/winterhack_interfaces__rosidl_typesupport_introspection_cpp.dir/rosidl_typesupport_introspection_cpp/winterhack_interfaces/action/detail/locate__type_support.cpp.o[0m
[3.691s] [ 57%] [32mBuilding CXX object CMakeFiles/winterhack_interfaces__rosidl_typesupport_introspection_cpp.dir/rosidl_typesupport_introspection_cpp/winterhack_interfaces/action/detail/pick__type_support.cpp.o[0m
[3.691s] [ 59%] [32mBuilding CXX object CMakeFiles/winterhack_interfaces__rosidl_typesupport_introspection_cpp.dir/rosidl_typesupport_introspection_cpp/winterhack_interfaces/action/detail/drop__type_support.cpp.o[0m
[3.710s] [ 59%] Built target winterhack_interfaces__rosidl_typesupport_c
[3.742s] [ 61%] [32mBuilding C object CMakeFiles/winterhack_interfaces__rosidl_typesupport_introspection_c.dir/rosidl_typesupport_introspection_c/winterhack_interfaces/action/detail/drop__type_support.c.o[0m
[3.781s] [ 63%] [32mBuilding C object CMakeFiles/winterhack_interfaces__rosidl_typesupport_introspection_c.dir/rosidl_typesupport_introspection_c/winterhack_interfaces/action/detail/locate__type_support.c.o[0m
[3.781s] [ 65%] [32mBuilding C object CMakeFiles/winterhack_interfaces__rosidl_typesupport_introspection_c.dir/rosidl_typesupport_introspection_c/winterhack_interfaces/action/detail/pick__type_support.c.o[0m
[3.834s] [ 68%] [32m[1mLinking CXX shared library libwinterhack_interfaces__rosidl_typesupport_cpp.so[0m
[3.923s] [ 70%] [32m[1mLinking C shared library libwinterhack_interfaces__rosidl_typesupport_introspection_c.so[0m
[3.938s] [ 70%] Built target winterhack_interfaces__rosidl_typesupport_cpp
[3.966s] [ 70%] Built target winterhack_interfaces__rosidl_typesupport_introspection_c
[4.170s] [ 72%] [32m[1mLinking CXX shared library libwinterhack_interfaces__rosidl_typesupport_fastrtps_c.so[0m
[4.275s] [ 72%] Built target winterhack_interfaces__rosidl_typesupport_fastrtps_c
[4.343s] [ 74%] [32m[1mLinking CXX shared library libwinterhack_interfaces__rosidl_typesupport_introspection_cpp.so[0m
[4.347s] [ 76%] [32m[1mLinking CXX shared library libwinterhack_interfaces__rosidl_typesupport_fastrtps_cpp.so[0m
[4.434s] [ 76%] Built target winterhack_interfaces__rosidl_typesupport_fastrtps_cpp
[4.450s] [ 76%] Built target winterhack_interfaces__rosidl_typesupport_introspection_cpp
[4.497s] [ 76%] Built target winterhack_interfaces
[4.537s] [ 78%] [34m[1mGenerating Python code for ROS interfaces[0m
[5.651s] [ 78%] Built target winterhack_interfaces__py
[5.697s] [ 80%] [32mBuilding C object CMakeFiles/winterhack_interfaces__rosidl_generator_py.dir/rosidl_generator_py/winterhack_interfaces/action/_locate_s.c.o[0m
[5.697s] [ 82%] [32mBuilding C object CMakeFiles/winterhack_interfaces__rosidl_generator_py.dir/rosidl_generator_py/winterhack_interfaces/action/_drop_s.c.o[0m
[5.699s] [ 85%] [32mBuilding C object CMakeFiles/winterhack_interfaces__rosidl_generator_py.dir/rosidl_generator_py/winterhack_interfaces/action/_pick_s.c.o[0m
[5.868s] [ 87%] [32m[1mLinking C shared library rosidl_generator_py/winterhack_interfaces/libwinterhack_interfaces__rosidl_generator_py.so[0m
[5.930s] [ 87%] Built target winterhack_interfaces__rosidl_generator_py
[5.977s] [ 91%] [32mBuilding C object CMakeFiles/winterhack_interfaces__rosidl_typesupport_introspection_c__pyext.dir/rosidl_generator_py/winterhack_interfaces/_winterhack_interfaces_s.ep.rosidl_typesupport_introspection_c.c.o[0m
[5.978s] [ 91%] [32mBuilding C object CMakeFiles/winterhack_interfaces__rosidl_typesupport_c__pyext.dir/rosidl_generator_py/winterhack_interfaces/_winterhack_interfaces_s.ep.rosidl_typesupport_c.c.o[0m
[5.981s] [ 93%] [32mBuilding C object CMakeFiles/winterhack_interfaces__rosidl_typesupport_fastrtps_c__pyext.dir/rosidl_generator_py/winterhack_interfaces/_winterhack_interfaces_s.ep.rosidl_typesupport_fastrtps_c.c.o[0m
[6.131s] [ 95%] [32m[1mLinking C shared library rosidl_generator_py/winterhack_interfaces/winterhack_interfaces_s__rosidl_typesupport_fastrtps_c.cpython-310-x86_64-linux-gnu.so[0m
[6.151s] [ 97%] [32m[1mLinking C shared library rosidl_generator_py/winterhack_interfaces/winterhack_interfaces_s__rosidl_typesupport_c.cpython-310-x86_64-linux-gnu.so[0m
[6.196s] [100%] [32m[1mLinking C shared library rosidl_generator_py/winterhack_interfaces/winterhack_interfaces_s__rosidl_typesupport_introspection_c.cpython-310-x86_64-linux-gnu.so[0m
[6.198s] [100%] Built target winterhack_interfaces__rosidl_typesupport_fastrtps_c__pyext
[6.203s] [100%] Built target winterhack_interfaces__rosidl_typesupport_c__pyext
[6.244s] [100%] Built target winterhack_interfaces__rosidl_typesupport_introspection_c__pyext
[6.256s] Invoked command in '/home/siyuen/Desktop/ros2_ws/build/winterhack_interfaces' returned '0': CMAKE_PREFIX_PATH=${CMAKE_PREFIX_PATH}:/home/siyuen/Desktop/ros2_ws/install/winterhack:/home/siyuen/Desktop/ros2_ws/install/robot_gazebo:/home/siyuen/Desktop/ros2_ws/install/landerpi_description:/opt/ros/humble VIRTUAL_ENV_PROMPT=(landerpi) /usr/bin/cmake --build /home/siyuen/Desktop/ros2_ws/build/winterhack_interfaces -- -j20 -l20
[6.258s] Invoking command in '/home/siyuen/Desktop/ros2_ws/build/winterhack_interfaces': CMAKE_PREFIX_PATH=${CMAKE_PREFIX_PATH}:/home/siyuen/Desktop/ros2_ws/install/winterhack:/home/siyuen/Desktop/ros2_ws/install/robot_gazebo:/home/siyuen/Desktop/ros2_ws/install/landerpi_description:/opt/ros/humble VIRTUAL_ENV_PROMPT=(landerpi) /usr/bin/cmake --install /home/siyuen/Desktop/ros2_ws/build/winterhack_interfaces
[6.271s] -- Install configuration: ""
[6.271s] -- Installing: /home/siyuen/Desktop/ros2_ws/install/winterhack_interfaces/share/ament_index/resource_index/rosidl_interfaces/winterhack_interfaces
[6.271s] -- Installing: /home/siyuen/Desktop/ros2_ws/install/winterhack_interfaces/include/winterhack_interfaces/winterhack_interfaces
[6.271s] -- Installing: /home/siyuen/Desktop/ros2_ws/install/winterhack_interfaces/include/winterhack_interfaces/winterhack_interfaces/action
[6.271s] -- Installing: /home/siyuen/Desktop/ros2_ws/install/winterhack_interfaces/include/winterhack_interfaces/winterhack_interfaces/action/pick.h
[6.271s] -- Installing: /home/siyuen/Desktop/ros2_ws/install/winterhack_interfaces/include/winterhack_interfaces/winterhack_interfaces/action/locate.h
[6.272s] -- Installing: /home/siyuen/Desktop/ros2_ws/install/winterhack_interfaces/include/winterhack_interfaces/winterhack_interfaces/action/detail
[6.272s] -- Installing: /home/siyuen/Desktop/ros2_ws/install/winterhack_interfaces/include/winterhack_interfaces/winterhack_interfaces/action/detail/locate__struct.h
[6.272s] -- Installing: /home/siyuen/Desktop/ros2_ws/install/winterhack_interfaces/include/winterhack_interfaces/winterhack_interfaces/action/detail/pick__functions.c
[6.272s] -- Installing: /home/siyuen/Desktop/ros2_ws/install/winterhack_interfaces/include/winterhack_interfaces/winterhack_interfaces/action/detail/drop__functions.h
[6.272s] -- Installing: /home/siyuen/Desktop/ros2_ws/install/winterhack_interfaces/include/winterhack_interfaces/winterhack_interfaces/action/detail/locate__type_support.h
[6.272s] -- Installing: /home/siyuen/Desktop/ros2_ws/install/winterhack_interfaces/include/winterhack_interfaces/winterhack_interfaces/action/detail/drop__functions.c
[6.272s] -- Installing: /home/siyuen/Desktop/ros2_ws/install/winterhack_interfaces/include/winterhack_interfaces/winterhack_interfaces/action/detail/drop__type_support.h
[6.273s] -- Installing: /home/siyuen/Desktop/ros2_ws/install/winterhack_interfaces/include/winterhack_interfaces/winterhack_interfaces/action/detail/locate__functions.c
[6.273s] -- Installing: /home/siyuen/Desktop/ros2_ws/install/winterhack_interfaces/include/winterhack_interfaces/winterhack_interfaces/action/detail/pick__functions.h
[6.273s] -- Installing: /home/siyuen/Desktop/ros2_ws/install/winterhack_interfaces/include/winterhack_interfaces/winterhack_interfaces/action/detail/drop__struct.h
[6.273s] -- Installing: /home/siyuen/Desktop/ros2_ws/install/winterhack_interfaces/include/winterhack_interfaces/winterhack_interfaces/action/detail/pick__struct.h
[6.273s] -- Installing: /home/siyuen/Desktop/ros2_ws/install/winterhack_interfaces/include/winterhack_interfaces/winterhack_interfaces/action/detail/locate__functions.h
[6.273s] -- Installing: /home/siyuen/Desktop/ros2_ws/install/winterhack_interfaces/include/winterhack_interfaces/winterhack_interfaces/action/detail/pick__type_support.h
[6.273s] -- Installing: /home/siyuen/Desktop/ros2_ws/install/winterhack_interfaces/include/winterhack_interfaces/winterhack_interfaces/action/drop.h
[6.274s] -- Installing: /home/siyuen/Desktop/ros2_ws/install/winterhack_interfaces/include/winterhack_interfaces/winterhack_interfaces/msg
[6.274s] -- Installing: /home/siyuen/Desktop/ros2_ws/install/winterhack_interfaces/include/winterhack_interfaces/winterhack_interfaces/msg/rosidl_generator_c__visibility_control.h
[6.274s] -- Installing: /home/siyuen/Desktop/ros2_ws/install/winterhack_interfaces/share/winterhack_interfaces/environment/library_path.sh
[6.275s] -- Installing: /home/siyuen/Desktop/ros2_ws/install/winterhack_interfaces/share/winterhack_interfaces/environment/library_path.dsv
[6.275s] -- Installing: /home/siyuen/Desktop/ros2_ws/install/winterhack_interfaces/lib/libwinterhack_interfaces__rosidl_generator_c.so
[6.275s] -- Set runtime path of "/home/siyuen/Desktop/ros2_ws/install/winterhack_interfaces/lib/libwinterhack_interfaces__rosidl_generator_c.so" to ""
[6.275s] -- Up-to-date: /home/siyuen/Desktop/ros2_ws/install/winterhack_interfaces/include/winterhack_interfaces/winterhack_interfaces
[6.275s] -- Up-to-date: /home/siyuen/Desktop/ros2_ws/install/winterhack_interfaces/include/winterhack_interfaces/winterhack_interfaces/action
[6.275s] -- Up-to-date: /home/siyuen/Desktop/ros2_ws/install/winterhack_interfaces/include/winterhack_interfaces/winterhack_interfaces/action/detail
[6.276s] -- Installing: /home/siyuen/Desktop/ros2_ws/install/winterhack_interfaces/include/winterhack_interfaces/winterhack_interfaces/action/detail/drop__rosidl_typesupport_fastrtps_c.h
[6.276s] -- Installing: /home/siyuen/Desktop/ros2_ws/install/winterhack_interfaces/include/winterhack_interfaces/winterhack_interfaces/action/detail/locate__rosidl_typesupport_fastrtps_c.h
[6.276s] -- Installing: /home/siyuen/Desktop/ros2_ws/install/winterhack_interfaces/include/winterhack_interfaces/winterhack_interfaces/action/detail/pick__rosidl_typesupport_fastrtps_c.h
[6.276s] -- Up-to-date: /home/siyuen/Desktop/ros2_ws/install/winterhack_interfaces/include/winterhack_interfaces/winterhack_interfaces/msg
[6.276s] -- Installing: /home/siyuen/Desktop/ros2_ws/install/winterhack_interfaces/include/winterhack_interfaces/winterhack_interfaces/msg/rosidl_typesupport_fastrtps_c__visibility_control.h
[6.276s] -- Installing: /home/siyuen/Desktop/ros2_ws/install/winterhack_interfaces/lib/libwinterhack_interfaces__rosidl_typesupport_fastrtps_c.so
[6.276s] -- Set runtime path of "/home/siyuen/Desktop/ros2_ws/install/winterhack_interfaces/lib/libwinterhack_interfaces__rosidl_typesupport_fastrtps_c.so" to ""
[6.276s] -- Up-to-date: /home/siyuen/Desktop/ros2_ws/install/winterhack_interfaces/include/winterhack_interfaces/winterhack_interfaces
[6.276s] -- Up-to-date: /home/siyuen/Desktop/ros2_ws/install/winterhack_interfaces/include/winterhack_interfaces/winterhack_interfaces/action
[6.277s] -- Up-to-date: /home/siyuen/Desktop/ros2_ws/install/winterhack_interfaces/include/winterhack_interfaces/winterhack_interfaces/action/detail
[6.277s] -- Installing: /home/siyuen/Desktop/ros2_ws/install/winterhack_interfaces/include/winterhack_interfaces/winterhack_interfaces/action/detail/drop__type_support.c
[6.277s] -- Installing: /home/siyuen/Desktop/ros2_ws/install/winterhack_interfaces/include/winterhack_interfaces/winterhack_interfaces/action/detail/locate__type_support.c
[6.277s] -- Installing: /home/siyuen/Desktop/ros2_ws/install/winterhack_interfaces/include/winterhack_interfaces/winterhack_interfaces/action/detail/pick__type_support.c
[6.277s] -- Installing: /home/siyuen/Desktop/ros2_ws/install/winterhack_interfaces/include/winterhack_interfaces/winterhack_interfaces/action/detail/pick__rosidl_typesupport_introspection_c.h
[6.277s] -- Installing: /home/siyuen/Desktop/ros2_ws/install/winterhack_interfaces/include/winterhack_interfaces/winterhack_interfaces/action/detail/drop__rosidl_typesupport_introspection_c.h
[6.277s] -- Installing: /home/siyuen/Desktop/ros2_ws/install/winterhack_interfaces/include/winterhack_interfaces/winterhack_interfaces/action/detail/locate__rosidl_typesupport_introspection_c.h
[6.277s] -- Up-to-date: /home/siyuen/Desktop/ros2_ws/install/winterhack_interfaces/include/winterhack_interfaces/winterhack_interfaces/msg
[6.277s] -- Installing: /home/siyuen/Desktop/ros2_ws/install/winterhack_interfaces/include/winterhack_interfaces/winterhack_interfaces/msg/rosidl_typesupport_introspection_c__visibility_control.h
[6.277s] -- Installing: /home/siyuen/Desktop/ros2_ws/install/winterhack_interfaces/lib/libwinterhack_interfaces__rosidl_typesupport_introspection_c.so
[6.278s] -- Set runtime path of "/home/siyuen/Desktop/ros2_ws/install/winterhack_interfaces/lib/libwinterhack_interfaces__rosidl_typesupport_introspection_c.so" to ""
[6.278s] -- Installing: /home/siyuen/Desktop/ros2_ws/install/winterhack_interfaces/lib/libwinterhack_interfaces__rosidl_typesupport_c.so
[6.278s] -- Set runtime path of "/home/siyuen/Desktop/ros2_ws/install/winterhack_interfaces/lib/libwinterhack_interfaces__rosidl_typesupport_c.so" to ""
[6.279s] -- Up-to-date: /home/siyuen/Desktop/ros2_ws/install/winterhack_interfaces/include/winterhack_interfaces/winterhack_interfaces
[6.279s] -- Up-to-date: /home/siyuen/Desktop/ros2_ws/install/winterhack_interfaces/include/winterhack_interfaces/winterhack_interfaces/action
[6.279s] -- Up-to-date: /home/siyuen/Desktop/ros2_ws/install/winterhack_interfaces/include/winterhack_interfaces/winterhack_interfaces/action/detail
[6.279s] -- Installing: /home/siyuen/Desktop/ros2_ws/install/winterhack_interfaces/include/winterhack_interfaces/winterhack_interfaces/action/detail/drop__struct.hpp
[6.279s] -- Installing: /home/siyuen/Desktop/ros2_ws/install/winterhack_interfaces/include/winterhack_interfaces/winterhack_interfaces/action/detail/pick__builder.hpp
[6.279s] -- Installing: /home/siyuen/Desktop/ros2_ws/install/winterhack_interfaces/include/winterhack_interfaces/winterhack_interfaces/action/detail/pick__struct.hpp
[6.279s] -- Installing: /home/siyuen/Desktop/ros2_ws/install/winterhack_interfaces/include/winterhack_interfaces/winterhack_interfaces/action/detail/pick__type_support.hpp
[6.279s] -- Installing: /home/siyuen/Desktop/ros2_ws/install/winterhack_interfaces/include/winterhack_interfaces/winterhack_interfaces/action/detail/drop__traits.hpp
[6.280s] -- Installing: /home/siyuen/Desktop/ros2_ws/install/winterhack_interfaces/include/winterhack_interfaces/winterhack_interfaces/action/detail/pick__traits.hpp
[6.280s] -- Installing: /home/siyuen/Desktop/ros2_ws/install/winterhack_interfaces/include/winterhack_interfaces/winterhack_interfaces/action/detail/locate__traits.hpp
[6.280s] -- Installing: /home/siyuen/Desktop/ros2_ws/install/winterhack_interfaces/include/winterhack_interfaces/winterhack_interfaces/action/detail/locate__type_support.hpp
[6.280s] -- Installing: /home/siyuen/Desktop/ros2_ws/install/winterhack_interfaces/include/winterhack_interfaces/winterhack_interfaces/action/detail/locate__struct.hpp
[6.280s] -- Installing: /home/siyuen/Desktop/ros2_ws/install/winterhack_interfaces/include/winterhack_interfaces/winterhack_interfaces/action/detail/locate__builder.hpp
[6.280s] -- Installing: /home/siyuen/Desktop/ros2_ws/install/winterhack_interfaces/include/winterhack_interfaces/winterhack_interfaces/action/detail/drop__builder.hpp
[6.281s] -- Installing: /home/siyuen/Desktop/ros2_ws/install/winterhack_interfaces/include/winterhack_interfaces/winterhack_interfaces/action/detail/drop__type_support.hpp
[6.281s] -- Installing: /home/siyuen/Desktop/ros2_ws/install/winterhack_interfaces/include/winterhack_interfaces/winterhack_interfaces/action/drop.hpp
[6.281s] -- Installing: /home/siyuen/Desktop/ros2_ws/install/winterhack_interfaces/include/winterhack_interfaces/winterhack_interfaces/action/locate.hpp
[6.281s] -- Installing: /home/siyuen/Desktop/ros2_ws/install/winterhack_interfaces/include/winterhack_interfaces/winterhack_interfaces/action/pick.hpp
[6.281s] -- Up-to-date: /home/siyuen/Desktop/ros2_ws/install/winterhack_interfaces/include/winterhack_interfaces/winterhack_interfaces/msg
[6.281s] -- Installing: /home/siyuen/Desktop/ros2_ws/install/winterhack_interfaces/include/winterhack_interfaces/winterhack_interfaces/msg/rosidl_generator_cpp__visibility_control.hpp
[6.281s] -- Up-to-date: /home/siyuen/Desktop/ros2_ws/install/winterhack_interfaces/include/winterhack_interfaces/winterhack_interfaces
[6.281s] -- Up-to-date: /home/siyuen/Desktop/ros2_ws/install/winterhack_interfaces/include/winterhack_interfaces/winterhack_interfaces/action
[6.282s] -- Up-to-date: /home/siyuen/Desktop/ros2_ws/install/winterhack_interfaces/include/winterhack_interfaces/winterhack_interfaces/action/detail
[6.282s] -- Installing: /home/siyuen/Desktop/ros2_ws/install/winterhack_interfaces/include/winterhack_interfaces/winterhack_interfaces/action/detail/locate__rosidl_typesupport_fastrtps_cpp.hpp
[6.282s] -- Installing: /home/siyuen/Desktop/ros2_ws/install/winterhack_interfaces/include/winterhack_interfaces/winterhack_interfaces/action/detail/pick__rosidl_typesupport_fastrtps_cpp.hpp
[6.282s] -- Installing: /home/siyuen/Desktop/ros2_ws/install/winterhack_interfaces/include/winterhack_interfaces/winterhack_interfaces/action/detail/drop__rosidl_typesupport_fastrtps_cpp.hpp
[6.282s] -- Installing: /home/siyuen/Desktop/ros2_ws/install/winterhack_interfaces/include/winterhack_interfaces/winterhack_interfaces/action/detail/dds_fastrtps
[6.282s] -- Up-to-date: /home/siyuen/Desktop/ros2_ws/install/winterhack_interfaces/include/winterhack_interfaces/winterhack_interfaces/msg
[6.282s] -- Installing: /home/siyuen/Desktop/ros2_ws/install/winterhack_interfaces/include/winterhack_interfaces/winterhack_interfaces/msg/rosidl_typesupport_fastrtps_cpp__visibility_control.h
[6.282s] -- Installing: /home/siyuen/Desktop/ros2_ws/install/winterhack_interfaces/lib/libwinterhack_interfaces__rosidl_typesupport_fastrtps_cpp.so
[6.282s] -- Set runtime path of "/home/siyuen/Desktop/ros2_ws/install/winterhack_interfaces/lib/libwinterhack_interfaces__rosidl_typesupport_fastrtps_cpp.so" to ""
[6.283s] -- Up-to-date: /home/siyuen/Desktop/ros2_ws/install/winterhack_interfaces/include/winterhack_interfaces/winterhack_interfaces
[6.283s] -- Up-to-date: /home/siyuen/Desktop/ros2_ws/install/winterhack_interfaces/include/winterhack_interfaces/winterhack_interfaces/action
[6.283s] -- Up-to-date: /home/siyuen/Desktop/ros2_ws/install/winterhack_interfaces/include/winterhack_interfaces/winterhack_interfaces/action/detail
[6.283s] -- Installing: /home/siyuen/Desktop/ros2_ws/install/winterhack_interfaces/include/winterhack_interfaces/winterhack_interfaces/action/detail/locate__rosidl_typesupport_introspection_cpp.hpp
[6.283s] -- Installing: /home/siyuen/Desktop/ros2_ws/install/winterhack_interfaces/include/winterhack_interfaces/winterhack_interfaces/action/detail/pick__rosidl_typesupport_introspection_cpp.hpp
[6.283s] -- Installing: /home/siyuen/Desktop/ros2_ws/install/winterhack_interfaces/include/winterhack_interfaces/winterhack_interfaces/action/detail/locate__type_support.cpp
[6.283s] -- Installing: /home/siyuen/Desktop/ros2_ws/install/winterhack_interfaces/include/winterhack_interfaces/winterhack_interfaces/action/detail/pick__type_support.cpp
[6.283s] -- Installing: /home/siyuen/Desktop/ros2_ws/install/winterhack_interfaces/include/winterhack_interfaces/winterhack_interfaces/action/detail/drop__type_support.cpp
[6.283s] -- Installing: /home/siyuen/Desktop/ros2_ws/install/winterhack_interfaces/include/winterhack_interfaces/winterhack_interfaces/action/detail/drop__rosidl_typesupport_introspection_cpp.hpp
[6.283s] -- Installing: /home/siyuen/Desktop/ros2_ws/install/winterhack_interfaces/lib/libwinterhack_interfaces__rosidl_typesupport_introspection_cpp.so
[6.284s] -- Set runtime path of "/home/siyuen/Desktop/ros2_ws/install/winterhack_interfaces/lib/libwinterhack_interfaces__rosidl_typesupport_introspection_cpp.so" to ""
[6.284s] -- Installing: /home/siyuen/Desktop/ros2_ws/install/winterhack_interfaces/lib/libwinterhack_interfaces__rosidl_typesupport_cpp.so
[6.284s] -- Set runtime path of "/home/siyuen/Desktop/ros2_ws/install/winterhack_interfaces/lib/libwinterhack_interfaces__rosidl_typesupport_cpp.so" to ""
[6.284s] -- Installing: /home/siyuen/Desktop/ros2_ws/install/winterhack_interfaces/share/winterhack_interfaces/environment/pythonpath.sh
[6.284s] -- Installing: /home/siyuen/Desktop/ros2_ws/install/winterhack_interfaces/share/winterhack_interfaces/environment/pythonpath.dsv
[6.285s] -- Installing: /home/siyuen/Desktop/ros2_ws/install/winterhack_interfaces/lib/python3.10/site-packages/winterhack_interfaces-0.0.0-py3.10.egg-info
[6.285s] -- Installing: /home/siyuen/Desktop/ros2_ws/install/winterhack_interfaces/lib/python3.10/site-packages/winterhack_interfaces-0.0.0-py3.10.egg-info/SOURCES.txt
[6.285s] -- Installing: /home/siyuen/Desktop/ros2_ws/install/winterhack_interfaces/lib/python3.10/site-packages/winterhack_interfaces-0.0.0-py3.10.egg-info/dependency_links.txt
[6.285s] -- Installing: /home/siyuen/Desktop/ros2_ws/install/winterhack_interfaces/lib/python3.10/site-packages/winterhack_interfaces-0.0.0-py3.10.egg-info/top_level.txt
[6.285s] -- Installing: /home/siyuen/Desktop/ros2_ws/install/winterhack_interfaces/lib/python3.10/site-packages/winterhack_interfaces-0.0.0-py3.10.egg-info/PKG-INFO
[6.285s] -- Installing: /home/siyuen/Desktop/ros2_ws/install/winterhack_interfaces/lib/python3.10/site-packages/winterhack_interfaces
[6.285s] -- Installing: /home/siyuen/Desktop/ros2_ws/install/winterhack_interfaces/lib/python3.10/site-packages/winterhack_interfaces/action
[6.286s] -- Installing: /home/siyuen/Desktop/ros2_ws/install/winterhack_interfaces/lib/python3.10/site-packages/winterhack_interfaces/action/_pick_s.c
[6.286s] -- Installing: /home/siyuen/Desktop/ros2_ws/install/winterhack_interfaces/lib/python3.10/site-packages/winterhack_interfaces/action/_drop_s.c
[6.286s] -- Installing: /home/siyuen/Desktop/ros2_ws/install/winterhack_interfaces/lib/python3.10/site-packages/winterhack_interfaces/action/_drop.py
[6.286s] -- Installing: /home/siyuen/Desktop/ros2_ws/install/winterhack_interfaces/lib/python3.10/site-packages/winterhack_interfaces/action/_pick.py
[6.286s] -- Installing: /home/siyuen/Desktop/ros2_ws/install/winterhack_interfaces/lib/python3.10/site-packages/winterhack_interfaces/action/__init__.py
[6.286s] -- Installing: /home/siyuen/Desktop/ros2_ws/install/winterhack_interfaces/lib/python3.10/site-packages/winterhack_interfaces/action/_locate.py
[6.286s] -- Installing: /home/siyuen/Desktop/ros2_ws/install/winterhack_interfaces/lib/python3.10/site-packages/winterhack_interfaces/action/_locate_s.c
[6.286s] -- Installing: /home/siyuen/Desktop/ros2_ws/install/winterhack_interfaces/lib/python3.10/site-packages/winterhack_interfaces/libwinterhack_interfaces__rosidl_generator_py.so
[6.287s] -- Installing: /home/siyuen/Desktop/ros2_ws/install/winterhack_interfaces/lib/python3.10/site-packages/winterhack_interfaces/_winterhack_interfaces_s.ep.rosidl_typesupport_introspection_c.c
[6.287s] -- Installing: /home/siyuen/Desktop/ros2_ws/install/winterhack_interfaces/lib/python3.10/site-packages/winterhack_interfaces/_winterhack_interfaces_s.ep.rosidl_typesupport_fastrtps_c.c
[6.287s] -- Installing: /home/siyuen/Desktop/ros2_ws/install/winterhack_interfaces/lib/python3.10/site-packages/winterhack_interfaces/winterhack_interfaces_s__rosidl_typesupport_introspection_c.cpython-310-x86_64-linux-gnu.so
[6.287s] -- Installing: /home/siyuen/Desktop/ros2_ws/install/winterhack_interfaces/lib/python3.10/site-packages/winterhack_interfaces/winterhack_interfaces_s__rosidl_typesupport_fastrtps_c.cpython-310-x86_64-linux-gnu.so
[6.287s] -- Installing: /home/siyuen/Desktop/ros2_ws/install/winterhack_interfaces/lib/python3.10/site-packages/winterhack_interfaces/winterhack_interfaces_s__rosidl_typesupport_c.cpython-310-x86_64-linux-gnu.so
[6.288s] -- Installing: /home/siyuen/Desktop/ros2_ws/install/winterhack_interfaces/lib/python3.10/site-packages/winterhack_interfaces/_winterhack_interfaces_s.ep.rosidl_typesupport_c.c
[6.288s] -- Installing: /home/siyuen/Desktop/ros2_ws/install/winterhack_interfaces/lib/python3.10/site-packages/winterhack_interfaces/__init__.py
[6.340s] Listing '/home/siyuen/Desktop/ros2_ws/install/winterhack_interfaces/lib/python3.10/site-packages/winterhack_interfaces'...
[6.341s] Compiling '/home/siyuen/Desktop/ros2_ws/install/winterhack_interfaces/lib/python3.10/site-packages/winterhack_interfaces/__init__.py'...
[6.341s] Listing '/home/siyuen/Desktop/ros2_ws/install/winterhack_interfaces/lib/python3.10/site-packages/winterhack_interfaces/action'...
[6.341s] Compiling '/home/siyuen/Desktop/ros2_ws/install/winterhack_interfaces/lib/python3.10/site-packages/winterhack_interfaces/action/__init__.py'...
[6.341s] Compiling '/home/siyuen/Desktop/ros2_ws/install/winterhack_interfaces/lib/python3.10/site-packages/winterhack_interfaces/action/_drop.py'...
[6.341s] Compiling '/home/siyuen/Desktop/ros2_ws/install/winterhack_interfaces/lib/python3.10/site-packages/winterhack_interfaces/action/_locate.py'...
[6.341s] Compiling '/home/siyuen/Desktop/ros2_ws/install/winterhack_interfaces/lib/python3.10/site-packages/winterhack_interfaces/action/_pick.py'...
[6.347s] -- Installing: /home/siyuen/Desktop/ros2_ws/install/winterhack_interfaces/lib/python3.10/site-packages/winterhack_interfaces/winterhack_interfaces_s__rosidl_typesupport_fastrtps_c.cpython-310-x86_64-linux-gnu.so
[6.347s] -- Set runtime path of "/home/siyuen/Desktop/ros2_ws/install/winterhack_interfaces/lib/python3.10/site-packages/winterhack_interfaces/winterhack_interfaces_s__rosidl_typesupport_fastrtps_c.cpython-310-x86_64-linux-gnu.so" to ""
[6.347s] -- Installing: /home/siyuen/Desktop/ros2_ws/install/winterhack_interfaces/lib/python3.10/site-packages/winterhack_interfaces/winterhack_interfaces_s__rosidl_typesupport_introspection_c.cpython-310-x86_64-linux-gnu.so
[6.347s] -- Set runtime path of "/home/siyuen/Desktop/ros2_ws/install/winterhack_interfaces/lib/python3.10/site-packages/winterhack_interfaces/winterhack_interfaces_s__rosidl_typesupport_introspection_c.cpython-310-x86_64-linux-gnu.so" to ""
[6.347s] -- Installing: /home/siyuen/Desktop/ros2_ws/install/winterhack_interfaces/lib/python3.10/site-packages/winterhack_interfaces/winterhack_interfaces_s__rosidl_typesupport_c.cpython-310-x86_64-linux-gnu.so
[6.348s] -- Set runtime path of "/home/siyuen/Desktop/ros2_ws/install/winterhack_interfaces/lib/python3.10/site-packages/winterhack_interfaces/winterhack_interfaces_s__rosidl_typesupport_c.cpython-310-x86_64-linux-gnu.so" to ""
[6.348s] -- Installing: /home/siyuen/Desktop/ros2_ws/install/winterhack_interfaces/lib/libwinterhack_interfaces__rosidl_generator_py.so
[6.348s] -- Set runtime path of "/home/siyuen/Desktop/ros2_ws/install/winterhack_interfaces/lib/libwinterhack_interfaces__rosidl_generator_py.so" to ""
[6.348s] -- Installing: /home/siyuen/Desktop/ros2_ws/install/winterhack_interfaces/share/winterhack_interfaces/action/Pick.idl
[6.348s] -- Installing: /home/siyuen/Desktop/ros2_ws/install/winterhack_interfaces/share/winterhack_interfaces/action/Drop.idl
[6.348s] -- Installing: /home/siyuen/Desktop/ros2_ws/install/winterhack_interfaces/share/winterhack_interfaces/action/Locate.idl
[6.349s] -- Installing: /home/siyuen/Desktop/ros2_ws/install/winterhack_interfaces/share/winterhack_interfaces/action/Pick.action
[6.349s] -- Installing: /home/siyuen/Desktop/ros2_ws/install/winterhack_interfaces/share/winterhack_interfaces/action/Drop.action
[6.349s] -- Installing: /home/siyuen/Desktop/ros2_ws/install/winterhack_interfaces/share/winterhack_interfaces/action/Locate.action
[6.349s] -- Installing: /home/siyuen/Desktop/ros2_ws/install/winterhack_interfaces/share/ament_index/resource_index/package_run_dependencies/winterhack_interfaces
[6.349s] -- Installing: /home/siyuen/Desktop/ros2_ws/install/winterhack_interfaces/share/ament_index/resource_index/parent_prefix_path/winterhack_interfaces
[6.349s] -- Installing: /home/siyuen/Desktop/ros2_ws/install/winterhack_interfaces/share/winterhack_interfaces/environment/ament_prefix_path.sh
[6.349s] -- Installing: /home/siyuen/Desktop/ros2_ws/install/winterhack_interfaces/share/winterhack_interfaces/environment/ament_prefix_path.dsv
[6.349s] -- Installing: /home/siyuen/Desktop/ros2_ws/install/winterhack_interfaces/share/winterhack_interfaces/environment/path.sh
[6.349s] -- Installing: /home/siyuen/Desktop/ros2_ws/install/winterhack_interfaces/share/winterhack_interfaces/environment/path.dsv
[6.349s] -- Installing: /home/siyuen/Desktop/ros2_ws/install/winterhack_interfaces/share/winterhack_interfaces/local_setup.bash
[6.349s] -- Installing: /home/siyuen/Desktop/ros2_ws/install/winterhack_interfaces/share/winterhack_interfaces/local_setup.sh
[6.349s] -- Installing: /home/siyuen/Desktop/ros2_ws/install/winterhack_interfaces/share/winterhack_interfaces/local_setup.zsh
[6.349s] -- Installing: /home/siyuen/Desktop/ros2_ws/install/winterhack_interfaces/share/winterhack_interfaces/local_setup.dsv
[6.349s] -- Installing: /home/siyuen/Desktop/ros2_ws/install/winterhack_interfaces/share/winterhack_interfaces/package.dsv
[6.349s] -- Installing: /home/siyuen/Desktop/ros2_ws/install/winterhack_interfaces/share/ament_index/resource_index/packages/winterhack_interfaces
[6.349s] -- Installing: /home/siyuen/Desktop/ros2_ws/install/winterhack_interfaces/share/winterhack_interfaces/cmake/export_winterhack_interfaces__rosidl_generator_cExport.cmake
[6.349s] -- Installing: /home/siyuen/Desktop/ros2_ws/install/winterhack_interfaces/share/winterhack_interfaces/cmake/export_winterhack_interfaces__rosidl_generator_cExport-noconfig.cmake
[6.349s] -- Installing: /home/siyuen/Desktop/ros2_ws/install/winterhack_interfaces/share/winterhack_interfaces/cmake/export_winterhack_interfaces__rosidl_typesupport_fastrtps_cExport.cmake
[6.349s] -- Installing: /home/siyuen/Desktop/ros2_ws/install/winterhack_interfaces/share/winterhack_interfaces/cmake/export_winterhack_interfaces__rosidl_typesupport_fastrtps_cExport-noconfig.cmake
[6.349s] -- Installing: /home/siyuen/Desktop/ros2_ws/install/winterhack_interfaces/share/winterhack_interfaces/cmake/winterhack_interfaces__rosidl_typesupport_introspection_cExport.cmake
[6.349s] -- Installing: /home/siyuen/Desktop/ros2_ws/install/winterhack_interfaces/share/winterhack_interfaces/cmake/winterhack_interfaces__rosidl_typesupport_introspection_cExport-noconfig.cmake
[6.349s] -- Installing: /home/siyuen/Desktop/ros2_ws/install/winterhack_interfaces/share/winterhack_interfaces/cmake/winterhack_interfaces__rosidl_typesupport_cExport.cmake
[6.349s] -- Installing: /home/siyuen/Desktop/ros2_ws/install/winterhack_interfaces/share/winterhack_interfaces/cmake/winterhack_interfaces__rosidl_typesupport_cExport-noconfig.cmake
[6.349s] -- Installing: /home/siyuen/Desktop/ros2_ws/install/winterhack_interfaces/share/winterhack_interfaces/cmake/export_winterhack_interfaces__rosidl_generator_cppExport.cmake
[6.350s] -- Installing: /home/siyuen/Desktop/ros2_ws/install/winterhack_interfaces/share/winterhack_interfaces/cmake/export_winterhack_interfaces__rosidl_typesupport_fastrtps_cppExport.cmake
[6.350s] -- Installing: /home/siyuen/Desktop/ros2_ws/install/winterhack_interfaces/share/winterhack_interfaces/cmake/export_winterhack_interfaces__rosidl_typesupport_fastrtps_cppExport-noconfig.cmake
[6.350s] -- Installing: /home/siyuen/Desktop/ros2_ws/install/winterhack_interfaces/share/winterhack_interfaces/cmake/winterhack_interfaces__rosidl_typesupport_introspection_cppExport.cmake
[6.350s] -- Installing: /home/siyuen/Desktop/ros2_ws/install/winterhack_interfaces/share/winterhack_interfaces/cmake/winterhack_interfaces__rosidl_typesupport_introspection_cppExport-noconfig.cmake
[6.350s] -- Installing: /home/siyuen/Desktop/ros2_ws/install/winterhack_interfaces/share/winterhack_interfaces/cmake/winterhack_interfaces__rosidl_typesupport_cppExport.cmake
[6.350s] -- Installing: /home/siyuen/Desktop/ros2_ws/install/winterhack_interfaces/share/winterhack_interfaces/cmake/winterhack_interfaces__rosidl_typesupport_cppExport-noconfig.cmake
[6.350s] -- Installing: /home/siyuen/Desktop/ros2_ws/install/winterhack_interfaces/share/winterhack_interfaces/cmake/export_winterhack_interfaces__rosidl_generator_pyExport.cmake
[6.350s] -- Installing: /home/siyuen/Desktop/ros2_ws/install/winterhack_interfaces/share/winterhack_interfaces/cmake/export_winterhack_interfaces__rosidl_generator_pyExport-noconfig.cmake
[6.350s] -- Installing: /home/siyuen/Desktop/ros2_ws/install/winterhack_interfaces/share/winterhack_interfaces/cmake/rosidl_cmake-extras.cmake
[6.351s] -- Installing: /home/siyuen/Desktop/ros2_ws/install/winterhack_interfaces/share/winterhack_interfaces/cmake/ament_cmake_export_dependencies-extras.cmake
[6.351s] -- Installing: /home/siyuen/Desktop/ros2_ws/install/winterhack_interfaces/share/winterhack_interfaces/cmake/ament_cmake_export_include_directories-extras.cmake
[6.351s] -- Installing: /home/siyuen/Desktop/ros2_ws/install/winterhack_interfaces/share/winterhack_interfaces/cmake/ament_cmake_export_libraries-extras.cmake
[6.351s] -- Installing: /home/siyuen/Desktop/ros2_ws/install/winterhack_interfaces/share/winterhack_interfaces/cmake/ament_cmake_export_targets-extras.cmake
[6.351s] -- Installing: /home/siyuen/Desktop/ros2_ws/install/winterhack_interfaces/share/winterhack_interfaces/cmake/rosidl_cmake_export_typesupport_targets-extras.cmake
[6.351s] -- Installing: /home/siyuen/Desktop/ros2_ws/install/winterhack_interfaces/share/winterhack_interfaces/cmake/rosidl_cmake_export_typesupport_libraries-extras.cmake
[6.351s] -- Installing: /home/siyuen/Desktop/ros2_ws/install/winterhack_interfaces/share/winterhack_interfaces/cmake/winterhack_interfacesConfig.cmake
[6.351s] -- Installing: /home/siyuen/Desktop/ros2_ws/install/winterhack_interfaces/share/winterhack_interfaces/cmake/winterhack_interfacesConfig-version.cmake
[6.351s] -- Installing: /home/siyuen/Desktop/ros2_ws/install/winterhack_interfaces/share/winterhack_interfaces/package.xml
[6.353s] Invoked command in '/home/siyuen/Desktop/ros2_ws/build/winterhack_interfaces' returned '0': CMAKE_PREFIX_PATH=${CMAKE_PREFIX_PATH}:/home/siyuen/Desktop/ros2_ws/install/winterhack:/home/siyuen/Desktop/ros2_ws/install/robot_gazebo:/home/siyuen/Desktop/ros2_ws/install/landerpi_description:/opt/ros/humble VIRTUAL_ENV_PROMPT=(landerpi) /usr/bin/cmake --install /home/siyuen/Desktop/ros2_ws/build/winterhack_interfaces
