-- The C compiler identification is GNU 11.4.0
-- The CXX compiler identification is GNU 11.4.0
-- Detecting C compiler ABI info
-- Detecting C compiler ABI info - done
-- Check for working C compiler: /usr/bin/cc - skipped
-- Detecting C compile features
-- Detecting C compile features - done
-- Detecting CXX compiler ABI info
-- Detecting CXX compiler ABI info - done
-- Check for working CXX compiler: /usr/bin/c++ - skipped
-- Detecting CXX compile features
-- Detecting CXX compile features - done
-- Found ament_cmake: 1.3.12 (/opt/ros/humble/share/ament_cmake/cmake)
-- Found Python3: /home/siyuen/.venvs/landerpi/bin/python3 (found version "3.10.12") found components: Interpreter 
-- Found rclcpp: 16.0.16 (/opt/ros/humble/share/rclcpp/cmake)
-- Found rosidl_generator_c: 3.1.7 (/opt/ros/humble/share/rosidl_generator_c/cmake)
-- Found rosidl_adapter: 3.1.7 (/opt/ros/humble/share/rosidl_adapter/cmake)
-- Found rosidl_generator_cpp: 3.1.7 (/opt/ros/humble/share/rosidl_generator_cpp/cmake)
-- Using all available rosidl_typesupport_c: rosidl_typesupport_fastrtps_c;rosidl_typesupport_introspection_c
-- Using all available rosidl_typesupport_cpp: rosidl_typesupport_fastrtps_cpp;rosidl_typesupport_introspection_cpp
-- Found rmw_implementation_cmake: 6.1.2 (/opt/ros/humble/share/rmw_implementation_cmake/cmake)
-- Found rmw_fastrtps_cpp: 6.2.9 (/opt/ros/humble/share/rmw_fastrtps_cpp/cmake)
-- Found OpenSSL: /usr/lib/x86_64-linux-gnu/libcrypto.so (found version "3.0.2")  
-- Found FastRTPS: /opt/ros/humble/include  
-- Using RMW implementation 'rmw_fastrtps_cpp' as default
-- Looking for pthread.h
-- Looking for pthread.h - found
-- Performing Test CMAKE_HAVE_LIBC_PTHREAD
-- Performing Test CMAKE_HAVE_LIBC_PTHREAD - Success
-- Found Threads: TRUE  
-- Found geometry_msgs: 4.9.0 (/opt/ros/humble/share/geometry_msgs/cmake)
-- Found kdl_parser: 2.6.4 (/opt/ros/humble/share/kdl_parser/cmake)
-- Found eigen3_cmake_module: 0.1.1 (/opt/ros/humble/share/eigen3_cmake_module/cmake)
-- Found Eigen3: TRUE (found version "3.4.0") 
-- Ensuring Eigen3 include directory is part of orocos-kdl CMake target
-- Found urdf: 2.6.1 (/opt/ros/humble/share/urdf/cmake)
-- Found PkgConfig: /usr/bin/pkg-config (found version "0.29.2") 
-- Checking for module 'eigen3'
--   Found eigen3, version 3.4.0
-- Checking for module 'nlopt'
--   Found nlopt, version 2.10.0
-- Configuring done
-- Generating done
-- Build files have been written to: /home/siyuen/Desktop/ros2_ws/build/trac_ik_lib
[ 25%] [32mBuilding CXX object CMakeFiles/trac_ik.dir/src/trac_ik.cpp.o[0m
[ 50%] [32mBuilding CXX object CMakeFiles/trac_ik.dir/src/nlopt_ik.cpp.o[0m
[ 75%] [32mBuilding CXX object CMakeFiles/trac_ik.dir/src/kdl_tl.cpp.o[0m
[100%] [32m[1mLinking CXX shared library libtrac_ik.so[0m
[100%] Built target trac_ik
-- Install configuration: ""
-- Installing: /home/siyuen/Desktop/ros2_ws/install/trac_ik_lib/include
-- Installing: /home/siyuen/Desktop/ros2_ws/install/trac_ik_lib/include/trac_ik
-- Installing: /home/siyuen/Desktop/ros2_ws/install/trac_ik_lib/include/trac_ik/trac_ik.hpp
-- Installing: /home/siyuen/Desktop/ros2_ws/install/trac_ik_lib/include/trac_ik/math3d.h
-- Installing: /home/siyuen/Desktop/ros2_ws/install/trac_ik_lib/include/trac_ik/kdl_tl.hpp
-- Installing: /home/siyuen/Desktop/ros2_ws/install/trac_ik_lib/include/trac_ik/nlopt_ik.hpp
-- Installing: /home/siyuen/Desktop/ros2_ws/install/trac_ik_lib/include/trac_ik/dual_quaternion.h
-- Installing: /home/siyuen/Desktop/ros2_ws/install/trac_ik_lib/lib/libtrac_ik.so
-- Set runtime path of "/home/siyuen/Desktop/ros2_ws/install/trac_ik_lib/lib/libtrac_ik.so" to ""
-- Installing: /home/siyuen/Desktop/ros2_ws/install/trac_ik_lib/share/trac_ik_lib/environment/library_path.sh
-- Installing: /home/siyuen/Desktop/ros2_ws/install/trac_ik_lib/share/trac_ik_lib/environment/library_path.dsv
-- Installing: /home/siyuen/Desktop/ros2_ws/install/trac_ik_lib/share/ament_index/resource_index/package_run_dependencies/trac_ik_lib
-- Installing: /home/siyuen/Desktop/ros2_ws/install/trac_ik_lib/share/ament_index/resource_index/parent_prefix_path/trac_ik_lib
-- Installing: /home/siyuen/Desktop/ros2_ws/install/trac_ik_lib/share/trac_ik_lib/environment/ament_prefix_path.sh
-- Installing: /home/siyuen/Desktop/ros2_ws/install/trac_ik_lib/share/trac_ik_lib/environment/ament_prefix_path.dsv
-- Installing: /home/siyuen/Desktop/ros2_ws/install/trac_ik_lib/share/trac_ik_lib/environment/path.sh
-- Installing: /home/siyuen/Desktop/ros2_ws/install/trac_ik_lib/share/trac_ik_lib/environment/path.dsv
-- Installing: /home/siyuen/Desktop/ros2_ws/install/trac_ik_lib/share/trac_ik_lib/local_setup.bash
-- Installing: /home/siyuen/Desktop/ros2_ws/install/trac_ik_lib/share/trac_ik_lib/local_setup.sh
-- Installing: /home/siyuen/Desktop/ros2_ws/install/trac_ik_lib/share/trac_ik_lib/local_setup.zsh
-- Installing: /home/siyuen/Desktop/ros2_ws/install/trac_ik_lib/share/trac_ik_lib/local_setup.dsv
-- Installing: /home/siyuen/Desktop/ros2_ws/install/trac_ik_lib/share/trac_ik_lib/package.dsv
-- Installing: /home/siyuen/Desktop/ros2_ws/install/trac_ik_lib/share/ament_index/resource_index/packages/trac_ik_lib
-- Installing: /home/siyuen/Desktop/ros2_ws/install/trac_ik_lib/share/trac_ik_lib/cmake/export_trac_ik_libExport.cmake
-- Installing: /home/siyuen/Desktop/ros2_ws/install/trac_ik_lib/share/trac_ik_lib/cmake/export_trac_ik_libExport-noconfig.cmake
-- Installing: /home/siyuen/Desktop/ros2_ws/install/trac_ik_lib/share/trac_ik_lib/cmake/ament_cmake_export_libraries-extras.cmake
-- Installing: /home/siyuen/Desktop/ros2_ws/install/trac_ik_lib/share/trac_ik_lib/cmake/ament_cmake_export_targets-extras.cmake
-- Installing: /home/siyuen/Desktop/ros2_ws/install/trac_ik_lib/share/trac_ik_lib/cmake/ament_cmake_export_dependencies-extras.cmake
-- Installing: /home/siyuen/Desktop/ros2_ws/install/trac_ik_lib/share/trac_ik_lib/cmake/ament_cmake_export_include_directories-extras.cmake
-- Installing: /home/siyuen/Desktop/ros2_ws/install/trac_ik_lib/share/trac_ik_lib/cmake/trac_ik_libConfig.cmake
-- Installing: /home/siyuen/Desktop/ros2_ws/install/trac_ik_lib/share/trac_ik_lib/cmake/trac_ik_libConfig-version.cmake
-- Installing: /home/siyuen/Desktop/ros2_ws/install/trac_ik_lib/share/trac_ik_lib/package.xml
