[0.020s] Invoking command in '/home/siyuen/Desktop/ros2_ws/build/trac_ik_lib': CMAKE_PREFIX_PATH=${CMAKE_PREFIX_PATH}:/home/siyuen/Desktop/ros2_ws/install/winterhack:/home/siyuen/Desktop/ros2_ws/install/robot_gazebo:/home/siyuen/Desktop/ros2_ws/install/landerpi_description:/opt/ros/humble VIRTUAL_ENV_PROMPT=(landerpi) /usr/bin/cmake /home/siyuen/Desktop/ros2_ws/src/trac_ik/trac_ik_lib -DCMAKE_INSTALL_PREFIX=/home/siyuen/Desktop/ros2_ws/install/trac_ik_lib
[0.188s] -- The C compiler identification is GNU 11.4.0
[0.188s] -- The CXX compiler identification is GNU 11.4.0
[0.188s] -- Detecting C compiler ABI info
[0.264s] -- Detecting C compiler ABI info - done
[0.269s] -- Check for working C compiler: /usr/bin/cc - skipped
[0.269s] -- Detecting C compile features
[0.270s] -- Detecting C compile features - done
[0.272s] -- Detecting CXX compiler ABI info
[0.398s] -- Detecting CXX compiler ABI info - done
[0.408s] -- Check for working CXX compiler: /usr/bin/c++ - skipped
[0.408s] -- Detecting CXX compile features
[0.409s] -- Detecting CXX compile features - done
[0.412s] -- Found ament_cmake: 1.3.12 (/opt/ros/humble/share/ament_cmake/cmake)
[0.573s] -- Found Python3: /home/siyuen/.venvs/landerpi/bin/python3 (found version "3.10.12") found components: Interpreter 
[0.659s] -- Found rclcpp: 16.0.16 (/opt/ros/humble/share/rclcpp/cmake)
[0.695s] -- Found rosidl_generator_c: 3.1.7 (/opt/ros/humble/share/rosidl_generator_c/cmake)
[0.698s] -- Found rosidl_adapter: 3.1.7 (/opt/ros/humble/share/rosidl_adapter/cmake)
[0.705s] -- Found rosidl_generator_cpp: 3.1.7 (/opt/ros/humble/share/rosidl_generator_cpp/cmake)
[0.713s] -- Using all available rosidl_typesupport_c: rosidl_typesupport_fastrtps_c;rosidl_typesupport_introspection_c
[0.725s] -- Using all available rosidl_typesupport_cpp: rosidl_typesupport_fastrtps_cpp;rosidl_typesupport_introspection_cpp
[0.759s] -- Found rmw_implementation_cmake: 6.1.2 (/opt/ros/humble/share/rmw_implementation_cmake/cmake)
[0.762s] -- Found rmw_fastrtps_cpp: 6.2.9 (/opt/ros/humble/share/rmw_fastrtps_cpp/cmake)
[0.916s] -- Found OpenSSL: /usr/lib/x86_64-linux-gnu/libcrypto.so (found version "3.0.2")  
[0.944s] -- Found FastRTPS: /opt/ros/humble/include  
[0.988s] -- Using RMW implementation 'rmw_fastrtps_cpp' as default
[0.996s] -- Looking for pthread.h
[1.095s] -- Looking for pthread.h - found
[1.096s] -- Performing Test CMAKE_HAVE_LIBC_PTHREAD
[1.206s] -- Performing Test CMAKE_HAVE_LIBC_PTHREAD - Success
[1.206s] -- Found Threads: TRUE  
[1.244s] -- Found geometry_msgs: 4.9.0 (/opt/ros/humble/share/geometry_msgs/cmake)
[1.254s] -- Found kdl_parser: 2.6.4 (/opt/ros/humble/share/kdl_parser/cmake)
[1.267s] -- Found eigen3_cmake_module: 0.1.1 (/opt/ros/humble/share/eigen3_cmake_module/cmake)
[1.268s] -- Found Eigen3: TRUE (found version "3.4.0") 
[1.268s] -- Ensuring Eigen3 include directory is part of orocos-kdl CMake target
[1.271s] -- Found urdf: 2.6.1 (/opt/ros/humble/share/urdf/cmake)
[1.304s] -- Found PkgConfig: /usr/bin/pkg-config (found version "0.29.2") 
[1.304s] -- Checking for module 'eigen3'
[1.331s] --   Found eigen3, version 3.4.0
[1.406s] -- Checking for module 'nlopt'
[1.433s] --   Found nlopt, version 2.10.0
[1.553s] -- Configuring done
[1.559s] -- Generating done
[1.561s] -- Build files have been written to: /home/siyuen/Desktop/ros2_ws/build/trac_ik_lib
[1.568s] Invoked command in '/home/siyuen/Desktop/ros2_ws/build/trac_ik_lib' returned '0': CMAKE_PREFIX_PATH=${CMAKE_PREFIX_PATH}:/home/siyuen/Desktop/ros2_ws/install/winterhack:/home/siyuen/Desktop/ros2_ws/install/robot_gazebo:/home/siyuen/Desktop/ros2_ws/install/landerpi_description:/opt/ros/humble VIRTUAL_ENV_PROMPT=(landerpi) /usr/bin/cmake /home/siyuen/Desktop/ros2_ws/src/trac_ik/trac_ik_lib -DCMAKE_INSTALL_PREFIX=/home/siyuen/Desktop/ros2_ws/install/trac_ik_lib
[1.571s] Invoking command in '/home/siyuen/Desktop/ros2_ws/build/trac_ik_lib': CMAKE_PREFIX_PATH=${CMAKE_PREFIX_PATH}:/home/siyuen/Desktop/ros2_ws/install/winterhack:/home/siyuen/Desktop/ros2_ws/install/robot_gazebo:/home/siyuen/Desktop/ros2_ws/install/landerpi_description:/opt/ros/humble VIRTUAL_ENV_PROMPT=(landerpi) /usr/bin/cmake --build /home/siyuen/Desktop/ros2_ws/build/trac_ik_lib -- -j20 -l20
[1.650s] [ 25%] [32mBuilding CXX object CMakeFiles/trac_ik.dir/src/trac_ik.cpp.o[0m
[1.655s] [ 50%] [32mBuilding CXX object CMakeFiles/trac_ik.dir/src/nlopt_ik.cpp.o[0m
[1.657s] [ 75%] [32mBuilding CXX object CMakeFiles/trac_ik.dir/src/kdl_tl.cpp.o[0m
[10.109s] [100%] [32m[1mLinking CXX shared library libtrac_ik.so[0m
[10.378s] [100%] Built target trac_ik
[10.388s] Invoked command in '/home/siyuen/Desktop/ros2_ws/build/trac_ik_lib' returned '0': CMAKE_PREFIX_PATH=${CMAKE_PREFIX_PATH}:/home/siyuen/Desktop/ros2_ws/install/winterhack:/home/siyuen/Desktop/ros2_ws/install/robot_gazebo:/home/siyuen/Desktop/ros2_ws/install/landerpi_description:/opt/ros/humble VIRTUAL_ENV_PROMPT=(landerpi) /usr/bin/cmake --build /home/siyuen/Desktop/ros2_ws/build/trac_ik_lib -- -j20 -l20
[10.390s] Invoking command in '/home/siyuen/Desktop/ros2_ws/build/trac_ik_lib': CMAKE_PREFIX_PATH=${CMAKE_PREFIX_PATH}:/home/siyuen/Desktop/ros2_ws/install/winterhack:/home/siyuen/Desktop/ros2_ws/install/robot_gazebo:/home/siyuen/Desktop/ros2_ws/install/landerpi_description:/opt/ros/humble VIRTUAL_ENV_PROMPT=(landerpi) /usr/bin/cmake --install /home/siyuen/Desktop/ros2_ws/build/trac_ik_lib
[10.399s] -- Install configuration: ""
[10.400s] -- Installing: /home/siyuen/Desktop/ros2_ws/install/trac_ik_lib/include
[10.400s] -- Installing: /home/siyuen/Desktop/ros2_ws/install/trac_ik_lib/include/trac_ik
[10.400s] -- Installing: /home/siyuen/Desktop/ros2_ws/install/trac_ik_lib/include/trac_ik/trac_ik.hpp
[10.400s] -- Installing: /home/siyuen/Desktop/ros2_ws/install/trac_ik_lib/include/trac_ik/math3d.h
[10.400s] -- Installing: /home/siyuen/Desktop/ros2_ws/install/trac_ik_lib/include/trac_ik/kdl_tl.hpp
[10.400s] -- Installing: /home/siyuen/Desktop/ros2_ws/install/trac_ik_lib/include/trac_ik/nlopt_ik.hpp
[10.400s] -- Installing: /home/siyuen/Desktop/ros2_ws/install/trac_ik_lib/include/trac_ik/dual_quaternion.h
[10.400s] -- Installing: /home/siyuen/Desktop/ros2_ws/install/trac_ik_lib/lib/libtrac_ik.so
[10.402s] -- Set runtime path of "/home/siyuen/Desktop/ros2_ws/install/trac_ik_lib/lib/libtrac_ik.so" to ""
[10.402s] -- Installing: /home/siyuen/Desktop/ros2_ws/install/trac_ik_lib/share/trac_ik_lib/environment/library_path.sh
[10.402s] -- Installing: /home/siyuen/Desktop/ros2_ws/install/trac_ik_lib/share/trac_ik_lib/environment/library_path.dsv
[10.402s] -- Installing: /home/siyuen/Desktop/ros2_ws/install/trac_ik_lib/share/ament_index/resource_index/package_run_dependencies/trac_ik_lib
[10.402s] -- Installing: /home/siyuen/Desktop/ros2_ws/install/trac_ik_lib/share/ament_index/resource_index/parent_prefix_path/trac_ik_lib
[10.402s] -- Installing: /home/siyuen/Desktop/ros2_ws/install/trac_ik_lib/share/trac_ik_lib/environment/ament_prefix_path.sh
[10.402s] -- Installing: /home/siyuen/Desktop/ros2_ws/install/trac_ik_lib/share/trac_ik_lib/environment/ament_prefix_path.dsv
[10.403s] -- Installing: /home/siyuen/Desktop/ros2_ws/install/trac_ik_lib/share/trac_ik_lib/environment/path.sh
[10.403s] -- Installing: /home/siyuen/Desktop/ros2_ws/install/trac_ik_lib/share/trac_ik_lib/environment/path.dsv
[10.403s] -- Installing: /home/siyuen/Desktop/ros2_ws/install/trac_ik_lib/share/trac_ik_lib/local_setup.bash
[10.403s] -- Installing: /home/siyuen/Desktop/ros2_ws/install/trac_ik_lib/share/trac_ik_lib/local_setup.sh
[10.403s] -- Installing: /home/siyuen/Desktop/ros2_ws/install/trac_ik_lib/share/trac_ik_lib/local_setup.zsh
[10.403s] -- Installing: /home/siyuen/Desktop/ros2_ws/install/trac_ik_lib/share/trac_ik_lib/local_setup.dsv
[10.403s] -- Installing: /home/siyuen/Desktop/ros2_ws/install/trac_ik_lib/share/trac_ik_lib/package.dsv
[10.403s] -- Installing: /home/siyuen/Desktop/ros2_ws/install/trac_ik_lib/share/ament_index/resource_index/packages/trac_ik_lib
[10.403s] -- Installing: /home/siyuen/Desktop/ros2_ws/install/trac_ik_lib/share/trac_ik_lib/cmake/export_trac_ik_libExport.cmake
[10.403s] -- Installing: /home/siyuen/Desktop/ros2_ws/install/trac_ik_lib/share/trac_ik_lib/cmake/export_trac_ik_libExport-noconfig.cmake
[10.404s] -- Installing: /home/siyuen/Desktop/ros2_ws/install/trac_ik_lib/share/trac_ik_lib/cmake/ament_cmake_export_libraries-extras.cmake
[10.404s] -- Installing: /home/siyuen/Desktop/ros2_ws/install/trac_ik_lib/share/trac_ik_lib/cmake/ament_cmake_export_targets-extras.cmake
[10.404s] -- Installing: /home/siyuen/Desktop/ros2_ws/install/trac_ik_lib/share/trac_ik_lib/cmake/ament_cmake_export_dependencies-extras.cmake
[10.404s] -- Installing: /home/siyuen/Desktop/ros2_ws/install/trac_ik_lib/share/trac_ik_lib/cmake/ament_cmake_export_include_directories-extras.cmake
[10.404s] -- Installing: /home/siyuen/Desktop/ros2_ws/install/trac_ik_lib/share/trac_ik_lib/cmake/trac_ik_libConfig.cmake
[10.404s] -- Installing: /home/siyuen/Desktop/ros2_ws/install/trac_ik_lib/share/trac_ik_lib/cmake/trac_ik_libConfig-version.cmake
[10.404s] -- Installing: /home/siyuen/Desktop/ros2_ws/install/trac_ik_lib/share/trac_ik_lib/package.xml
[10.406s] Invoked command in '/home/siyuen/Desktop/ros2_ws/build/trac_ik_lib' returned '0': CMAKE_PREFIX_PATH=${CMAKE_PREFIX_PATH}:/home/siyuen/Desktop/ros2_ws/install/winterhack:/home/siyuen/Desktop/ros2_ws/install/robot_gazebo:/home/siyuen/Desktop/ros2_ws/install/landerpi_description:/opt/ros/humble VIRTUAL_ENV_PROMPT=(landerpi) /usr/bin/cmake --install /home/siyuen/Desktop/ros2_ws/build/trac_ik_lib
