[0.438s] Invoking command in '/home/siyuen/Desktop/ros2_ws/src/winterhack': AMENT_PREFIX_PATH=/home/siyuen/Desktop/ros2_ws/install/landerpi_description:/home/siyuen/Desktop/ros2_ws/install/winterhack:/home/siyuen/Desktop/ros2_ws/install/winterhack_interfaces:/home/siyuen/Desktop/ros2_ws/install/trac_ik:/home/siyuen/Desktop/ros2_ws/install/trac_ik_kinematics_plugin:/home/siyuen/Desktop/ros2_ws/install/trac_ik_lib:/home/siyuen/Desktop/ros2_ws/install/teb_local_planner:/home/siyuen/Desktop/ros2_ws/install/teb_msgs:/home/siyuen/Desktop/ros2_ws/install/robot_gazebo:/home/siyuen/Desktop/ros2_ws/install/holonomic_sim:/home/siyuen/Desktop/ros2_ws/install/costmap_converter:/home/siyuen/Desktop/ros2_ws/install/costmap_converter_msgs:/opt/ros/humble LD_LIBRARY_PATH=/home/siyuen/Desktop/ros2_ws/install/winterhack_interfaces/lib:/home/siyuen/Desktop/ros2_ws/install/trac_ik_kinematics_plugin/lib:/home/siyuen/Desktop/ros2_ws/install/trac_ik_lib/lib:/home/siyuen/Desktop/ros2_ws/install/teb_local_planner/lib:/home/siyuen/Desktop/ros2_ws/install/teb_msgs/lib:/home/siyuen/Desktop/ros2_ws/install/holonomic_sim/lib:/home/siyuen/Desktop/ros2_ws/install/costmap_converter/lib:/home/siyuen/Desktop/ros2_ws/install/costmap_converter_msgs/lib:/opt/ros/humble/opt/rviz_ogre_vendor/lib:/opt/ros/humble/lib/x86_64-linux-gnu:/opt/ros/humble/lib:/tmp/.mount_Cursorwn0QMk/usr/lib/:/tmp/.mount_Cursorwn0QMk/usr/lib32/:/tmp/.mount_Cursorwn0QMk/usr/lib64/:/tmp/.mount_Cursorwn0QMk/lib/:/tmp/.mount_Cursorwn0QMk/lib/i386-linux-gnu/:/tmp/.mount_Cursorwn0QMk/lib/x86_64-linux-gnu/:/tmp/.mount_Cursorwn0QMk/lib/aarch64-linux-gnu/:/tmp/.mount_Cursorwn0QMk/lib32/:/tmp/.mount_Cursorwn0QMk/lib64/ PYTHONPATH=/home/siyuen/Desktop/ros2_ws/build/winterhack/prefix_override:/usr/lib/python3/dist-packages/colcon_core/task/python/colcon_distutils_commands:/home/siyuen/Desktop/ros2_ws/install/winterhack/lib/python3.10/site-packages:/home/siyuen/Desktop/ros2_ws/install/winterhack_interfaces/lib/python3.10/site-packages:/home/siyuen/Desktop/ros2_ws/install/landerpi_description/lib/python3.10/site-packages:/home/siyuen/Desktop/ros2_ws/install/winterhack/lib/python3.10/site-packages:/home/siyuen/Desktop/ros2_ws/install/teb_msgs/lib/python3.10/site-packages:/home/siyuen/Desktop/ros2_ws/build/robot_gazebo:/home/siyuen/Desktop/ros2_ws/install/robot_gazebo/lib/python3.10/site-packages:/home/siyuen/Desktop/ros2_ws/install/costmap_converter_msgs/lib/python3.10/site-packages:/opt/ros/humble/lib/python3.10/site-packages:/opt/ros/humble/local/lib/python3.10/dist-packages VIRTUAL_ENV_PROMPT=(landerpi) /usr/bin/python3 -W ignore:setup.py install is deprecated -W ignore:easy_install command is deprecated setup.py egg_info --egg-base ../../build/winterhack build --build-base /home/siyuen/Desktop/ros2_ws/build/winterhack/build install --record /home/siyuen/Desktop/ros2_ws/build/winterhack/install.log --single-version-externally-managed install_data
[0.608s] running egg_info
[0.608s] writing ../../build/winterhack/winterhack.egg-info/PKG-INFO
[0.609s] writing dependency_links to ../../build/winterhack/winterhack.egg-info/dependency_links.txt
[0.609s] writing entry points to ../../build/winterhack/winterhack.egg-info/entry_points.txt
[0.609s] writing requirements to ../../build/winterhack/winterhack.egg-info/requires.txt
[0.609s] writing top-level names to ../../build/winterhack/winterhack.egg-info/top_level.txt
[0.610s] reading manifest file '../../build/winterhack/winterhack.egg-info/SOURCES.txt'
[0.611s] writing manifest file '../../build/winterhack/winterhack.egg-info/SOURCES.txt'
[0.611s] running build
[0.611s] running build_py
[0.611s] copying winterhack/locate.py -> /home/siyuen/Desktop/ros2_ws/build/winterhack/build/lib/winterhack
[0.611s] copying winterhack/detect.py -> /home/siyuen/Desktop/ros2_ws/build/winterhack/build/lib/winterhack
[0.611s] copying winterhack/pick.py -> /home/siyuen/Desktop/ros2_ws/build/winterhack/build/lib/winterhack
[0.611s] copying winterhack/mission_runner.py -> /home/siyuen/Desktop/ros2_ws/build/winterhack/build/lib/winterhack
[0.611s] running install
[0.612s] running install_lib
[0.612s] copying /home/siyuen/Desktop/ros2_ws/build/winterhack/build/lib/winterhack/locate.py -> /home/siyuen/Desktop/ros2_ws/install/winterhack/lib/python3.10/site-packages/winterhack
[0.612s] copying /home/siyuen/Desktop/ros2_ws/build/winterhack/build/lib/winterhack/detect.py -> /home/siyuen/Desktop/ros2_ws/install/winterhack/lib/python3.10/site-packages/winterhack
[0.612s] copying /home/siyuen/Desktop/ros2_ws/build/winterhack/build/lib/winterhack/pick.py -> /home/siyuen/Desktop/ros2_ws/install/winterhack/lib/python3.10/site-packages/winterhack
[0.612s] copying /home/siyuen/Desktop/ros2_ws/build/winterhack/build/lib/winterhack/mission_runner.py -> /home/siyuen/Desktop/ros2_ws/install/winterhack/lib/python3.10/site-packages/winterhack
[0.613s] byte-compiling /home/siyuen/Desktop/ros2_ws/install/winterhack/lib/python3.10/site-packages/winterhack/locate.py to locate.cpython-310.pyc
[0.615s] byte-compiling /home/siyuen/Desktop/ros2_ws/install/winterhack/lib/python3.10/site-packages/winterhack/detect.py to detect.cpython-310.pyc
[0.618s] byte-compiling /home/siyuen/Desktop/ros2_ws/install/winterhack/lib/python3.10/site-packages/winterhack/pick.py to pick.cpython-310.pyc
[0.620s] byte-compiling /home/siyuen/Desktop/ros2_ws/install/winterhack/lib/python3.10/site-packages/winterhack/mission_runner.py to mission_runner.cpython-310.pyc
[0.622s] running install_data
[0.623s] running install_egg_info
[0.624s] removing '/home/siyuen/Desktop/ros2_ws/install/winterhack/lib/python3.10/site-packages/winterhack-0.0.0-py3.10.egg-info' (and everything under it)
[0.624s] Copying ../../build/winterhack/winterhack.egg-info to /home/siyuen/Desktop/ros2_ws/install/winterhack/lib/python3.10/site-packages/winterhack-0.0.0-py3.10.egg-info
[0.625s] running install_scripts
[0.639s] Installing detect script to /home/siyuen/Desktop/ros2_ws/install/winterhack/lib/winterhack
[0.639s] Installing drop script to /home/siyuen/Desktop/ros2_ws/install/winterhack/lib/winterhack
[0.639s] Installing locate script to /home/siyuen/Desktop/ros2_ws/install/winterhack/lib/winterhack
[0.639s] Installing mission_runner script to /home/siyuen/Desktop/ros2_ws/install/winterhack/lib/winterhack
[0.639s] Installing pick script to /home/siyuen/Desktop/ros2_ws/install/winterhack/lib/winterhack
[0.639s] writing list of installed files to '/home/siyuen/Desktop/ros2_ws/build/winterhack/install.log'
[0.656s] Invoked command in '/home/siyuen/Desktop/ros2_ws/src/winterhack' returned '0': AMENT_PREFIX_PATH=/home/siyuen/Desktop/ros2_ws/install/landerpi_description:/home/siyuen/Desktop/ros2_ws/install/winterhack:/home/siyuen/Desktop/ros2_ws/install/winterhack_interfaces:/home/siyuen/Desktop/ros2_ws/install/trac_ik:/home/siyuen/Desktop/ros2_ws/install/trac_ik_kinematics_plugin:/home/siyuen/Desktop/ros2_ws/install/trac_ik_lib:/home/siyuen/Desktop/ros2_ws/install/teb_local_planner:/home/siyuen/Desktop/ros2_ws/install/teb_msgs:/home/siyuen/Desktop/ros2_ws/install/robot_gazebo:/home/siyuen/Desktop/ros2_ws/install/holonomic_sim:/home/siyuen/Desktop/ros2_ws/install/costmap_converter:/home/siyuen/Desktop/ros2_ws/install/costmap_converter_msgs:/opt/ros/humble LD_LIBRARY_PATH=/home/siyuen/Desktop/ros2_ws/install/winterhack_interfaces/lib:/home/siyuen/Desktop/ros2_ws/install/trac_ik_kinematics_plugin/lib:/home/siyuen/Desktop/ros2_ws/install/trac_ik_lib/lib:/home/siyuen/Desktop/ros2_ws/install/teb_local_planner/lib:/home/siyuen/Desktop/ros2_ws/install/teb_msgs/lib:/home/siyuen/Desktop/ros2_ws/install/holonomic_sim/lib:/home/siyuen/Desktop/ros2_ws/install/costmap_converter/lib:/home/siyuen/Desktop/ros2_ws/install/costmap_converter_msgs/lib:/opt/ros/humble/opt/rviz_ogre_vendor/lib:/opt/ros/humble/lib/x86_64-linux-gnu:/opt/ros/humble/lib:/tmp/.mount_Cursorwn0QMk/usr/lib/:/tmp/.mount_Cursorwn0QMk/usr/lib32/:/tmp/.mount_Cursorwn0QMk/usr/lib64/:/tmp/.mount_Cursorwn0QMk/lib/:/tmp/.mount_Cursorwn0QMk/lib/i386-linux-gnu/:/tmp/.mount_Cursorwn0QMk/lib/x86_64-linux-gnu/:/tmp/.mount_Cursorwn0QMk/lib/aarch64-linux-gnu/:/tmp/.mount_Cursorwn0QMk/lib32/:/tmp/.mount_Cursorwn0QMk/lib64/ PYTHONPATH=/home/siyuen/Desktop/ros2_ws/build/winterhack/prefix_override:/usr/lib/python3/dist-packages/colcon_core/task/python/colcon_distutils_commands:/home/siyuen/Desktop/ros2_ws/install/winterhack/lib/python3.10/site-packages:/home/siyuen/Desktop/ros2_ws/install/winterhack_interfaces/lib/python3.10/site-packages:/home/siyuen/Desktop/ros2_ws/install/landerpi_description/lib/python3.10/site-packages:/home/siyuen/Desktop/ros2_ws/install/winterhack/lib/python3.10/site-packages:/home/siyuen/Desktop/ros2_ws/install/teb_msgs/lib/python3.10/site-packages:/home/siyuen/Desktop/ros2_ws/build/robot_gazebo:/home/siyuen/Desktop/ros2_ws/install/robot_gazebo/lib/python3.10/site-packages:/home/siyuen/Desktop/ros2_ws/install/costmap_converter_msgs/lib/python3.10/site-packages:/opt/ros/humble/lib/python3.10/site-packages:/opt/ros/humble/local/lib/python3.10/dist-packages VIRTUAL_ENV_PROMPT=(landerpi) /usr/bin/python3 -W ignore:setup.py install is deprecated -W ignore:easy_install command is deprecated setup.py egg_info --egg-base ../../build/winterhack build --build-base /home/siyuen/Desktop/ros2_ws/build/winterhack/build install --record /home/siyuen/Desktop/ros2_ws/build/winterhack/install.log --single-version-externally-managed install_data
