running egg_info
creating ../../build/landerpi_description/landerpi_description.egg-info
writing ../../build/landerpi_description/landerpi_description.egg-info/PKG-INFO
writing dependency_links to ../../build/landerpi_description/landerpi_description.egg-info/dependency_links.txt
writing entry points to ../../build/landerpi_description/landerpi_description.egg-info/entry_points.txt
writing requirements to ../../build/landerpi_description/landerpi_description.egg-info/requires.txt
writing top-level names to ../../build/landerpi_description/landerpi_description.egg-info/top_level.txt
writing manifest file '../../build/landerpi_description/landerpi_description.egg-info/SOURCES.txt'
reading manifest file '../../build/landerpi_description/landerpi_description.egg-info/SOURCES.txt'
writing manifest file '../../build/landerpi_description/landerpi_description.egg-info/SOURCES.txt'
running build
running build_py
creating /home/siyuen/Desktop/ros2_ws/build/landerpi_description/build
creating /home/siyuen/Desktop/ros2_ws/build/landerpi_description/build/lib
creating /home/siyuen/Desktop/ros2_ws/build/landerpi_description/build/lib/landerpi_description
copying landerpi_description/__init__.py -> /home/siyuen/Desktop/ros2_ws/build/landerpi_description/build/lib/landerpi_description
running install
running install_lib
creating /home/siyuen/Desktop/ros2_ws/install/landerpi_description/lib/python3.10/site-packages/landerpi_description
copying /home/siyuen/Desktop/ros2_ws/build/landerpi_description/build/lib/landerpi_description/__init__.py -> /home/siyuen/Desktop/ros2_ws/install/landerpi_description/lib/python3.10/site-packages/landerpi_description
byte-compiling /home/siyuen/Desktop/ros2_ws/install/landerpi_description/lib/python3.10/site-packages/landerpi_description/__init__.py to __init__.cpython-310.pyc
running install_data
creating /home/siyuen/Desktop/ros2_ws/install/landerpi_description/share/ament_index
creating /home/siyuen/Desktop/ros2_ws/install/landerpi_description/share/ament_index/resource_index
creating /home/siyuen/Desktop/ros2_ws/install/landerpi_description/share/ament_index/resource_index/packages
copying resource/landerpi_description -> /home/siyuen/Desktop/ros2_ws/install/landerpi_description/share/ament_index/resource_index/packages
copying package.xml -> /home/siyuen/Desktop/ros2_ws/install/landerpi_description/share/landerpi_description
creating /home/siyuen/Desktop/ros2_ws/install/landerpi_description/share/landerpi_description/launch
copying launch/rviz.launch.py -> /home/siyuen/Desktop/ros2_ws/install/landerpi_description/share/landerpi_description/launch
copying launch/robot_description.launch.py -> /home/siyuen/Desktop/ros2_ws/install/landerpi_description/share/landerpi_description/launch
copying launch/display.launch.py -> /home/siyuen/Desktop/ros2_ws/install/landerpi_description/share/landerpi_description/launch
creating /home/siyuen/Desktop/ros2_ws/install/landerpi_description/share/landerpi_description/urdf
copying urdf/landerpi.xacro -> /home/siyuen/Desktop/ros2_ws/install/landerpi_description/share/landerpi_description/urdf
copying urdf/ack.xacro -> /home/siyuen/Desktop/ros2_ws/install/landerpi_description/share/landerpi_description/urdf
copying urdf/gripper.urdf.xacro -> /home/siyuen/Desktop/ros2_ws/install/landerpi_description/share/landerpi_description/urdf
copying urdf/lidar.urdf.xacro -> /home/siyuen/Desktop/ros2_ws/install/landerpi_description/share/landerpi_description/urdf
copying urdf/inertial_matrix.xacro -> /home/siyuen/Desktop/ros2_ws/install/landerpi_description/share/landerpi_description/urdf
copying urdf/arm.urdf.xacro -> /home/siyuen/Desktop/ros2_ws/install/landerpi_description/share/landerpi_description/urdf
copying urdf/imu.urdf.xacro -> /home/siyuen/Desktop/ros2_ws/install/landerpi_description/share/landerpi_description/urdf
copying urdf/tank.xacro -> /home/siyuen/Desktop/ros2_ws/install/landerpi_description/share/landerpi_description/urdf
copying urdf/mecanum.xacro -> /home/siyuen/Desktop/ros2_ws/install/landerpi_description/share/landerpi_description/urdf
copying urdf/materials.xacro -> /home/siyuen/Desktop/ros2_ws/install/landerpi_description/share/landerpi_description/urdf
creating /home/siyuen/Desktop/ros2_ws/install/landerpi_description/share/landerpi_description/rviz
copying rviz/view.rviz -> /home/siyuen/Desktop/ros2_ws/install/landerpi_description/share/landerpi_description/rviz
creating /home/siyuen/Desktop/ros2_ws/install/landerpi_description/share/landerpi_description/meshes
creating /home/siyuen/Desktop/ros2_ws/install/landerpi_description/share/landerpi_description/meshes/acker
copying meshes/acker/lidar_link.STL -> /home/siyuen/Desktop/ros2_ws/install/landerpi_description/share/landerpi_description/meshes/acker
copying meshes/acker/wheel_rf_Link.STL -> /home/siyuen/Desktop/ros2_ws/install/landerpi_description/share/landerpi_description/meshes/acker
copying meshes/acker/imu_link.STL -> /home/siyuen/Desktop/ros2_ws/install/landerpi_description/share/landerpi_description/meshes/acker
copying meshes/acker/back_shell_middle_link.STL -> /home/siyuen/Desktop/ros2_ws/install/landerpi_description/share/landerpi_description/meshes/acker
copying meshes/acker/back_shell_black_link.STL -> /home/siyuen/Desktop/ros2_ws/install/landerpi_description/share/landerpi_description/meshes/acker
copying meshes/acker/wheel_rb_Link.STL -> /home/siyuen/Desktop/ros2_ws/install/landerpi_description/share/landerpi_description/meshes/acker
copying meshes/acker/wheel_lf_Link.STL -> /home/siyuen/Desktop/ros2_ws/install/landerpi_description/share/landerpi_description/meshes/acker
copying meshes/acker/wheel_lb_Link.STL -> /home/siyuen/Desktop/ros2_ws/install/landerpi_description/share/landerpi_description/meshes/acker
copying meshes/acker/base_link.stl -> /home/siyuen/Desktop/ros2_ws/install/landerpi_description/share/landerpi_description/meshes/acker
creating /home/siyuen/Desktop/ros2_ws/install/landerpi_description/share/landerpi_description/meshes/mecanum
copying meshes/mecanum/lidar_link.STL -> /home/siyuen/Desktop/ros2_ws/install/landerpi_description/share/landerpi_description/meshes/mecanum
copying meshes/mecanum/imu_link.STL -> /home/siyuen/Desktop/ros2_ws/install/landerpi_description/share/landerpi_description/meshes/mecanum
copying meshes/mecanum/back_shell_middle_link.STL -> /home/siyuen/Desktop/ros2_ws/install/landerpi_description/share/landerpi_description/meshes/mecanum
copying meshes/mecanum/wheel_left_front_link.STL -> /home/siyuen/Desktop/ros2_ws/install/landerpi_description/share/landerpi_description/meshes/mecanum
copying meshes/mecanum/back_shell_black_link.STL -> /home/siyuen/Desktop/ros2_ws/install/landerpi_description/share/landerpi_description/meshes/mecanum
copying meshes/mecanum/wheel_right_front_link.STL -> /home/siyuen/Desktop/ros2_ws/install/landerpi_description/share/landerpi_description/meshes/mecanum
copying meshes/mecanum/base_link.STL -> /home/siyuen/Desktop/ros2_ws/install/landerpi_description/share/landerpi_description/meshes/mecanum
copying meshes/mecanum/wheel_right_back_link.STL -> /home/siyuen/Desktop/ros2_ws/install/landerpi_description/share/landerpi_description/meshes/mecanum
copying meshes/mecanum/wheel_left_back_link.STL -> /home/siyuen/Desktop/ros2_ws/install/landerpi_description/share/landerpi_description/meshes/mecanum
creating /home/siyuen/Desktop/ros2_ws/install/landerpi_description/share/landerpi_description/meshes/tank
copying meshes/tank/lidar_link.STL -> /home/siyuen/Desktop/ros2_ws/install/landerpi_description/share/landerpi_description/meshes/tank
copying meshes/tank/imu_link.STL -> /home/siyuen/Desktop/ros2_ws/install/landerpi_description/share/landerpi_description/meshes/tank
copying meshes/tank/back_shell_middle_link.STL -> /home/siyuen/Desktop/ros2_ws/install/landerpi_description/share/landerpi_description/meshes/tank
copying meshes/tank/back_shell_black_link.STL -> /home/siyuen/Desktop/ros2_ws/install/landerpi_description/share/landerpi_description/meshes/tank
copying meshes/tank/base_link.STL -> /home/siyuen/Desktop/ros2_ws/install/landerpi_description/share/landerpi_description/meshes/tank
creating /home/siyuen/Desktop/ros2_ws/install/landerpi_description/share/landerpi_description/meshes/gripper
copying meshes/gripper/guide_rod_link.STL -> /home/siyuen/Desktop/ros2_ws/install/landerpi_description/share/landerpi_description/meshes/gripper
copying meshes/gripper/gripper_right_link.STL -> /home/siyuen/Desktop/ros2_ws/install/landerpi_description/share/landerpi_description/meshes/gripper
copying meshes/gripper/gripper_left_link.STL -> /home/siyuen/Desktop/ros2_ws/install/landerpi_description/share/landerpi_description/meshes/gripper
copying meshes/gripper/gripper_base_link.STL -> /home/siyuen/Desktop/ros2_ws/install/landerpi_description/share/landerpi_description/meshes/gripper
copying meshes/gripper/left_jaw_link.STL -> /home/siyuen/Desktop/ros2_ws/install/landerpi_description/share/landerpi_description/meshes/gripper
copying meshes/gripper/right_jaw_link.STL -> /home/siyuen/Desktop/ros2_ws/install/landerpi_description/share/landerpi_description/meshes/gripper
creating /home/siyuen/Desktop/ros2_ws/install/landerpi_description/share/landerpi_description/meshes/arm
copying meshes/arm/depth_cam_link.STL -> /home/siyuen/Desktop/ros2_ws/install/landerpi_description/share/landerpi_description/meshes/arm
copying meshes/arm/link2.STL -> /home/siyuen/Desktop/ros2_ws/install/landerpi_description/share/landerpi_description/meshes/arm
copying meshes/arm/gripper_link.STL -> /home/siyuen/Desktop/ros2_ws/install/landerpi_description/share/landerpi_description/meshes/arm
copying meshes/arm/link1.STL -> /home/siyuen/Desktop/ros2_ws/install/landerpi_description/share/landerpi_description/meshes/arm
copying meshes/arm/camera_connect_link.STL -> /home/siyuen/Desktop/ros2_ws/install/landerpi_description/share/landerpi_description/meshes/arm
copying meshes/arm/link3.STL -> /home/siyuen/Desktop/ros2_ws/install/landerpi_description/share/landerpi_description/meshes/arm
copying meshes/arm/link4.STL -> /home/siyuen/Desktop/ros2_ws/install/landerpi_description/share/landerpi_description/meshes/arm
copying meshes/arm/link5.STL -> /home/siyuen/Desktop/ros2_ws/install/landerpi_description/share/landerpi_description/meshes/arm
creating /home/siyuen/Desktop/ros2_ws/install/landerpi_description/share/landerpi_description/meshes/mecanum_old
running install_egg_info
Copying ../../build/landerpi_description/landerpi_description.egg-info to /home/siyuen/Desktop/ros2_ws/install/landerpi_description/lib/python3.10/site-packages/landerpi_description-0.0.0-py3.10.egg-info
running install_scripts
writing list of installed files to '/home/siyuen/Desktop/ros2_ws/build/landerpi_description/install.log'
