[0.182s] Invoking command in '/home/siyuen/Desktop/ros2_ws/build/holonomic_sim': CMAKE_PREFIX_PATH=${CMAKE_PREFIX_PATH}:/home/siyuen/Desktop/ros2_ws/install/winterhack:/home/siyuen/Desktop/ros2_ws/install/robot_gazebo:/home/siyuen/Desktop/ros2_ws/install/landerpi_description:/opt/ros/humble VIRTUAL_ENV_PROMPT=(landerpi) /usr/bin/cmake /home/siyuen/Desktop/ros2_ws/src/holonomic_sim -DCMAKE_INSTALL_PREFIX=/home/siyuen/Desktop/ros2_ws/install/holonomic_sim
[0.350s] -- The C compiler identification is GNU 11.4.0
[0.350s] -- The CXX compiler identification is GNU 11.4.0
[0.351s] -- Detecting C compiler ABI info
[0.449s] -- Detecting C compiler ABI info - done
[0.458s] -- Check for working C compiler: /usr/bin/cc - skipped
[0.459s] -- Detecting C compile features
[0.459s] -- Detecting C compile features - done
[0.461s] -- Detecting CXX compiler ABI info
[0.579s] -- Detecting CXX compiler ABI info - done
[0.588s] -- Check for working CXX compiler: /usr/bin/c++ - skipped
[0.589s] -- Detecting CXX compile features
[0.589s] -- Detecting CXX compile features - done
[0.593s] -- Found ament_cmake: 1.3.12 (/opt/ros/humble/share/ament_cmake/cmake)
[0.739s] -- Found Python3: /home/siyuen/.venvs/landerpi/bin/python3 (found version "3.10.12") found components: Interpreter 
[0.829s] -- Looking for ignition-plugin1 -- found version 1.4.0
[0.835s] -- Searching for dependencies of ignition-plugin1
[0.836s] -- Searching for <ignition-plugin1> component [register]
[0.838s] -- Looking for ignition-plugin1-register -- found version 1.4.0
[0.838s] -- Searching for dependencies of ignition-plugin1-register
[0.841s] -- Looking for ignition-gazebo6 -- found version 6.16.0
[0.842s] -- Searching for dependencies of ignition-gazebo6
[0.844s] -- Looking for sdformat12 -- found version 12.7.2
[0.844s] -- Searching for dependencies of sdformat12
[0.854s] -- Checking for module 'tinyxml2'
[0.883s] --   Found tinyxml2, version 9.0.0
[0.954s] -- Looking for ignition-math6 -- found version 6.15.1
[0.954s] -- Searching for dependencies of ignition-math6
[0.957s] -- Looking for ignition-utils1 -- found version 1.5.1
[0.957s] -- Searching for dependencies of ignition-utils1
[0.958s] -- Looking for ignition-plugin1 -- found version 1.4.0
[0.958s] -- Searching for dependencies of ignition-plugin1
[0.958s] -- Searching for <ignition-plugin1> component [loader]
[0.960s] -- Looking for ignition-plugin1-loader -- found version 1.4.0
[0.960s] -- Searching for dependencies of ignition-plugin1-loader
[0.961s] -- Searching for <ignition-plugin1> component [register]
[0.963s] -- Looking for ignition-transport11 -- found version 11.4.1
[0.964s] -- Searching for dependencies of ignition-transport11
[1.186s] -- Found Protobuf: /usr/lib/x86_64-linux-gnu/libprotobuf.so (found version "3.12.4") 
[1.196s] -- Config-file not installed for ZeroMQ -- checking for pkg-config
[1.205s] -- Checking for module 'libzmq >= 4'
[1.228s] --   Found libzmq , version 4.3.4
[1.299s] -- Found ZeroMQ: TRUE (Required is at least version "4") 
[1.308s] -- Checking for module 'uuid'
[1.339s] --   Found uuid, version 2.37.2
[1.421s] -- Found UUID: TRUE  
[1.421s] -- Looking for ignition-utils1 -- found version 1.5.1
[1.421s] -- Searching for dependencies of ignition-utils1
[1.421s] -- Searching for <ignition-utils1> component [cli]
[1.423s] -- Looking for ignition-utils1-cli -- found version 1.5.1
[1.423s] -- Searching for dependencies of ignition-utils1-cli
[1.426s] -- Looking for ignition-msgs8 -- found version 8.7.0
[1.426s] -- Searching for dependencies of ignition-msgs8
[1.444s] -- Found Protobuf: /usr/lib/x86_64-linux-gnu/libprotobuf.so (found suitable version "3.12.4", minimum required is "3") 
[1.445s] -- Looking for ignition-math6 -- found version 6.15.1
[1.455s] -- Searching for <ignition-transport11> component [log]
[1.458s] -- Looking for ignition-transport11-log -- found version 11.4.1
[1.458s] -- Searching for dependencies of ignition-transport11-log
[1.458s] -- Searching for <ignition-transport11> component [parameters]
[1.462s] -- Looking for ignition-transport11-parameters -- found version 11.4.1
[1.462s] -- Searching for dependencies of ignition-transport11-parameters
[1.463s] -- Looking for ignition-msgs8 -- found version 8.7.0
[1.467s] -- Looking for ignition-common4 -- found version 4.7.0
[1.468s] -- Searching for dependencies of ignition-common4
[1.468s] -- Looking for dlfcn.h - found
[1.469s] -- Looking for libdl - found
[1.470s] -- Found DL: TRUE  
[1.481s] -- Searching for <ignition-common4> component [profiler]
[1.485s] -- Looking for ignition-common4-profiler -- found version 4.7.0
[1.486s] -- Searching for dependencies of ignition-common4-profiler
[1.486s] -- Searching for <ignition-common4> component [events]
[1.490s] -- Looking for ignition-common4-events -- found version 4.7.0
[1.490s] -- Searching for dependencies of ignition-common4-events
[1.491s] -- Looking for ignition-math6 -- found version 6.15.1
[1.491s] -- Searching for <ignition-common4> component [av]
[1.495s] -- Looking for ignition-common4-av -- found version 4.7.0
[1.496s] -- Searching for dependencies of ignition-common4-av
[1.502s] -- Checking for module 'libswscale'
[1.528s] --   Found libswscale, version 5.9.100
[1.595s] -- Found SWSCALE: TRUE  
[1.602s] -- Checking for module 'libavdevice >= 56.4.100'
[1.630s] --   Found libavdevice , version 58.13.100
[1.735s] -- Found AVDEVICE: TRUE (Required is at least version "56.4.100") 
[1.744s] -- Checking for module 'libavformat'
[1.783s] --   Found libavformat, version 58.76.100
[1.877s] -- Found AVFORMAT: TRUE  
[1.886s] -- Checking for module 'libavcodec'
[1.918s] --   Found libavcodec, version 58.134.100
[2.012s] -- Found AVCODEC: TRUE  
[2.020s] -- Checking for module 'libavutil'
[2.059s] --   Found libavutil, version 56.70.100
[2.154s] -- Found AVUTIL: TRUE  
[2.159s] -- Looking for ignition-fuel_tools7 -- found version 7.3.0
[2.160s] -- Searching for dependencies of ignition-fuel_tools7
[2.353s] -- Found CURL: /usr/lib/x86_64-linux-gnu/libcurl.so (found version "7.81.0")  
[2.394s] -- Checking for module 'jsoncpp'
[2.432s] --   Found jsoncpp, version 1.9.5
[2.577s] -- Found JSONCPP: TRUE  
[2.586s] -- Checking for module 'libzip'
[2.616s] --   Found libzip, version 1.7.3
[2.729s] -- Found ZIP: TRUE  
[2.729s] -- Looking for ignition-common4 -- found version 4.7.0
[2.733s] -- Looking for ignition-math6 -- found version 6.15.1
[2.734s] -- Looking for ignition-msgs8 -- found version 8.7.0
[2.744s] -- Looking for ignition-gui6 -- found version 6.8.0
[2.744s] -- Searching for dependencies of ignition-gui6
[2.795s] -- Looking for ignition-math6 -- found version 6.15.1
[2.795s] -- Looking for ignition-common4 -- found version 4.7.0
[2.796s] -- Looking for ignition-plugin1 -- found version 1.4.0
[2.796s] -- Looking for ignition-transport11 -- found version 11.4.1
[2.800s] -- Looking for ignition-rendering6 -- found version 6.6.3
[2.801s] -- Searching for dependencies of ignition-rendering6
[2.801s] -- Looking for ignition-math6 -- found version 6.15.1
[2.802s] -- Searching for dependencies of ignition-math6
[2.802s] -- Searching for <ignition-math6> component [eigen3]
[2.805s] -- Looking for ignition-math6-eigen3 -- found version 6.15.1
[2.806s] -- Searching for dependencies of ignition-math6-eigen3
[2.818s] -- Looking for ignition-common4 -- found version 4.7.0
[2.818s] -- Searching for dependencies of ignition-common4
[2.818s] -- Looking for dlfcn.h - found
[2.818s] -- Looking for libdl - found
[2.845s] -- Searching for <ignition-common4> component [graphics]
[2.854s] -- Looking for ignition-common4-graphics -- found version 4.7.0
[2.855s] -- Searching for dependencies of ignition-common4-graphics
[2.855s] -- Looking for ignition-math6 -- found version 6.15.1
[2.856s] -- Looking for ignition-utils1 -- found version 1.5.1
[2.856s] -- Searching for <ignition-common4> component [events]
[2.858s] -- Looking for ignition-plugin1 -- found version 1.4.0
[2.858s] -- Searching for dependencies of ignition-plugin1
[2.858s] -- Searching for <ignition-plugin1> component [all]
[2.867s] -- Looking for all libraries of ignition-plugin1 -- found version 1.4.0
[2.867s] -- Looking for ignition-plugin1 -- found version 1.4.0
[2.869s] -- Looking for ignition-msgs8 -- found version 8.7.0
[2.914s] -- Looking for ignition-physics5 -- found version 5.3.2
[2.914s] -- Searching for dependencies of ignition-physics5
[2.914s] -- Looking for ignition-math6 -- found version 6.15.1
[2.914s] -- Looking for ignition-plugin1 -- found version 1.4.0
[2.914s] -- Looking for ignition-utils1 -- found version 1.5.1
[2.914s] -- Searching for <ignition-physics5> component [heightmap]
[2.919s] -- Looking for ignition-physics5-heightmap -- found version 5.3.2
[2.920s] -- Searching for dependencies of ignition-physics5-heightmap
[2.920s] -- Looking for ignition-common4 -- found version 4.7.0
[2.921s] -- Searching for <ignition-physics5> component [mesh]
[2.936s] -- Looking for ignition-physics5-mesh -- found version 5.3.2
[2.936s] -- Searching for dependencies of ignition-physics5-mesh
[2.936s] -- Looking for ignition-common4 -- found version 4.7.0
[2.937s] -- Searching for <ignition-physics5> component [sdf]
[2.943s] -- Looking for ignition-physics5-sdf -- found version 5.3.2
[2.943s] -- Searching for dependencies of ignition-physics5-sdf
[2.943s] -- Looking for sdformat12 -- found version 12.7.2
[2.952s] -- Looking for ignition-sensors6 -- found version 6.8.0
[2.953s] -- Searching for dependencies of ignition-sensors6
[2.989s] -- Found Protobuf: /usr/lib/x86_64-linux-gnu/libprotobuf.so (found version "3.12.4") 
[2.990s] -- Looking for ignition-math6 -- found version 6.15.1
[2.991s] -- Looking for ignition-common4 -- found version 4.7.0
[2.991s] -- Looking for ignition-transport11 -- found version 11.4.1
[2.992s] -- Looking for ignition-rendering6 -- found version 6.6.3
[2.992s] -- Looking for ignition-msgs8 -- found version 8.7.0
[2.993s] -- Looking for sdformat12 -- found version 12.7.2
[2.994s] -- Searching for <ignition-sensors6> component [air_pressure]
[2.997s] -- Looking for ignition-sensors6-air_pressure -- found version 6.8.0
[2.997s] -- Searching for dependencies of ignition-sensors6-air_pressure
[2.998s] -- Searching for <ignition-sensors6> component [altimeter]
[3.000s] -- Looking for ignition-sensors6-altimeter -- found version 6.8.0
[3.005s] -- Searching for dependencies of ignition-sensors6-altimeter
[3.005s] -- Searching for <ignition-sensors6> component [imu]
[3.007s] -- Looking for ignition-sensors6-imu -- found version 6.8.0
[3.007s] -- Searching for dependencies of ignition-sensors6-imu
[3.007s] -- Searching for <ignition-sensors6> component [force_torque]
[3.011s] -- Looking for ignition-sensors6-force_torque -- found version 6.8.0
[3.012s] -- Searching for dependencies of ignition-sensors6-force_torque
[3.012s] -- Searching for <ignition-sensors6> component [logical_camera]
[3.016s] -- Looking for ignition-sensors6-logical_camera -- found version 6.8.0
[3.017s] -- Searching for dependencies of ignition-sensors6-logical_camera
[3.018s] -- Searching for <ignition-sensors6> component [magnetometer]
[3.022s] -- Looking for ignition-sensors6-magnetometer -- found version 6.8.0
[3.022s] -- Searching for dependencies of ignition-sensors6-magnetometer
[3.022s] -- Searching for <ignition-sensors6> component [navsat]
[3.025s] -- Looking for ignition-sensors6-navsat -- found version 6.8.0
[3.026s] -- Searching for dependencies of ignition-sensors6-navsat
[3.026s] -- Searching for <ignition-sensors6> component [rendering]
[3.030s] -- Looking for ignition-sensors6-rendering -- found version 6.8.0
[3.030s] -- Searching for dependencies of ignition-sensors6-rendering
[3.031s] -- Searching for <ignition-sensors6> component [lidar]
[3.034s] -- Looking for ignition-sensors6-lidar -- found version 6.8.0
[3.035s] -- Searching for dependencies of ignition-sensors6-lidar
[3.035s] -- Looking for ignition-sensors6 -- found version 6.8.0
[3.035s] -- Searching for <ignition-sensors6> component [gpu_lidar]
[3.039s] -- Looking for ignition-sensors6-gpu_lidar -- found version 6.8.0
[3.039s] -- Searching for dependencies of ignition-sensors6-gpu_lidar
[3.040s] -- Looking for ignition-sensors6 -- found version 6.8.0
[3.040s] -- Searching for <ignition-sensors6> component [camera]
[3.051s] -- Looking for ignition-sensors6-camera -- found version 6.8.0
[3.051s] -- Searching for dependencies of ignition-sensors6-camera
[3.051s] -- Looking for ignition-sensors6 -- found version 6.8.0
[3.051s] -- Searching for <ignition-sensors6> component [boundingbox_camera]
[3.058s] -- Looking for ignition-sensors6-boundingbox_camera -- found version 6.8.0
[3.058s] -- Searching for dependencies of ignition-sensors6-boundingbox_camera
[3.059s] -- Searching for <ignition-sensors6> component [segmentation_camera]
[3.067s] -- Looking for ignition-sensors6-segmentation_camera -- found version 6.8.0
[3.068s] -- Searching for dependencies of ignition-sensors6-segmentation_camera
[3.068s] -- Searching for <ignition-sensors6> component [depth_camera]
[3.072s] -- Looking for ignition-sensors6-depth_camera -- found version 6.8.0
[3.072s] -- Searching for dependencies of ignition-sensors6-depth_camera
[3.073s] -- Looking for ignition-sensors6 -- found version 6.8.0
[3.073s] -- Searching for <ignition-sensors6> component [rgbd_camera]
[3.077s] -- Looking for ignition-sensors6-rgbd_camera -- found version 6.8.0
[3.078s] -- Searching for dependencies of ignition-sensors6-rgbd_camera
[3.078s] -- Looking for ignition-sensors6 -- found version 6.8.0
[3.079s] -- Searching for <ignition-sensors6> component [thermal_camera]
[3.082s] -- Looking for ignition-sensors6-thermal_camera -- found version 6.8.0
[3.083s] -- Searching for dependencies of ignition-sensors6-thermal_camera
[3.083s] -- Looking for ignition-sensors6 -- found version 6.8.0
[3.084s] -- Looking for ignition-rendering6 -- found version 6.6.3
[3.084s] -- Looking for ignition-math6 -- found version 6.15.1
[3.089s] -- Looking for ignition-utils1 -- found version 1.5.1
[3.122s] -- Found ament_cmake_auto: 1.3.12 (/opt/ros/humble/share/ament_cmake_auto/cmake)
[3.210s] -- Found rosidl_generator_c: 3.1.7 (/opt/ros/humble/share/rosidl_generator_c/cmake)
[3.214s] -- Found rosidl_adapter: 3.1.7 (/opt/ros/humble/share/rosidl_adapter/cmake)
[3.221s] -- Found rosidl_generator_cpp: 3.1.7 (/opt/ros/humble/share/rosidl_generator_cpp/cmake)
[3.231s] -- Using all available rosidl_typesupport_c: rosidl_typesupport_fastrtps_c;rosidl_typesupport_introspection_c
[3.244s] -- Using all available rosidl_typesupport_cpp: rosidl_typesupport_fastrtps_cpp;rosidl_typesupport_introspection_cpp
[3.276s] -- Found rmw_implementation_cmake: 6.1.2 (/opt/ros/humble/share/rmw_implementation_cmake/cmake)
[3.278s] -- Found rmw_fastrtps_cpp: 6.2.9 (/opt/ros/humble/share/rmw_fastrtps_cpp/cmake)
[3.472s] -- Found OpenSSL: /usr/lib/x86_64-linux-gnu/libcrypto.so (found version "3.0.2")  
[3.516s] -- Found FastRTPS: /opt/ros/humble/include  
[3.579s] -- Using RMW implementation 'rmw_fastrtps_cpp' as default
[3.593s] -- Found Threads: TRUE  
[3.881s] -- Found eigen3_cmake_module: 0.1.1 (/opt/ros/humble/share/eigen3_cmake_module/cmake)
[3.882s] -- Found Eigen3: TRUE (found version "3.4.0") 
[3.882s] -- Ensuring Eigen3 include directory is part of orocos-kdl CMake target
[3.905s] -- Found ament_lint_auto: 0.12.14 (/opt/ros/humble/share/ament_lint_auto/cmake)
[3.924s] [0mIn this package, headers install destination is set to `include` by ament_auto_package. It is recommended to install `include/holonomic_sim` instead and will be the default behavior of ament_auto_package from ROS 2 Kilted Kaiju. On distributions before Kilted, ament_auto_package behaves the same way when you use USE_SCOPED_HEADER_INSTALL_DIR option.[0m
[3.929s] -- Added test 'cppcheck' to perform static code analysis on C / C++ code
[3.929s] -- Configured cppcheck include dirs: /home/siyuen/Desktop/ros2_ws/src/holonomic_sim/include
[3.930s] -- Configured cppcheck exclude dirs and/or files: 
[3.931s] -- Added test 'flake8' to check Python code syntax and style conventions
[3.932s] -- Added test 'lint_cmake' to check CMake code style
[3.933s] -- Added test 'pep257' to check Python code against some of the docstring style conventions in PEP 257
[3.935s] -- Added test 'uncrustify' to check C / C++ code style
[3.935s] -- Configured uncrustify additional arguments: 
[3.936s] -- Added test 'xmllint' to check XML markup files
[3.940s] -- Configuring done
[3.982s] -- Generating done
[3.990s] -- Build files have been written to: /home/siyuen/Desktop/ros2_ws/build/holonomic_sim
[4.007s] Invoked command in '/home/siyuen/Desktop/ros2_ws/build/holonomic_sim' returned '0': CMAKE_PREFIX_PATH=${CMAKE_PREFIX_PATH}:/home/siyuen/Desktop/ros2_ws/install/winterhack:/home/siyuen/Desktop/ros2_ws/install/robot_gazebo:/home/siyuen/Desktop/ros2_ws/install/landerpi_description:/opt/ros/humble VIRTUAL_ENV_PROMPT=(landerpi) /usr/bin/cmake /home/siyuen/Desktop/ros2_ws/src/holonomic_sim -DCMAKE_INSTALL_PREFIX=/home/siyuen/Desktop/ros2_ws/install/holonomic_sim
[4.010s] Invoking command in '/home/siyuen/Desktop/ros2_ws/build/holonomic_sim': CMAKE_PREFIX_PATH=${CMAKE_PREFIX_PATH}:/home/siyuen/Desktop/ros2_ws/install/winterhack:/home/siyuen/Desktop/ros2_ws/install/robot_gazebo:/home/siyuen/Desktop/ros2_ws/install/landerpi_description:/opt/ros/humble VIRTUAL_ENV_PROMPT=(landerpi) /usr/bin/cmake --build /home/siyuen/Desktop/ros2_ws/build/holonomic_sim -- -j20 -l20
[4.088s] [  7%] [34m[1mAutomatic MOC for target HolonomicPlugin[0m
[4.091s] [ 15%] [34m[1mAutomatic MOC for target robot_vel[0m
[4.137s] [ 15%] Built target HolonomicPlugin_autogen
[4.156s] [ 15%] Built target robot_vel_autogen
[4.202s] [ 23%] [32mBuilding CXX object CMakeFiles/HolonomicPlugin.dir/HolonomicPlugin_autogen/mocs_compilation.cpp.o[0m
[4.204s] [ 30%] [32mBuilding CXX object CMakeFiles/HolonomicPlugin.dir/src/holonomic_plugin/holonomic_plugin.cpp.o[0m
[4.230s] [ 38%] [32mBuilding CXX object CMakeFiles/robot_vel.dir/robot_vel_autogen/mocs_compilation.cpp.o[0m
[4.231s] [ 46%] [32mBuilding CXX object CMakeFiles/robot_vel.dir/src/robot_vel.cpp.o[0m
[10.465s] [ 53%] [32m[1mLinking CXX shared library libHolonomicPlugin.so[0m
[10.782s] [ 53%] Built target HolonomicPlugin
[11.426s] [ 61%] [32m[1mLinking CXX shared library librobot_vel.so[0m
[11.828s] [ 61%] Built target robot_vel
[11.867s] [ 69%] [34m[1mAutomatic MOC for target ign_ros_node[0m
[11.925s] [ 69%] Built target ign_ros_node_autogen
[11.959s] [ 76%] [32mBuilding CXX object CMakeFiles/ign_ros_node.dir/ign_ros_node_autogen/mocs_compilation.cpp.o[0m
[11.962s] [ 84%] [32mBuilding CXX object CMakeFiles/ign_ros_node.dir/src/ign_ros_node.cpp.o[0m
[11.964s] [ 92%] [32mBuilding CXX object CMakeFiles/ign_ros_node.dir/src/robot_vel.cpp.o[0m
[17.519s] [100%] [32m[1mLinking CXX executable ign_ros_node[0m
[17.840s] [100%] Built target ign_ros_node
[17.853s] Invoked command in '/home/siyuen/Desktop/ros2_ws/build/holonomic_sim' returned '0': CMAKE_PREFIX_PATH=${CMAKE_PREFIX_PATH}:/home/siyuen/Desktop/ros2_ws/install/winterhack:/home/siyuen/Desktop/ros2_ws/install/robot_gazebo:/home/siyuen/Desktop/ros2_ws/install/landerpi_description:/opt/ros/humble VIRTUAL_ENV_PROMPT=(landerpi) /usr/bin/cmake --build /home/siyuen/Desktop/ros2_ws/build/holonomic_sim -- -j20 -l20
[17.855s] Invoking command in '/home/siyuen/Desktop/ros2_ws/build/holonomic_sim': CMAKE_PREFIX_PATH=${CMAKE_PREFIX_PATH}:/home/siyuen/Desktop/ros2_ws/install/winterhack:/home/siyuen/Desktop/ros2_ws/install/robot_gazebo:/home/siyuen/Desktop/ros2_ws/install/landerpi_description:/opt/ros/humble VIRTUAL_ENV_PROMPT=(landerpi) /usr/bin/cmake --install /home/siyuen/Desktop/ros2_ws/build/holonomic_sim
[17.862s] -- Install configuration: ""
[17.862s] -- Installing: /home/siyuen/Desktop/ros2_ws/install/holonomic_sim/lib/libHolonomicPlugin.so
[17.863s] -- Installing: /home/siyuen/Desktop/ros2_ws/install/holonomic_sim/share/holonomic_sim/launch
[17.863s] -- Installing: /home/siyuen/Desktop/ros2_ws/install/holonomic_sim/share/holonomic_sim/launch/holonomic_sim.launch.py
[17.863s] -- Installing: /home/siyuen/Desktop/ros2_ws/install/holonomic_sim/share/holonomic_sim/models
[17.863s] -- Installing: /home/siyuen/Desktop/ros2_ws/install/holonomic_sim/share/holonomic_sim/models/HolonomicUrdf
[17.864s] -- Installing: /home/siyuen/Desktop/ros2_ws/install/holonomic_sim/share/holonomic_sim/models/HolonomicUrdf/model.config
[17.864s] -- Installing: /home/siyuen/Desktop/ros2_ws/install/holonomic_sim/share/holonomic_sim/models/HolonomicUrdf/model.xacro
[17.864s] -- Installing: /home/siyuen/Desktop/ros2_ws/install/holonomic_sim/share/holonomic_sim/models/field
[17.864s] -- Installing: /home/siyuen/Desktop/ros2_ws/install/holonomic_sim/share/holonomic_sim/models/field/model.sdf
[17.864s] -- Installing: /home/siyuen/Desktop/ros2_ws/install/holonomic_sim/share/holonomic_sim/models/field/model.config
[17.864s] -- Installing: /home/siyuen/Desktop/ros2_ws/install/holonomic_sim/share/holonomic_sim/models/field/meshes
[17.864s] -- Installing: /home/siyuen/Desktop/ros2_ws/install/holonomic_sim/share/holonomic_sim/models/field/meshes/field.dae
[17.864s] -- Installing: /home/siyuen/Desktop/ros2_ws/install/holonomic_sim/share/holonomic_sim/models/field/meshes/field.stl
[17.864s] -- Installing: /home/siyuen/Desktop/ros2_ws/install/holonomic_sim/share/holonomic_sim/models/worlds
[17.864s] -- Installing: /home/siyuen/Desktop/ros2_ws/install/holonomic_sim/share/holonomic_sim/models/worlds/holonomic_test.sdf
[17.865s] -- Installing: /home/siyuen/Desktop/ros2_ws/install/holonomic_sim/share/holonomic_sim/models/worlds/model.config
[17.865s] -- Installing: /home/siyuen/Desktop/ros2_ws/install/holonomic_sim/share/holonomic_sim/models/xacro
[17.865s] -- Installing: /home/siyuen/Desktop/ros2_ws/install/holonomic_sim/share/holonomic_sim/models/xacro/common.xacro
[17.865s] -- Installing: /home/siyuen/Desktop/ros2_ws/install/holonomic_sim/share/holonomic_sim/config
[17.865s] -- Installing: /home/siyuen/Desktop/ros2_ws/install/holonomic_sim/share/holonomic_sim/config/holonomic_test.yaml
[17.865s] -- Installing: /home/siyuen/Desktop/ros2_ws/install/holonomic_sim/share/holonomic_sim/config/holonomic_test.rviz
[17.865s] -- Installing: /home/siyuen/Desktop/ros2_ws/install/holonomic_sim/share/holonomic_sim/config/teleop.yaml
[17.865s] -- Installing: /home/siyuen/Desktop/ros2_ws/install/holonomic_sim/share/holonomic_sim/environment/holonomic_sim.dsv
[17.865s] -- Installing: /home/siyuen/Desktop/ros2_ws/install/holonomic_sim/include
[17.865s] -- Installing: /home/siyuen/Desktop/ros2_ws/install/holonomic_sim/include/holonomic_sim
[17.865s] -- Installing: /home/siyuen/Desktop/ros2_ws/install/holonomic_sim/include/holonomic_sim/robot_vel.hpp
[17.865s] -- Installing: /home/siyuen/Desktop/ros2_ws/install/holonomic_sim/include/holonomic_sim/visibility_control.h
[17.865s] -- Installing: /home/siyuen/Desktop/ros2_ws/install/holonomic_sim/share/holonomic_sim/environment/library_path.sh
[17.865s] -- Installing: /home/siyuen/Desktop/ros2_ws/install/holonomic_sim/share/holonomic_sim/environment/library_path.dsv
[17.865s] -- Installing: /home/siyuen/Desktop/ros2_ws/install/holonomic_sim/lib/librobot_vel.so
[17.867s] -- Set runtime path of "/home/siyuen/Desktop/ros2_ws/install/holonomic_sim/lib/librobot_vel.so" to ""
[17.867s] -- Installing: /home/siyuen/Desktop/ros2_ws/install/holonomic_sim/lib/holonomic_sim/ign_ros_node
[17.869s] -- Set runtime path of "/home/siyuen/Desktop/ros2_ws/install/holonomic_sim/lib/holonomic_sim/ign_ros_node" to ""
[17.869s] -- Installing: /home/siyuen/Desktop/ros2_ws/install/holonomic_sim/share/ament_index/resource_index/package_run_dependencies/holonomic_sim
[17.869s] -- Installing: /home/siyuen/Desktop/ros2_ws/install/holonomic_sim/share/ament_index/resource_index/parent_prefix_path/holonomic_sim
[17.870s] -- Installing: /home/siyuen/Desktop/ros2_ws/install/holonomic_sim/share/holonomic_sim/environment/ament_prefix_path.sh
[17.870s] -- Installing: /home/siyuen/Desktop/ros2_ws/install/holonomic_sim/share/holonomic_sim/environment/ament_prefix_path.dsv
[17.870s] -- Installing: /home/siyuen/Desktop/ros2_ws/install/holonomic_sim/share/holonomic_sim/environment/path.sh
[17.870s] -- Installing: /home/siyuen/Desktop/ros2_ws/install/holonomic_sim/share/holonomic_sim/environment/path.dsv
[17.870s] -- Installing: /home/siyuen/Desktop/ros2_ws/install/holonomic_sim/share/holonomic_sim/local_setup.bash
[17.870s] -- Installing: /home/siyuen/Desktop/ros2_ws/install/holonomic_sim/share/holonomic_sim/local_setup.sh
[17.870s] -- Installing: /home/siyuen/Desktop/ros2_ws/install/holonomic_sim/share/holonomic_sim/local_setup.zsh
[17.870s] -- Installing: /home/siyuen/Desktop/ros2_ws/install/holonomic_sim/share/holonomic_sim/local_setup.dsv
[17.870s] -- Installing: /home/siyuen/Desktop/ros2_ws/install/holonomic_sim/share/holonomic_sim/package.dsv
[17.870s] -- Installing: /home/siyuen/Desktop/ros2_ws/install/holonomic_sim/share/ament_index/resource_index/packages/holonomic_sim
[17.870s] -- Installing: /home/siyuen/Desktop/ros2_ws/install/holonomic_sim/share/ament_index/resource_index/rclcpp_components/holonomic_sim
[17.870s] -- Installing: /home/siyuen/Desktop/ros2_ws/install/holonomic_sim/share/holonomic_sim/cmake/ament_cmake_export_dependencies-extras.cmake
[17.870s] -- Installing: /home/siyuen/Desktop/ros2_ws/install/holonomic_sim/share/holonomic_sim/cmake/ament_cmake_export_include_directories-extras.cmake
[17.870s] -- Installing: /home/siyuen/Desktop/ros2_ws/install/holonomic_sim/share/holonomic_sim/cmake/ament_cmake_export_libraries-extras.cmake
[17.870s] -- Installing: /home/siyuen/Desktop/ros2_ws/install/holonomic_sim/share/holonomic_sim/cmake/holonomic_simConfig.cmake
[17.870s] -- Installing: /home/siyuen/Desktop/ros2_ws/install/holonomic_sim/share/holonomic_sim/cmake/holonomic_simConfig-version.cmake
[17.870s] -- Installing: /home/siyuen/Desktop/ros2_ws/install/holonomic_sim/share/holonomic_sim/package.xml
[17.872s] Invoked command in '/home/siyuen/Desktop/ros2_ws/build/holonomic_sim' returned '0': CMAKE_PREFIX_PATH=${CMAKE_PREFIX_PATH}:/home/siyuen/Desktop/ros2_ws/install/winterhack:/home/siyuen/Desktop/ros2_ws/install/robot_gazebo:/home/siyuen/Desktop/ros2_ws/install/landerpi_description:/opt/ros/humble VIRTUAL_ENV_PROMPT=(landerpi) /usr/bin/cmake --install /home/siyuen/Desktop/ros2_ws/build/holonomic_sim
