[0.000000] (-) TimerEvent: {}
[0.000087] (-) JobUnselected: {'identifier': 'costmap_converter'}
[0.000176] (-) JobUnselected: {'identifier': 'costmap_converter_msgs'}
[0.000254] (-) JobUnselected: {'identifier': 'holonomic_sim'}
[0.000283] (-) JobUnselected: {'identifier': 'landerpi_description'}
[0.000368] (-) JobUnselected: {'identifier': 'teb_local_planner'}
[0.000393] (-) JobUnselected: {'identifier': 'teb_msgs'}
[0.000416] (-) JobUnselected: {'identifier': 'trac_ik'}
[0.000454] (-) JobUnselected: {'identifier': 'trac_ik_kinematics_plugin'}
[0.000507] (-) JobUnselected: {'identifier': 'trac_ik_lib'}
[0.000532] (-) JobUnselected: {'identifier': 'winterhack'}
[0.000583] (-) JobUnselected: {'identifier': 'winterhack_interfaces'}
[0.000619] (robot_gazebo) JobQueued: {'identifier': 'robot_gazebo', 'dependencies': OrderedDict()}
[0.000678] (robot_gazebo) JobStarted: {'identifier': 'robot_gazebo'}
[0.099420] (-) TimerEvent: {}
[0.199600] (-) TimerEvent: {}
[0.299770] (-) TimerEvent: {}
[0.399956] (-) TimerEvent: {}
[0.407354] (robot_gazebo) Command: {'cmd': ['/usr/bin/python3', '-W', 'ignore:setup.py install is deprecated', '-W', 'ignore:easy_install command is deprecated', 'setup.py', 'develop', '--editable', '--build-directory', '/home/siyuen/Desktop/ros2_ws/build/robot_gazebo/build', '--no-deps', 'symlink_data', '--force'], 'cwd': '/home/siyuen/Desktop/ros2_ws/build/robot_gazebo', 'env': {'GJS_DEBUG_TOPICS': 'JS ERROR;JS LOG', 'LESSOPEN': '| /usr/bin/lesspipe %s', 'VSCODE_CWD': '/home/siyuen', 'VSCODE_ESM_ENTRYPOINT': 'vs/workbench/api/node/extensionHostProcess', 'LANGUAGE': 'zh_CN:en', 'USER': 'siyuen', 'LC_TIME': 'zh_CN.UTF-8', 'VSCODE_NLS_CONFIG': '{"userLocale":"zh-cn","osLocale":"zh-cn","resolvedLanguage":"en","defaultMessagesFile":"/tmp/.mount_CursoryptyN0/usr/share/cursor/resources/app/out/nls.messages.json","locale":"zh-cn","availableLanguages":{}}', 'VSCODE_HANDLES_UNCAUGHT_ERRORS': 'true', 'XDG_SESSION_TYPE': 'x11', 'MACHINE_TYPE': 'LanderPi_Mecanum', 'SHLVL': '1', 'LD_LIBRARY_PATH': '/opt/ros/humble/opt/rviz_ogre_vendor/lib:/opt/ros/humble/lib/x86_64-linux-gnu:/opt/ros/humble/lib:/tmp/.mount_CursoryptyN0/usr/lib/:/tmp/.mount_CursoryptyN0/usr/lib32/:/tmp/.mount_CursoryptyN0/usr/lib64/:/tmp/.mount_CursoryptyN0/lib/:/tmp/.mount_CursoryptyN0/lib/i386-linux-gnu/:/tmp/.mount_CursoryptyN0/lib/x86_64-linux-gnu/:/tmp/.mount_CursoryptyN0/lib/aarch64-linux-gnu/:/tmp/.mount_CursoryptyN0/lib32/:/tmp/.mount_CursoryptyN0/lib64/:', 'HOME': '/home/siyuen', 'CHROME_DESKTOP': 'cursor.desktop', 'APPDIR': '/tmp/.mount_CursoryptyN0', 'OLDPWD': '/home/siyuen/Desktop/ros2_ws', 'DESKTOP_SESSION': 'ubuntu', 'PERLLIB': '/tmp/.mount_CursoryptyN0/usr/share/perl5/:/tmp/.mount_CursoryptyN0/usr/lib/perl5/:', 'VSCODE_IPC_HOOK': '/run/user/1000/vscode-1b4dea62-2.1.-main.sock', 'ROS_PYTHON_VERSION': '3', 'GNOME_SHELL_SESSION_MODE': 'ubuntu', 'GTK_MODULES': 'gail:atk-bridge', 'PS1': '(landerpi) ${debian_chroot:+($debian_chroot)}\\u@\\h:\\w\\$', 'LC_MONETARY': 'zh_CN.UTF-8', 'MANAGERPID': '1728', 'SYSTEMD_EXEC_PID': '2049', 'NO_COLOR': '1', 'DBUS_SESSION_BUS_ADDRESS': 'unix:path=/run/user/1000/bus', 'VSCODE_CRASH_REPORTER_PROCESS_TYPE': 'extensionHost', 'VSCODE_L10N_BUNDLE_LOCATION': '', 'ROS_DISTRO': 'humble', 'GTK_IM_MODULE': 'fcitx', 'LOGNAME': 'siyuen', 'FORCE_COLOR': '0', 'OWD': '/home/siyuen', 'JOURNAL_STREAM': '8:14719', '_': '/usr/bin/colcon', 'ROS_VERSION': '2', 'XDG_SESSION_CLASS': 'user', 'USERNAME': 'siyuen', 'TERM': 'dumb', 'GNOME_DESKTOP_SESSION_ID': 'this-is-deprecated', 'ROS_LOCALHOST_ONLY': '0', 'COMPOSER_NO_INTERACTION': '1', 'WINDOWPATH': '2', 'PATH': '/home/siyuen/.venvs/landerpi/bin:/home/siyuen/.venvs/landerpi/bin:/opt/ros/humble/bin:/tmp/.mount_CursoryptyN0/usr/bin/:/tmp/.mount_CursoryptyN0/usr/sbin/:/tmp/.mount_CursoryptyN0/usr/games/:/tmp/.mount_CursoryptyN0/bin/:/tmp/.mount_CursoryptyN0/sbin/:/usr/local/sbin:/usr/local/bin:/usr/sbin:/usr/bin:/sbin:/bin:/usr/games:/usr/local/games:/snap/bin:/snap/bin', 'SESSION_MANAGER': 'local/siyuen-ASUS:@/tmp/.ICE-unix/2021,unix/siyuen-ASUS:/tmp/.ICE-unix/2021', 'INVOCATION_ID': '425e2064507a4e64828446a6a1c1b6b8', 'PAPERSIZE': 'a4', 'APPIMAGE': '/home/siyuen/Applications/Cursor.AppImage', 'XDG_MENU_PREFIX': 'gnome-', 'LC_ADDRESS': 'zh_CN.UTF-8', 'VSCODE_PROCESS_TITLE': 'extension-host  [1-1]', 'XDG_RUNTIME_DIR': '/run/user/1000', 'GDK_BACKEND': 'x11', 'CURSOR_AGENT': '1', 'DISPLAY': ':1', 'LANG': 'zh_CN.UTF-8', 'XDG_CURRENT_DESKTOP': 'Unity', 'LC_TELEPHONE': 'zh_CN.UTF-8', 'VIRTUAL_ENV_PROMPT': '(landerpi)', 'XMODIFIERS': '@im=fcitx', 'XDG_SESSION_DESKTOP': 'ubuntu', 'XAUTHORITY': '/run/user/1000/gdm/Xauthority', 'LS_COLORS': '', 'CURSOR_TRACE_ID': '0d05e0967c8d4b6ea51ddad37b4c8ca8', 'SSH_AGENT_LAUNCHER': 'gnome-keyring', 'SSH_AUTH_SOCK': '/run/user/1000/keyring/ssh', 'GSETTINGS_SCHEMA_DIR': '/tmp/.mount_CursoryptyN0/usr/share/glib-2.0/schemas/:', 'AMENT_PREFIX_PATH': '/opt/ros/humble', 'ORIGINAL_XDG_CURRENT_DESKTOP': 'ubuntu:GNOME', 'SHELL': '/bin/bash', 'LC_NAME': 'zh_CN.UTF-8', 'ARGV0': '/home/siyuen/Applications/Cursor.AppImage', 'QT_ACCESSIBILITY': '1', 'GDMSESSION': 'ubuntu', 'LESSCLOSE': '/usr/bin/lesspipe %s %s', 'LC_MEASUREMENT': 'zh_CN.UTF-8', 'GPG_AGENT_INFO': '/run/user/1000/gnupg/S.gpg-agent:0:1', 'GJS_DEBUG_OUTPUT': 'stderr', 'LC_IDENTIFICATION': 'zh_CN.UTF-8', 'VIRTUAL_ENV': '/home/siyuen/.venvs/landerpi', 'QT_IM_MODULE': 'fcitx', 'PWD': '/home/siyuen/Desktop/ros2_ws/build/robot_gazebo', 'LC_ALL': 'en_US.UTF-8', 'XDG_CONFIG_DIRS': '/etc/xdg/xdg-ubuntu:/etc/xdg', 'VSCODE_CODE_CACHE_PATH': '/home/siyuen/.config/Cursor/CachedData/60d42bed27e5775c43ec0428d8c653c49e58e260', 'XDG_DATA_DIRS': '/tmp/.mount_CursoryptyN0/usr/share/:/usr/local/share:/usr/share:/usr/share/ubuntu:/usr/share/gnome:/home/siyuen/.local/share/flatpak/exports/share:/var/lib/flatpak/exports/share:/usr/local/share/:/usr/share/:/var/lib/snapd/desktop', 'PYTHONPATH': '/home/siyuen/Desktop/ros2_ws/build/robot_gazebo/prefix_override:/usr/lib/python3/dist-packages/colcon_core/task/python/colcon_distutils_commands:/home/siyuen/Desktop/ros2_ws/install/robot_gazebo/lib/python3.10/site-packages:/opt/ros/humble/lib/python3.10/site-packages:/opt/ros/humble/local/lib/python3.10/dist-packages', 'LC_NUMERIC': 'zh_CN.UTF-8', 'LC_PAPER': 'zh_CN.UTF-8', 'QT_PLUGIN_PATH': '/tmp/.mount_CursoryptyN0/usr/lib/qt4/plugins/:/tmp/.mount_CursoryptyN0/usr/lib/i386-linux-gnu/qt4/plugins/:/tmp/.mount_CursoryptyN0/usr/lib/x86_64-linux-gnu/qt4/plugins/:/tmp/.mount_CursoryptyN0/usr/lib/aarch64-linux-gnu/qt4/plugins/:/tmp/.mount_CursoryptyN0/usr/lib32/qt4/plugins/:/tmp/.mount_CursoryptyN0/usr/lib64/qt4/plugins/:/tmp/.mount_CursoryptyN0/usr/lib/qt5/plugins/:/tmp/.mount_CursoryptyN0/usr/lib/i386-linux-gnu/qt5/plugins/:/tmp/.mount_CursoryptyN0/usr/lib/x86_64-linux-gnu/qt5/plugins/:/tmp/.mount_CursoryptyN0/usr/lib/aarch64-linux-gnu/qt5/plugins/:/tmp/.mount_CursoryptyN0/usr/lib32/qt5/plugins/:/tmp/.mount_CursoryptyN0/usr/lib64/qt5/plugins/:', 'COLCON': '1', '_ZO_DOCTOR': '0', 'ROS2_WS': '/home/siyuen/Desktop/ros2_ws', 'VSCODE_PID': '4145'}, 'shell': False}
[0.500069] (-) TimerEvent: {}
[0.578878] (robot_gazebo) StdoutLine: {'line': b'running develop\n'}
[0.600188] (-) TimerEvent: {}
[0.672372] (robot_gazebo) StdoutLine: {'line': b'running egg_info\n'}
[0.672631] (robot_gazebo) StdoutLine: {'line': b'writing robot_gazebo.egg-info/PKG-INFO\n'}
[0.672678] (robot_gazebo) StdoutLine: {'line': b'writing dependency_links to robot_gazebo.egg-info/dependency_links.txt\n'}
[0.672719] (robot_gazebo) StdoutLine: {'line': b'writing entry points to robot_gazebo.egg-info/entry_points.txt\n'}
[0.672756] (robot_gazebo) StdoutLine: {'line': b'writing requirements to robot_gazebo.egg-info/requires.txt\n'}
[0.672792] (robot_gazebo) StdoutLine: {'line': b'writing top-level names to robot_gazebo.egg-info/top_level.txt\n'}
[0.674111] (robot_gazebo) StdoutLine: {'line': b"reading manifest file 'robot_gazebo.egg-info/SOURCES.txt'\n"}
[0.675229] (robot_gazebo) StdoutLine: {'line': b"writing manifest file 'robot_gazebo.egg-info/SOURCES.txt'\n"}
[0.676062] (robot_gazebo) StdoutLine: {'line': b'running build_ext\n'}
[0.676158] (robot_gazebo) StdoutLine: {'line': b'Creating /home/siyuen/Desktop/ros2_ws/install/robot_gazebo/lib/python3.10/site-packages/robot-gazebo.egg-link (link to .)\n'}
[0.676658] (robot_gazebo) StdoutLine: {'line': b'Installing teleop_key_control script to /home/siyuen/Desktop/ros2_ws/install/robot_gazebo/lib/robot_gazebo\n'}
[0.676783] (robot_gazebo) StdoutLine: {'line': b'\n'}
[0.676824] (robot_gazebo) StdoutLine: {'line': b'Installed /home/siyuen/Desktop/ros2_ws/build/robot_gazebo\n'}
[0.676932] (robot_gazebo) StdoutLine: {'line': b'running symlink_data\n'}
[0.677087] (robot_gazebo) StdoutLine: {'line': b'symbolically linking /home/siyuen/Desktop/ros2_ws/build/robot_gazebo/resource/robot_gazebo -> /home/siyuen/Desktop/ros2_ws/install/robot_gazebo/share/ament_index/resource_index/packages\n'}
[0.677196] (robot_gazebo) StdoutLine: {'line': b'symbolically linking /home/siyuen/Desktop/ros2_ws/build/robot_gazebo/package.xml -> /home/siyuen/Desktop/ros2_ws/install/robot_gazebo/share/robot_gazebo\n'}
[0.677365] (robot_gazebo) StdoutLine: {'line': b'symbolically linking /home/siyuen/Desktop/ros2_ws/build/robot_gazebo/launch/navigation_exploration.launch.py -> /home/siyuen/Desktop/ros2_ws/install/robot_gazebo/share/robot_gazebo/launch\n'}
[0.677440] (robot_gazebo) StdoutLine: {'line': b'symbolically linking /home/siyuen/Desktop/ros2_ws/build/robot_gazebo/launch/room_worlds.launch.py -> /home/siyuen/Desktop/ros2_ws/install/robot_gazebo/share/robot_gazebo/launch\n'}
[0.677624] (robot_gazebo) StdoutLine: {'line': b'symbolically linking /home/siyuen/Desktop/ros2_ws/build/robot_gazebo/launch/worlds.launch.py -> /home/siyuen/Desktop/ros2_ws/install/robot_gazebo/share/robot_gazebo/launch\n'}
[0.677666] (robot_gazebo) StdoutLine: {'line': b'symbolically linking /home/siyuen/Desktop/ros2_ws/build/robot_gazebo/launch/navigation.launch.py -> /home/siyuen/Desktop/ros2_ws/install/robot_gazebo/share/robot_gazebo/launch\n'}
[0.677793] (robot_gazebo) StdoutLine: {'line': b'symbolically linking /home/siyuen/Desktop/ros2_ws/build/robot_gazebo/launch/spawn_objects.launch.py -> /home/siyuen/Desktop/ros2_ws/install/robot_gazebo/share/robot_gazebo/launch\n'}
[0.677893] (robot_gazebo) StdoutLine: {'line': b'symbolically linking /home/siyuen/Desktop/ros2_ws/build/robot_gazebo/launch/spawn_model.launch.py -> /home/siyuen/Desktop/ros2_ws/install/robot_gazebo/share/robot_gazebo/launch\n'}
[0.677936] (robot_gazebo) StdoutLine: {'line': b'symbolically linking /home/siyuen/Desktop/ros2_ws/build/robot_gazebo/launch/ros_ign_bridge.launch.py -> /home/siyuen/Desktop/ros2_ws/install/robot_gazebo/share/robot_gazebo/launch\n'}
[0.678033] (robot_gazebo) StdoutLine: {'line': b'symbolically linking /home/siyuen/Desktop/ros2_ws/build/robot_gazebo/launch/slam.launch.py -> /home/siyuen/Desktop/ros2_ws/install/robot_gazebo/share/robot_gazebo/launch\n'}
[0.678180] (robot_gazebo) StdoutLine: {'line': b'symbolically linking /home/siyuen/Desktop/ros2_ws/build/robot_gazebo/launch/localization.launch.py -> /home/siyuen/Desktop/ros2_ws/install/robot_gazebo/share/robot_gazebo/launch\n'}
[0.678298] (robot_gazebo) StdoutLine: {'line': b'symbolically linking /home/siyuen/Desktop/ros2_ws/build/robot_gazebo/urdf/camera.gazebo.xacro -> /home/siyuen/Desktop/ros2_ws/install/robot_gazebo/share/robot_gazebo/urdf\n'}
[0.678341] (robot_gazebo) StdoutLine: {'line': b'symbolically linking /home/siyuen/Desktop/ros2_ws/build/robot_gazebo/urdf/wheel_base.urdf.xacro -> /home/siyuen/Desktop/ros2_ws/install/robot_gazebo/share/robot_gazebo/urdf\n'}
[0.678415] (robot_gazebo) StdoutLine: {'line': b'symbolically linking /home/siyuen/Desktop/ros2_ws/build/robot_gazebo/urdf/jetrover.gazebo.xacro -> /home/siyuen/Desktop/ros2_ws/install/robot_gazebo/share/robot_gazebo/urdf\n'}
[0.678558] (robot_gazebo) StdoutLine: {'line': b'symbolically linking /home/siyuen/Desktop/ros2_ws/build/robot_gazebo/urdf/imu.gazebo.xacro -> /home/siyuen/Desktop/ros2_ws/install/robot_gazebo/share/robot_gazebo/urdf\n'}
[0.678625] (robot_gazebo) StdoutLine: {'line': b'symbolically linking /home/siyuen/Desktop/ros2_ws/build/robot_gazebo/urdf/robot.gazebo.xacro -> /home/siyuen/Desktop/ros2_ws/install/robot_gazebo/share/robot_gazebo/urdf\n'}
[0.678665] (robot_gazebo) StdoutLine: {'line': b'symbolically linking /home/siyuen/Desktop/ros2_ws/build/robot_gazebo/urdf/lidar.gazebo.xacro -> /home/siyuen/Desktop/ros2_ws/install/robot_gazebo/share/robot_gazebo/urdf\n'}
[0.678701] (robot_gazebo) StdoutLine: {'line': b'symbolically linking /home/siyuen/Desktop/ros2_ws/build/robot_gazebo/config/nav2_params_exploration.yaml -> /home/siyuen/Desktop/ros2_ws/install/robot_gazebo/share/robot_gazebo/config\n'}
[0.678768] (robot_gazebo) StdoutLine: {'line': b'symbolically linking /home/siyuen/Desktop/ros2_ws/build/robot_gazebo/config/slam.yaml -> /home/siyuen/Desktop/ros2_ws/install/robot_gazebo/share/robot_gazebo/config\n'}
[0.678806] (robot_gazebo) StdoutLine: {'line': b'symbolically linking /home/siyuen/Desktop/ros2_ws/build/robot_gazebo/config/localization.yaml -> /home/siyuen/Desktop/ros2_ws/install/robot_gazebo/share/robot_gazebo/config\n'}
[0.678875] (robot_gazebo) StdoutLine: {'line': b'symbolically linking /home/siyuen/Desktop/ros2_ws/build/robot_gazebo/config/robot_config.yaml -> /home/siyuen/Desktop/ros2_ws/install/robot_gazebo/share/robot_gazebo/config\n'}
[0.678941] (robot_gazebo) StdoutLine: {'line': b'symbolically linking /home/siyuen/Desktop/ros2_ws/build/robot_gazebo/worlds/winterhack_maze.sdf -> /home/siyuen/Desktop/ros2_ws/install/robot_gazebo/share/robot_gazebo/worlds\n'}
[0.678978] (robot_gazebo) StdoutLine: {'line': b'symbolically linking /home/siyuen/Desktop/ros2_ws/build/robot_gazebo/worlds/robocup_home.sdf -> /home/siyuen/Desktop/ros2_ws/install/robot_gazebo/share/robot_gazebo/worlds\n'}
[0.679014] (robot_gazebo) StdoutLine: {'line': b'symbolically linking /home/siyuen/Desktop/ros2_ws/build/robot_gazebo/rviz/slam_exploration.rviz -> /home/siyuen/Desktop/ros2_ws/install/robot_gazebo/share/robot_gazebo/rviz\n'}
[0.679052] (robot_gazebo) StdoutLine: {'line': b'symbolically linking /home/siyuen/Desktop/ros2_ws/build/robot_gazebo/rviz/nav_nav2.rviz -> /home/siyuen/Desktop/ros2_ws/install/robot_gazebo/share/robot_gazebo/rviz\n'}
[0.679091] (robot_gazebo) StdoutLine: {'line': b'symbolically linking /home/siyuen/Desktop/ros2_ws/build/robot_gazebo/rviz/slam.rviz -> /home/siyuen/Desktop/ros2_ws/install/robot_gazebo/share/robot_gazebo/rviz\n'}
[0.679197] (robot_gazebo) StdoutLine: {'line': b'symbolically linking /home/siyuen/Desktop/ros2_ws/build/robot_gazebo/maps/map_01.pgm -> /home/siyuen/Desktop/ros2_ws/install/robot_gazebo/share/robot_gazebo/maps\n'}
[0.679244] (robot_gazebo) StdoutLine: {'line': b'symbolically linking /home/siyuen/Desktop/ros2_ws/build/robot_gazebo/maps/map_01.yaml -> /home/siyuen/Desktop/ros2_ws/install/robot_gazebo/share/robot_gazebo/maps\n'}
[0.679286] (robot_gazebo) StdoutLine: {'line': b'symbolically linking /home/siyuen/Desktop/ros2_ws/build/robot_gazebo/meshes/table.dae -> /home/siyuen/Desktop/ros2_ws/install/robot_gazebo/share/robot_gazebo/meshes\n'}
[0.679327] (robot_gazebo) StdoutLine: {'line': b'symbolically linking /home/siyuen/Desktop/ros2_ws/build/robot_gazebo/meshes/chair.dae -> /home/siyuen/Desktop/ros2_ws/install/robot_gazebo/share/robot_gazebo/meshes\n'}
[0.679374] (robot_gazebo) StdoutLine: {'line': b'symbolically linking /home/siyuen/Desktop/ros2_ws/build/robot_gazebo/meshes/sofa.dae -> /home/siyuen/Desktop/ros2_ws/install/robot_gazebo/share/robot_gazebo/meshes\n'}
[0.679491] (robot_gazebo) StdoutLine: {'line': b'symbolically linking /home/siyuen/Desktop/ros2_ws/build/robot_gazebo/meshes/bed.dae -> /home/siyuen/Desktop/ros2_ws/install/robot_gazebo/share/robot_gazebo/meshes\n'}
[0.679526] (robot_gazebo) StdoutLine: {'line': b'symbolically linking /home/siyuen/Desktop/ros2_ws/build/robot_gazebo/meshes/bookshelft.dae -> /home/siyuen/Desktop/ros2_ws/install/robot_gazebo/share/robot_gazebo/meshes\n'}
[0.679560] (robot_gazebo) StdoutLine: {'line': b'symbolically linking /home/siyuen/Desktop/ros2_ws/build/robot_gazebo/meshes/bottle.stl -> /home/siyuen/Desktop/ros2_ws/install/robot_gazebo/share/robot_gazebo/meshes\n'}
[0.679677] (robot_gazebo) StdoutLine: {'line': b'symbolically linking /home/siyuen/Desktop/ros2_ws/build/robot_gazebo/meshes/cupboard.dae -> /home/siyuen/Desktop/ros2_ws/install/robot_gazebo/share/robot_gazebo/meshes\n'}
[0.679741] (robot_gazebo) StdoutLine: {'line': b'symbolically linking /home/siyuen/Desktop/ros2_ws/build/robot_gazebo/meshes/tea_table.dae -> /home/siyuen/Desktop/ros2_ws/install/robot_gazebo/share/robot_gazebo/meshes\n'}
[0.679773] (robot_gazebo) StdoutLine: {'line': b'symbolically linking /home/siyuen/Desktop/ros2_ws/build/robot_gazebo/meshes/bed/Carpet_Pattern_Squares_Multi.jpg -> /home/siyuen/Desktop/ros2_ws/install/robot_gazebo/share/robot_gazebo/meshes/bed\n'}
[0.679886] (robot_gazebo) StdoutLine: {'line': b'symbolically linking /home/siyuen/Desktop/ros2_ws/build/robot_gazebo/meshes/bed/Wood_Bamboo.jpg -> /home/siyuen/Desktop/ros2_ws/install/robot_gazebo/share/robot_gazebo/meshes/bed\n'}
[0.679918] (robot_gazebo) StdoutLine: {'line': b'symbolically linking /home/siyuen/Desktop/ros2_ws/build/robot_gazebo/meshes/bookshelft/Wood_Veneer_02.jpg -> /home/siyuen/Desktop/ros2_ws/install/robot_gazebo/share/robot_gazebo/meshes/bookshelft\n'}
[0.679950] (robot_gazebo) StdoutLine: {'line': b'symbolically linking /home/siyuen/Desktop/ros2_ws/build/robot_gazebo/meshes/chair/Wood_Cherry_Original.jpg -> /home/siyuen/Desktop/ros2_ws/install/robot_gazebo/share/robot_gazebo/meshes/chair\n'}
[0.679981] (robot_gazebo) StdoutLine: {'line': b'symbolically linking /home/siyuen/Desktop/ros2_ws/build/robot_gazebo/meshes/cupboard/Wood_Veneer_02.jpg -> /home/siyuen/Desktop/ros2_ws/install/robot_gazebo/share/robot_gazebo/meshes/cupboard\n'}
[0.680013] (robot_gazebo) StdoutLine: {'line': b'symbolically linking /home/siyuen/Desktop/ros2_ws/build/robot_gazebo/meshes/sofa/Carpet_Loop_Pattern.jpg -> /home/siyuen/Desktop/ros2_ws/install/robot_gazebo/share/robot_gazebo/meshes/sofa\n'}
[0.680044] (robot_gazebo) StdoutLine: {'line': b'symbolically linking /home/siyuen/Desktop/ros2_ws/build/robot_gazebo/meshes/tea_table/Wood_Cherry_Original.jpg -> /home/siyuen/Desktop/ros2_ws/install/robot_gazebo/share/robot_gazebo/meshes/table\n'}
[0.680125] (robot_gazebo) StdoutLine: {'line': b'symbolically linking /home/siyuen/Desktop/ros2_ws/build/robot_gazebo/meshes/tea_table/Wood_Cherry_Original.jpg -> /home/siyuen/Desktop/ros2_ws/install/robot_gazebo/share/robot_gazebo/meshes/tea_table\n'}
[0.680178] (robot_gazebo) StdoutLine: {'line': b'symbolically linking /home/siyuen/Desktop/ros2_ws/build/robot_gazebo/meshes/wpr1/fingertip.dae -> /home/siyuen/Desktop/ros2_ws/install/robot_gazebo/share/robot_gazebo/meshes/wpr1\n'}
[0.680226] (robot_gazebo) StdoutLine: {'line': b'symbolically linking /home/siyuen/Desktop/ros2_ws/build/robot_gazebo/meshes/wpr1/finger.dae -> /home/siyuen/Desktop/ros2_ws/install/robot_gazebo/share/robot_gazebo/meshes/wpr1\n'}
[0.680273] (robot_gazebo) StdoutLine: {'line': b'symbolically linking /home/siyuen/Desktop/ros2_ws/build/robot_gazebo/meshes/wpr1/upperarm.dae -> /home/siyuen/Desktop/ros2_ws/install/robot_gazebo/share/robot_gazebo/meshes/wpr1\n'}
[0.680320] (robot_gazebo) StdoutLine: {'line': b'symbolically linking /home/siyuen/Desktop/ros2_ws/build/robot_gazebo/meshes/wpr1/forearm.dae -> /home/siyuen/Desktop/ros2_ws/install/robot_gazebo/share/robot_gazebo/meshes/wpr1\n'}
[0.680367] (robot_gazebo) StdoutLine: {'line': b'symbolically linking /home/siyuen/Desktop/ros2_ws/build/robot_gazebo/meshes/wpr1/base.dae -> /home/siyuen/Desktop/ros2_ws/install/robot_gazebo/share/robot_gazebo/meshes/wpr1\n'}
[0.680409] (robot_gazebo) StdoutLine: {'line': b'symbolically linking /home/siyuen/Desktop/ros2_ws/build/robot_gazebo/meshes/wpr1/palm.dae -> /home/siyuen/Desktop/ros2_ws/install/robot_gazebo/share/robot_gazebo/meshes/wpr1\n'}
[0.680438] (robot_gazebo) StdoutLine: {'line': b'symbolically linking /home/siyuen/Desktop/ros2_ws/build/robot_gazebo/meshes/wpr1/torso.dae -> /home/siyuen/Desktop/ros2_ws/install/robot_gazebo/share/robot_gazebo/meshes/wpr1\n'}
[0.680466] (robot_gazebo) StdoutLine: {'line': b'symbolically linking /home/siyuen/Desktop/ros2_ws/build/robot_gazebo/models/bookshelft.model -> /home/siyuen/Desktop/ros2_ws/install/robot_gazebo/share/robot_gazebo/models\n'}
[0.680497] (robot_gazebo) StdoutLine: {'line': b'symbolically linking /home/siyuen/Desktop/ros2_ws/build/robot_gazebo/models/bed.model -> /home/siyuen/Desktop/ros2_ws/install/robot_gazebo/share/robot_gazebo/models\n'}
[0.680526] (robot_gazebo) StdoutLine: {'line': b'symbolically linking /home/siyuen/Desktop/ros2_ws/build/robot_gazebo/models/sofa.model -> /home/siyuen/Desktop/ros2_ws/install/robot_gazebo/share/robot_gazebo/models\n'}
[0.680554] (robot_gazebo) StdoutLine: {'line': b'symbolically linking /home/siyuen/Desktop/ros2_ws/build/robot_gazebo/models/tea_table.model -> /home/siyuen/Desktop/ros2_ws/install/robot_gazebo/share/robot_gazebo/models\n'}
[0.680584] (robot_gazebo) StdoutLine: {'line': b'symbolically linking /home/siyuen/Desktop/ros2_ws/build/robot_gazebo/models/kai_standing.model -> /home/siyuen/Desktop/ros2_ws/install/robot_gazebo/share/robot_gazebo/models\n'}
[0.680612] (robot_gazebo) StdoutLine: {'line': b'symbolically linking /home/siyuen/Desktop/ros2_ws/build/robot_gazebo/models/bottles/red_bottle.model -> /home/siyuen/Desktop/ros2_ws/install/robot_gazebo/share/robot_gazebo/models/bottles\n'}
[0.680639] (robot_gazebo) StdoutLine: {'line': b'symbolically linking /home/siyuen/Desktop/ros2_ws/build/robot_gazebo/models/bottles/green_bottle.model -> /home/siyuen/Desktop/ros2_ws/install/robot_gazebo/share/robot_gazebo/models/bottles\n'}
[0.680667] (robot_gazebo) StdoutLine: {'line': b'symbolically linking /home/siyuen/Desktop/ros2_ws/build/robot_gazebo/models/cupboard/cupboard_0.model -> /home/siyuen/Desktop/ros2_ws/install/robot_gazebo/share/robot_gazebo/models/cupboard\n'}
[0.680696] (robot_gazebo) StdoutLine: {'line': b'symbolically linking /home/siyuen/Desktop/ros2_ws/build/robot_gazebo/models/cupboard/cupboard_1.model -> /home/siyuen/Desktop/ros2_ws/install/robot_gazebo/share/robot_gazebo/models/cupboard\n'}
[0.680723] (robot_gazebo) StdoutLine: {'line': b'symbolically linking /home/siyuen/Desktop/ros2_ws/build/robot_gazebo/models/table/dinning_table_1.model -> /home/siyuen/Desktop/ros2_ws/install/robot_gazebo/share/robot_gazebo/models/table\n'}
[0.680751] (robot_gazebo) StdoutLine: {'line': b'symbolically linking /home/siyuen/Desktop/ros2_ws/build/robot_gazebo/models/table/dinning_table_3.model -> /home/siyuen/Desktop/ros2_ws/install/robot_gazebo/share/robot_gazebo/models/table\n'}
[0.680779] (robot_gazebo) StdoutLine: {'line': b'symbolically linking /home/siyuen/Desktop/ros2_ws/build/robot_gazebo/models/table/dinning_table_2.model -> /home/siyuen/Desktop/ros2_ws/install/robot_gazebo/share/robot_gazebo/models/table\n'}
[0.680806] (robot_gazebo) StdoutLine: {'line': b'symbolically linking /home/siyuen/Desktop/ros2_ws/build/robot_gazebo/models/table/kitchen_table.model -> /home/siyuen/Desktop/ros2_ws/install/robot_gazebo/share/robot_gazebo/models/table\n'}
[0.680834] (robot_gazebo) StdoutLine: {'line': b'symbolically linking /home/siyuen/Desktop/ros2_ws/build/robot_gazebo/models/table/dinning_table_0.model -> /home/siyuen/Desktop/ros2_ws/install/robot_gazebo/share/robot_gazebo/models/table\n'}
[0.680862] (robot_gazebo) StdoutLine: {'line': b'symbolically linking /home/siyuen/Desktop/ros2_ws/build/robot_gazebo/models/chair/chair_2.model -> /home/siyuen/Desktop/ros2_ws/install/robot_gazebo/share/robot_gazebo/models/chair\n'}
[0.680892] (robot_gazebo) StdoutLine: {'line': b'symbolically linking /home/siyuen/Desktop/ros2_ws/build/robot_gazebo/models/chair/chair_0.model -> /home/siyuen/Desktop/ros2_ws/install/robot_gazebo/share/robot_gazebo/models/chair\n'}
[0.680919] (robot_gazebo) StdoutLine: {'line': b'symbolically linking /home/siyuen/Desktop/ros2_ws/build/robot_gazebo/models/chair/chair_1.model -> /home/siyuen/Desktop/ros2_ws/install/robot_gazebo/share/robot_gazebo/models/chair\n'}
[0.680947] (robot_gazebo) StdoutLine: {'line': b'symbolically linking /home/siyuen/Desktop/ros2_ws/build/robot_gazebo/models/chair/chair_3.model -> /home/siyuen/Desktop/ros2_ws/install/robot_gazebo/share/robot_gazebo/models/chair\n'}
[0.698579] (robot_gazebo) CommandEnded: {'returncode': 0}
[0.700271] (-) TimerEvent: {}
[0.706659] (robot_gazebo) JobEnded: {'identifier': 'robot_gazebo', 'rc': 0}
[0.707067] (-) EventReactorShutdown: {}
