[0.668s] Invoking command in '/home/siyuen/Desktop/ros2_ws/build/winterhack': AMENT_PREFIX_PATH=/home/siyuen/Desktop/ros2_ws/install/landerpi_description:/home/siyuen/Desktop/ros2_ws/install/winterhack:/home/siyuen/Desktop/ros2_ws/install/winterhack_interfaces:/home/siyuen/Desktop/ros2_ws/install/trac_ik:/home/siyuen/Desktop/ros2_ws/install/trac_ik_kinematics_plugin:/home/siyuen/Desktop/ros2_ws/install/trac_ik_lib:/home/siyuen/Desktop/ros2_ws/install/teb_local_planner:/home/siyuen/Desktop/ros2_ws/install/teb_msgs:/home/siyuen/Desktop/ros2_ws/install/robot_gazebo:/home/siyuen/Desktop/ros2_ws/install/holonomic_sim:/home/siyuen/Desktop/ros2_ws/install/costmap_converter:/home/siyuen/Desktop/ros2_ws/install/costmap_converter_msgs:/opt/ros/humble LD_LIBRARY_PATH=/home/siyuen/Desktop/ros2_ws/install/winterhack_interfaces/lib:/home/siyuen/Desktop/ros2_ws/install/trac_ik_kinematics_plugin/lib:/home/siyuen/Desktop/ros2_ws/install/trac_ik_lib/lib:/home/siyuen/Desktop/ros2_ws/install/teb_local_planner/lib:/home/siyuen/Desktop/ros2_ws/install/teb_msgs/lib:/home/siyuen/Desktop/ros2_ws/install/holonomic_sim/lib:/home/siyuen/Desktop/ros2_ws/install/costmap_converter/lib:/home/siyuen/Desktop/ros2_ws/install/costmap_converter_msgs/lib:/opt/ros/humble/opt/rviz_ogre_vendor/lib:/opt/ros/humble/lib/x86_64-linux-gnu:/opt/ros/humble/lib:/tmp/.mount_Cursor6w0sxX/usr/lib/:/tmp/.mount_Cursor6w0sxX/usr/lib32/:/tmp/.mount_Cursor6w0sxX/usr/lib64/:/tmp/.mount_Cursor6w0sxX/lib/:/tmp/.mount_Cursor6w0sxX/lib/i386-linux-gnu/:/tmp/.mount_Cursor6w0sxX/lib/x86_64-linux-gnu/:/tmp/.mount_Cursor6w0sxX/lib/aarch64-linux-gnu/:/tmp/.mount_Cursor6w0sxX/lib32/:/tmp/.mount_Cursor6w0sxX/lib64/ PYTHONPATH=/home/siyuen/Desktop/ros2_ws/build/winterhack/prefix_override:/usr/lib/python3/dist-packages/colcon_core/task/python/colcon_distutils_commands:/home/siyuen/Desktop/ros2_ws/install/winterhack/lib/python3.10/site-packages:/home/siyuen/Desktop/ros2_ws/install/winterhack_interfaces/lib/python3.10/site-packages:/home/siyuen/Desktop/ros2_ws/install/landerpi_description/lib/python3.10/site-packages:/home/siyuen/Desktop/ros2_ws/install/winterhack/lib/python3.10/site-packages:/home/siyuen/Desktop/ros2_ws/install/teb_msgs/lib/python3.10/site-packages:/home/siyuen/Desktop/ros2_ws/build/robot_gazebo:/home/siyuen/Desktop/ros2_ws/install/robot_gazebo/lib/python3.10/site-packages:/home/siyuen/Desktop/ros2_ws/install/costmap_converter_msgs/lib/python3.10/site-packages:/opt/ros/humble/lib/python3.10/site-packages:/opt/ros/humble/local/lib/python3.10/dist-packages VIRTUAL_ENV_PROMPT=(landerpi) /usr/bin/python3 -W ignore:setup.py install is deprecated -W ignore:easy_install command is deprecated setup.py develop --editable --build-directory /home/siyuen/Desktop/ros2_ws/build/winterhack/build --no-deps symlink_data --force
[0.845s] running develop
[0.943s] running egg_info
[0.943s] writing winterhack.egg-info/PKG-INFO
[0.943s] writing dependency_links to winterhack.egg-info/dependency_links.txt
[0.943s] writing entry points to winterhack.egg-info/entry_points.txt
[0.944s] writing requirements to winterhack.egg-info/requires.txt
[0.944s] writing top-level names to winterhack.egg-info/top_level.txt
[0.945s] reading manifest file 'winterhack.egg-info/SOURCES.txt'
[0.946s] writing manifest file 'winterhack.egg-info/SOURCES.txt'
[0.947s] running build_ext
[0.947s] Creating /home/siyuen/Desktop/ros2_ws/install/winterhack/lib/python3.10/site-packages/winterhack.egg-link (link to .)
[0.947s] Installing detect script to /home/siyuen/Desktop/ros2_ws/install/winterhack/lib/winterhack
[0.947s] Installing drop script to /home/siyuen/Desktop/ros2_ws/install/winterhack/lib/winterhack
[0.947s] Installing locate script to /home/siyuen/Desktop/ros2_ws/install/winterhack/lib/winterhack
[0.947s] Installing mission_runner script to /home/siyuen/Desktop/ros2_ws/install/winterhack/lib/winterhack
[0.948s] Installing pick script to /home/siyuen/Desktop/ros2_ws/install/winterhack/lib/winterhack
[0.948s] 
[0.948s] Installed /home/siyuen/Desktop/ros2_ws/build/winterhack
[0.948s] running symlink_data
[0.948s] symbolically linking /home/siyuen/Desktop/ros2_ws/build/winterhack/resource/winterhack -> /home/siyuen/Desktop/ros2_ws/install/winterhack/share/ament_index/resource_index/packages
[0.948s] symbolically linking /home/siyuen/Desktop/ros2_ws/build/winterhack/package.xml -> /home/siyuen/Desktop/ros2_ws/install/winterhack/share/winterhack
[0.948s] symbolically linking /home/siyuen/Desktop/ros2_ws/build/winterhack/.setup_assistant -> /home/siyuen/Desktop/ros2_ws/install/winterhack/share/winterhack
[0.948s] symbolically linking /home/siyuen/Desktop/ros2_ws/build/winterhack/launch/navigation.launch.py -> /home/siyuen/Desktop/ros2_ws/install/winterhack/share/winterhack/launch
[0.948s] symbolically linking /home/siyuen/Desktop/ros2_ws/build/winterhack/launch/moveit.launch.py -> /home/siyuen/Desktop/ros2_ws/install/winterhack/share/winterhack/launch
[0.948s] symbolically linking /home/siyuen/Desktop/ros2_ws/build/winterhack/launch/slam.launch.py -> /home/siyuen/Desktop/ros2_ws/install/winterhack/share/winterhack/launch
[0.948s] symbolically linking /home/siyuen/Desktop/ros2_ws/build/winterhack/launch/winterhack.launch.py -> /home/siyuen/Desktop/ros2_ws/install/winterhack/share/winterhack/launch
[0.948s] symbolically linking /home/siyuen/Desktop/ros2_ws/build/winterhack/launch/localization.launch.py -> /home/siyuen/Desktop/ros2_ws/install/winterhack/share/winterhack/launch
[0.948s] symbolically linking /home/siyuen/Desktop/ros2_ws/build/winterhack/config/pilz_cartesian_limits.yaml -> /home/siyuen/Desktop/ros2_ws/install/winterhack/share/winterhack/config
[0.948s] symbolically linking /home/siyuen/Desktop/ros2_ws/build/winterhack/config/initial_positions.yaml -> /home/siyuen/Desktop/ros2_ws/install/winterhack/share/winterhack/config
[0.948s] symbolically linking /home/siyuen/Desktop/ros2_ws/build/winterhack/config/rosmentor.ros2_control.xacro -> /home/siyuen/Desktop/ros2_ws/install/winterhack/share/winterhack/config
[0.948s] symbolically linking /home/siyuen/Desktop/ros2_ws/build/winterhack/config/nav2_params_exploration.yaml -> /home/siyuen/Desktop/ros2_ws/install/winterhack/share/winterhack/config
[0.948s] symbolically linking /home/siyuen/Desktop/ros2_ws/build/winterhack/config/sensors_3d.yaml -> /home/siyuen/Desktop/ros2_ws/install/winterhack/share/winterhack/config
[0.948s] symbolically linking /home/siyuen/Desktop/ros2_ws/build/winterhack/config/slam.yaml -> /home/siyuen/Desktop/ros2_ws/install/winterhack/share/winterhack/config
[0.948s] symbolically linking /home/siyuen/Desktop/ros2_ws/build/winterhack/config/rosmentor.srdf -> /home/siyuen/Desktop/ros2_ws/install/winterhack/share/winterhack/config
[0.948s] symbolically linking /home/siyuen/Desktop/ros2_ws/build/winterhack/config/ros2_controllers.yaml -> /home/siyuen/Desktop/ros2_ws/install/winterhack/share/winterhack/config
[0.949s] symbolically linking /home/siyuen/Desktop/ros2_ws/build/winterhack/config/joint_limits.yaml -> /home/siyuen/Desktop/ros2_ws/install/winterhack/share/winterhack/config
[0.949s] symbolically linking /home/siyuen/Desktop/ros2_ws/build/winterhack/config/rosmentor.urdf.xacro -> /home/siyuen/Desktop/ros2_ws/install/winterhack/share/winterhack/config
[0.949s] symbolically linking /home/siyuen/Desktop/ros2_ws/build/winterhack/config/rosmentor.urdf -> /home/siyuen/Desktop/ros2_ws/install/winterhack/share/winterhack/config
[0.949s] symbolically linking /home/siyuen/Desktop/ros2_ws/build/winterhack/config/colors.yaml -> /home/siyuen/Desktop/ros2_ws/install/winterhack/share/winterhack/config
[0.949s] symbolically linking /home/siyuen/Desktop/ros2_ws/build/winterhack/config/moveit_controllers.yaml -> /home/siyuen/Desktop/ros2_ws/install/winterhack/share/winterhack/config
[0.949s] symbolically linking /home/siyuen/Desktop/ros2_ws/build/winterhack/config/kinematics.yaml -> /home/siyuen/Desktop/ros2_ws/install/winterhack/share/winterhack/config
[0.949s] symbolically linking /home/siyuen/Desktop/ros2_ws/build/winterhack/rviz/moveit.rviz -> /home/siyuen/Desktop/ros2_ws/install/winterhack/share/winterhack/rviz
[0.949s] symbolically linking /home/siyuen/Desktop/ros2_ws/build/winterhack/rviz/nav_nav2.rviz -> /home/siyuen/Desktop/ros2_ws/install/winterhack/share/winterhack/rviz
[0.949s] symbolically linking /home/siyuen/Desktop/ros2_ws/build/winterhack/rviz/nav_moveit.rviz -> /home/siyuen/Desktop/ros2_ws/install/winterhack/share/winterhack/rviz
[0.949s] symbolically linking /home/siyuen/Desktop/ros2_ws/build/winterhack/urdf/robot.gazebo.xacro -> /home/siyuen/Desktop/ros2_ws/install/winterhack/share/winterhack/urdf
[0.949s] symbolically linking /home/siyuen/Desktop/ros2_ws/build/winterhack/maps/map_01.pgm -> /home/siyuen/Desktop/ros2_ws/install/winterhack/share/winterhack/maps
[0.949s] symbolically linking /home/siyuen/Desktop/ros2_ws/build/winterhack/maps/map_01.yaml -> /home/siyuen/Desktop/ros2_ws/install/winterhack/share/winterhack/maps
[0.967s] Invoked command in '/home/siyuen/Desktop/ros2_ws/build/winterhack' returned '0': AMENT_PREFIX_PATH=/home/siyuen/Desktop/ros2_ws/install/landerpi_description:/home/siyuen/Desktop/ros2_ws/install/winterhack:/home/siyuen/Desktop/ros2_ws/install/winterhack_interfaces:/home/siyuen/Desktop/ros2_ws/install/trac_ik:/home/siyuen/Desktop/ros2_ws/install/trac_ik_kinematics_plugin:/home/siyuen/Desktop/ros2_ws/install/trac_ik_lib:/home/siyuen/Desktop/ros2_ws/install/teb_local_planner:/home/siyuen/Desktop/ros2_ws/install/teb_msgs:/home/siyuen/Desktop/ros2_ws/install/robot_gazebo:/home/siyuen/Desktop/ros2_ws/install/holonomic_sim:/home/siyuen/Desktop/ros2_ws/install/costmap_converter:/home/siyuen/Desktop/ros2_ws/install/costmap_converter_msgs:/opt/ros/humble LD_LIBRARY_PATH=/home/siyuen/Desktop/ros2_ws/install/winterhack_interfaces/lib:/home/siyuen/Desktop/ros2_ws/install/trac_ik_kinematics_plugin/lib:/home/siyuen/Desktop/ros2_ws/install/trac_ik_lib/lib:/home/siyuen/Desktop/ros2_ws/install/teb_local_planner/lib:/home/siyuen/Desktop/ros2_ws/install/teb_msgs/lib:/home/siyuen/Desktop/ros2_ws/install/holonomic_sim/lib:/home/siyuen/Desktop/ros2_ws/install/costmap_converter/lib:/home/siyuen/Desktop/ros2_ws/install/costmap_converter_msgs/lib:/opt/ros/humble/opt/rviz_ogre_vendor/lib:/opt/ros/humble/lib/x86_64-linux-gnu:/opt/ros/humble/lib:/tmp/.mount_Cursor6w0sxX/usr/lib/:/tmp/.mount_Cursor6w0sxX/usr/lib32/:/tmp/.mount_Cursor6w0sxX/usr/lib64/:/tmp/.mount_Cursor6w0sxX/lib/:/tmp/.mount_Cursor6w0sxX/lib/i386-linux-gnu/:/tmp/.mount_Cursor6w0sxX/lib/x86_64-linux-gnu/:/tmp/.mount_Cursor6w0sxX/lib/aarch64-linux-gnu/:/tmp/.mount_Cursor6w0sxX/lib32/:/tmp/.mount_Cursor6w0sxX/lib64/ PYTHONPATH=/home/siyuen/Desktop/ros2_ws/build/winterhack/prefix_override:/usr/lib/python3/dist-packages/colcon_core/task/python/colcon_distutils_commands:/home/siyuen/Desktop/ros2_ws/install/winterhack/lib/python3.10/site-packages:/home/siyuen/Desktop/ros2_ws/install/winterhack_interfaces/lib/python3.10/site-packages:/home/siyuen/Desktop/ros2_ws/install/landerpi_description/lib/python3.10/site-packages:/home/siyuen/Desktop/ros2_ws/install/winterhack/lib/python3.10/site-packages:/home/siyuen/Desktop/ros2_ws/install/teb_msgs/lib/python3.10/site-packages:/home/siyuen/Desktop/ros2_ws/build/robot_gazebo:/home/siyuen/Desktop/ros2_ws/install/robot_gazebo/lib/python3.10/site-packages:/home/siyuen/Desktop/ros2_ws/install/costmap_converter_msgs/lib/python3.10/site-packages:/opt/ros/humble/lib/python3.10/site-packages:/opt/ros/humble/local/lib/python3.10/dist-packages VIRTUAL_ENV_PROMPT=(landerpi) /usr/bin/python3 -W ignore:setup.py install is deprecated -W ignore:easy_install command is deprecated setup.py develop --editable --build-directory /home/siyuen/Desktop/ros2_ws/build/winterhack/build --no-deps symlink_data --force
