running develop
running egg_info
writing winterhack.egg-info/PKG-INFO
writing dependency_links to winterhack.egg-info/dependency_links.txt
writing entry points to winterhack.egg-info/entry_points.txt
writing requirements to winterhack.egg-info/requires.txt
writing top-level names to winterhack.egg-info/top_level.txt
reading manifest file 'winterhack.egg-info/SOURCES.txt'
writing manifest file 'winterhack.egg-info/SOURCES.txt'
running build_ext
Creating /home/siyuen/Desktop/ros2_ws/install/winterhack/lib/python3.10/site-packages/winterhack.egg-link (link to .)
Installing detect script to /home/siyuen/Desktop/ros2_ws/install/winterhack/lib/winterhack
Installing drop script to /home/siyuen/Desktop/ros2_ws/install/winterhack/lib/winterhack
Installing locate script to /home/siyuen/Desktop/ros2_ws/install/winterhack/lib/winterhack
Installing mission_runner script to /home/siyuen/Desktop/ros2_ws/install/winterhack/lib/winterhack
Installing pick script to /home/siyuen/Desktop/ros2_ws/install/winterhack/lib/winterhack

Installed /home/siyuen/Desktop/ros2_ws/build/winterhack
running symlink_data
symbolically linking /home/siyuen/Desktop/ros2_ws/build/winterhack/resource/winterhack -> /home/siyuen/Desktop/ros2_ws/install/winterhack/share/ament_index/resource_index/packages
symbolically linking /home/siyuen/Desktop/ros2_ws/build/winterhack/package.xml -> /home/siyuen/Desktop/ros2_ws/install/winterhack/share/winterhack
symbolically linking /home/siyuen/Desktop/ros2_ws/build/winterhack/.setup_assistant -> /home/siyuen/Desktop/ros2_ws/install/winterhack/share/winterhack
symbolically linking /home/siyuen/Desktop/ros2_ws/build/winterhack/launch/navigation.launch.py -> /home/siyuen/Desktop/ros2_ws/install/winterhack/share/winterhack/launch
symbolically linking /home/siyuen/Desktop/ros2_ws/build/winterhack/launch/moveit.launch.py -> /home/siyuen/Desktop/ros2_ws/install/winterhack/share/winterhack/launch
symbolically linking /home/siyuen/Desktop/ros2_ws/build/winterhack/launch/slam.launch.py -> /home/siyuen/Desktop/ros2_ws/install/winterhack/share/winterhack/launch
symbolically linking /home/siyuen/Desktop/ros2_ws/build/winterhack/launch/winterhack.launch.py -> /home/siyuen/Desktop/ros2_ws/install/winterhack/share/winterhack/launch
symbolically linking /home/siyuen/Desktop/ros2_ws/build/winterhack/launch/localization.launch.py -> /home/siyuen/Desktop/ros2_ws/install/winterhack/share/winterhack/launch
symbolically linking /home/siyuen/Desktop/ros2_ws/build/winterhack/config/pilz_cartesian_limits.yaml -> /home/siyuen/Desktop/ros2_ws/install/winterhack/share/winterhack/config
symbolically linking /home/siyuen/Desktop/ros2_ws/build/winterhack/config/initial_positions.yaml -> /home/siyuen/Desktop/ros2_ws/install/winterhack/share/winterhack/config
symbolically linking /home/siyuen/Desktop/ros2_ws/build/winterhack/config/rosmentor.ros2_control.xacro -> /home/siyuen/Desktop/ros2_ws/install/winterhack/share/winterhack/config
symbolically linking /home/siyuen/Desktop/ros2_ws/build/winterhack/config/nav2_params_exploration.yaml -> /home/siyuen/Desktop/ros2_ws/install/winterhack/share/winterhack/config
symbolically linking /home/siyuen/Desktop/ros2_ws/build/winterhack/config/sensors_3d.yaml -> /home/siyuen/Desktop/ros2_ws/install/winterhack/share/winterhack/config
symbolically linking /home/siyuen/Desktop/ros2_ws/build/winterhack/config/slam.yaml -> /home/siyuen/Desktop/ros2_ws/install/winterhack/share/winterhack/config
symbolically linking /home/siyuen/Desktop/ros2_ws/build/winterhack/config/rosmentor.srdf -> /home/siyuen/Desktop/ros2_ws/install/winterhack/share/winterhack/config
symbolically linking /home/siyuen/Desktop/ros2_ws/build/winterhack/config/ros2_controllers.yaml -> /home/siyuen/Desktop/ros2_ws/install/winterhack/share/winterhack/config
symbolically linking /home/siyuen/Desktop/ros2_ws/build/winterhack/config/joint_limits.yaml -> /home/siyuen/Desktop/ros2_ws/install/winterhack/share/winterhack/config
symbolically linking /home/siyuen/Desktop/ros2_ws/build/winterhack/config/rosmentor.urdf.xacro -> /home/siyuen/Desktop/ros2_ws/install/winterhack/share/winterhack/config
symbolically linking /home/siyuen/Desktop/ros2_ws/build/winterhack/config/rosmentor.urdf -> /home/siyuen/Desktop/ros2_ws/install/winterhack/share/winterhack/config
symbolically linking /home/siyuen/Desktop/ros2_ws/build/winterhack/config/colors.yaml -> /home/siyuen/Desktop/ros2_ws/install/winterhack/share/winterhack/config
symbolically linking /home/siyuen/Desktop/ros2_ws/build/winterhack/config/moveit_controllers.yaml -> /home/siyuen/Desktop/ros2_ws/install/winterhack/share/winterhack/config
symbolically linking /home/siyuen/Desktop/ros2_ws/build/winterhack/config/kinematics.yaml -> /home/siyuen/Desktop/ros2_ws/install/winterhack/share/winterhack/config
symbolically linking /home/siyuen/Desktop/ros2_ws/build/winterhack/rviz/moveit.rviz -> /home/siyuen/Desktop/ros2_ws/install/winterhack/share/winterhack/rviz
symbolically linking /home/siyuen/Desktop/ros2_ws/build/winterhack/rviz/nav_nav2.rviz -> /home/siyuen/Desktop/ros2_ws/install/winterhack/share/winterhack/rviz
symbolically linking /home/siyuen/Desktop/ros2_ws/build/winterhack/rviz/nav_moveit.rviz -> /home/siyuen/Desktop/ros2_ws/install/winterhack/share/winterhack/rviz
symbolically linking /home/siyuen/Desktop/ros2_ws/build/winterhack/urdf/robot.gazebo.xacro -> /home/siyuen/Desktop/ros2_ws/install/winterhack/share/winterhack/urdf
symbolically linking /home/siyuen/Desktop/ros2_ws/build/winterhack/maps/map_01.pgm -> /home/siyuen/Desktop/ros2_ws/install/winterhack/share/winterhack/maps
symbolically linking /home/siyuen/Desktop/ros2_ws/build/winterhack/maps/map_01.yaml -> /home/siyuen/Desktop/ros2_ws/install/winterhack/share/winterhack/maps
